Using pre-set license
Built from '2022.3/staging' branch; Version is '2022.3.23f1 (dbb3f7c5b5c6) revision 14398455'; Using compiler version '192829333'; Build Type 'Release'
OS: 'Windows 10  (10.0.19045) 64bit Core' Language: 'en' Physical Memory: 16223 MB
BatchMode: 1, IsHumanControllingUs: 0, StartBugReporterOnCrash: 0, Is64bit: 1, IsPro: 1

COMMAND LINE ARGUMENTS:
D:\Unity\2022.3.23f1\Editor\Unity.exe
-adb2
-batchMode
-noUpm
-name
AssetImportWorker0
-projectPath
D:/Repo/Unity 2D/GreatGame/GreatGame
-logFile
Logs/AssetImportWorker0.log
-srvPort
61002
Successfully changed project path to: D:/Repo/Unity 2D/GreatGame/GreatGame
D:/Repo/Unity 2D/GreatGame/GreatGame
[UnityMemory] Configuration Parameters - Can be set up in boot.config
    "memorysetup-bucket-allocator-granularity=16"
    "memorysetup-bucket-allocator-bucket-count=8"
    "memorysetup-bucket-allocator-block-size=33554432"
    "memorysetup-bucket-allocator-block-count=8"
    "memorysetup-main-allocator-block-size=16777216"
    "memorysetup-thread-allocator-block-size=16777216"
    "memorysetup-gfx-main-allocator-block-size=16777216"
    "memorysetup-gfx-thread-allocator-block-size=16777216"
    "memorysetup-cache-allocator-block-size=4194304"
    "memorysetup-typetree-allocator-block-size=2097152"
    "memorysetup-profiler-bucket-allocator-granularity=16"
    "memorysetup-profiler-bucket-allocator-bucket-count=8"
    "memorysetup-profiler-bucket-allocator-block-size=33554432"
    "memorysetup-profiler-bucket-allocator-block-count=8"
    "memorysetup-profiler-allocator-block-size=16777216"
    "memorysetup-profiler-editor-allocator-block-size=1048576"
    "memorysetup-temp-allocator-size-main=16777216"
    "memorysetup-job-temp-allocator-block-size=2097152"
    "memorysetup-job-temp-allocator-block-size-background=1048576"
    "memorysetup-job-temp-allocator-reduction-small-platforms=262144"
    "memorysetup-allocator-temp-initial-block-size-main=262144"
    "memorysetup-allocator-temp-initial-block-size-worker=262144"
    "memorysetup-temp-allocator-size-background-worker=32768"
    "memorysetup-temp-allocator-size-job-worker=262144"
    "memorysetup-temp-allocator-size-preload-manager=33554432"
    "memorysetup-temp-allocator-size-nav-mesh-worker=65536"
    "memorysetup-temp-allocator-size-audio-worker=65536"
    "memorysetup-temp-allocator-size-cloud-worker=32768"
    "memorysetup-temp-allocator-size-gi-baking-worker=262144"
    "memorysetup-temp-allocator-size-gfx=262144"
Player connection [13804] Host "[IP] 192.168.55.224 [Port] 0 [Flags] 2 [Guid] 279138207 [EditorId] 279138207 [Version] 1048832 [Id] WindowsEditor(7,DESKTOP-DF66KB0) [Debug] 1 [PackageName] WindowsEditor [ProjectName] Editor" joined multi-casting on [225.0.0.222:54997]...

Player connection [13804] Host "[IP] 192.168.55.224 [Port] 0 [Flags] 2 [Guid] 279138207 [EditorId] 279138207 [Version] 1048832 [Id] WindowsEditor(7,DESKTOP-DF66KB0) [Debug] 1 [PackageName] WindowsEditor [ProjectName] Editor" joined alternative multi-casting on [225.0.0.222:34997]...

[Physics::Module] Initialized MultithreadedJobDispatcher with 11 workers.
Multiple plugins with the same name 'libegl' (found at 'Assets/Ink/InkyEditor/swiftshader/libEGL.dll' and 'Assets/Ink/InkyEditor/libEGL.dll'). That means one or more plugins are set to be compatible with Editor. Only one plugin at the time can be used by Editor.
0x00007ff70ce574dd (Unity) StackWalker::GetCurrentCallstack
0x00007ff70ce5c5a9 (Unity) StackWalker::ShowCallstack
0x00007ff70de3a091 (Unity) GetStacktrace
0x00007ff70e4f42ce (Unity) DebugStringToFile
0x00007ff70d9e900d (Unity) PluginManager::AddPluginPath
0x00007ff70d9f7711 (Unity) PluginManager::RefreshPlugins
0x00007ff70d9f44bc (Unity) PluginManager::InitializeNativePlugins
0x00007ff70d9b7a79 (Unity) Application::InitializeProject
0x00007ff70de44875 (Unity) WinMain
0x00007ff70f22765e (Unity) __scrt_common_main_seh
0x00007ffc8a7b7344 (KERNEL32) BaseThreadInitThunk
0x00007ffc8c3e26b1 (ntdll) RtlUserThreadStart

Multiple plugins with the same name 'libglesv2' (found at 'Assets/Ink/InkyEditor/swiftshader/libGLESv2.dll' and 'Assets/Ink/InkyEditor/libGLESv2.dll'). That means one or more plugins are set to be compatible with Editor. Only one plugin at the time can be used by Editor.
0x00007ff70ce574dd (Unity) StackWalker::GetCurrentCallstack
0x00007ff70ce5c5a9 (Unity) StackWalker::ShowCallstack
0x00007ff70de3a091 (Unity) GetStacktrace
0x00007ff70e4f42ce (Unity) DebugStringToFile
0x00007ff70d9e900d (Unity) PluginManager::AddPluginPath
0x00007ff70d9f7711 (Unity) PluginManager::RefreshPlugins
0x00007ff70d9f44bc (Unity) PluginManager::InitializeNativePlugins
0x00007ff70d9b7a79 (Unity) Application::InitializeProject
0x00007ff70de44875 (Unity) WinMain
0x00007ff70f22765e (Unity) __scrt_common_main_seh
0x00007ffc8a7b7344 (KERNEL32) BaseThreadInitThunk
0x00007ffc8c3e26b1 (ntdll) RtlUserThreadStart

Refreshing native plugins compatible for Editor in 840.21 ms, found 9 plugins.
Preloading 0 native plugins for Editor in 0.00 ms.
Initialize engine version: 2022.3.23f1 (dbb3f7c5b5c6)
[Subsystems] Discovering subsystems at path D:/Unity/2022.3.23f1/Editor/Data/Resources/UnitySubsystems
[Subsystems] Discovering subsystems at path D:/Repo/Unity 2D/GreatGame/GreatGame/Assets
GfxDevice: creating device client; threaded=0; jobified=0
Direct3D:
    Version:  Direct3D 11.0 [level 11.1]
    Renderer: NVIDIA GeForce GTX 1660 SUPER (ID=0x21c4)
    Vendor:   NVIDIA
    VRAM:     5980 MB
    Driver:   31.0.15.3699
Initialize mono
Mono path[0] = 'D:/Unity/2022.3.23f1/Editor/Data/Managed'
Mono path[1] = 'D:/Unity/2022.3.23f1/Editor/Data/MonoBleedingEdge/lib/mono/unityjit-win32'
Mono config path = 'D:/Unity/2022.3.23f1/Editor/Data/MonoBleedingEdge/etc'
Using monoOptions --debugger-agent=transport=dt_socket,embedding=1,server=y,suspend=n,address=127.0.0.1:56256
Begin MonoManager ReloadAssembly
Registering precompiled unity dll's ...
Register platform support module: D:/Unity/2022.3.23f1/Editor/Data/PlaybackEngines/AndroidPlayer/UnityEditor.Android.Extensions.dll
Register platform support module: D:/Unity/2022.3.23f1/Editor/Data/PlaybackEngines/WindowsStandaloneSupport/UnityEditor.WindowsStandalone.Extensions.dll
Registered in 0.005874 seconds.
- Loaded All Assemblies, in  0.445 seconds
Native extension for WindowsStandalone target not found
Native extension for Android target not found
Android Extension - Scanning For ADB Devices 350 ms
Mono: successfully reloaded assembly
- Finished resetting the current domain, in  0.726 seconds
Domain Reload Profiling: 1170ms
	BeginReloadAssembly (147ms)
		ExecutionOrderSort (0ms)
		DisableScriptedObjects (0ms)
		BackupInstance (0ms)
		ReleaseScriptingObjects (0ms)
		CreateAndSetChildDomain (1ms)
	RebuildCommonClasses (39ms)
	RebuildNativeTypeToScriptingClass (13ms)
	initialDomainReloadingComplete (62ms)
	LoadAllAssembliesAndSetupDomain (184ms)
		LoadAssemblies (147ms)
		RebuildTransferFunctionScriptingTraits (0ms)
		AnalyzeDomain (181ms)
			TypeCache.Refresh (179ms)
				TypeCache.ScanAssembly (161ms)
			ScanForSourceGeneratedMonoScriptInfo (0ms)
			ResolveRequiredComponents (1ms)
	FinalizeReload (726ms)
		ReleaseScriptCaches (0ms)
		RebuildScriptCaches (0ms)
		SetupLoadedEditorAssemblies (661ms)
			LogAssemblyErrors (0ms)
			InitializePlatformSupportModulesInManaged (467ms)
			SetLoadedEditorAssemblies (4ms)
			RefreshPlugins (0ms)
			BeforeProcessingInitializeOnLoad (2ms)
			ProcessInitializeOnLoadAttributes (129ms)
			ProcessInitializeOnLoadMethodAttributes (59ms)
			AfterProcessingInitializeOnLoad (0ms)
			EditorAssembliesLoaded (0ms)
		ExecutionOrderSort2 (0ms)
		AwakeInstancesAfterBackupRestoration (0ms)
========================================================================
Worker process is ready to serve import requests
Begin MonoManager ReloadAssembly
- Loaded All Assemblies, in  0.731 seconds
Multiple plugins with the same name 'libegl' (found at 'Assets/Ink/InkyEditor/swiftshader/libEGL.dll' and 'Assets/Ink/InkyEditor/libEGL.dll'). That means one or more plugins are set to be compatible with Editor. Only one plugin at the time can be used by Editor.
0x00007ff70ce574dd (Unity) StackWalker::GetCurrentCallstack
0x00007ff70ce5c5a9 (Unity) StackWalker::ShowCallstack
0x00007ff70de3a091 (Unity) GetStacktrace
0x00007ff70e4f42ce (Unity) DebugStringToFile
0x00007ff70d9e900d (Unity) PluginManager::AddPluginPath
0x00007ff70d9f7711 (Unity) PluginManager::RefreshPlugins
0x00007ff70e133873 (Unity) ScriptingInitializer::FinalizeReload
0x00007ff70dcdf83b (Unity) LoadUserAssemblies
0x00007ff70e1e131f (Unity) <lambda_e4c09a862f47a773e31babb76239f51f>::operator()
0x00007ff70e21b402 (Unity) asio::detail::completion_handler<core::mutable_function<void __cdecl(void)>,asio::io_context::basic_executor_type<std::allocator<void>,0> >::do_complete
0x00007ff70e2073ae (Unity) asio::detail::win_iocp_io_context::do_one
0x00007ff70e208fde (Unity) asio::detail::win_iocp_io_context::run
0x00007ff70e2197ac (Unity) IOService::Run
0x00007ff70e1ed30f (Unity) AssetImportWorkerClient::Run
0x00007ff70e1b81f7 (Unity) RunAssetImportWorkerClientV2
0x00007ff70e1b827b (Unity) RunAssetImporterV2
0x00007ff70d9b8651 (Unity) Application::InitializeProject
0x00007ff70de44875 (Unity) WinMain
0x00007ff70f22765e (Unity) __scrt_common_main_seh
0x00007ffc8a7b7344 (KERNEL32) BaseThreadInitThunk
0x00007ffc8c3e26b1 (ntdll) RtlUserThreadStart

Multiple plugins with the same name 'libglesv2' (found at 'Assets/Ink/InkyEditor/swiftshader/libGLESv2.dll' and 'Assets/Ink/InkyEditor/libGLESv2.dll'). That means one or more plugins are set to be compatible with Editor. Only one plugin at the time can be used by Editor.
0x00007ff70ce574dd (Unity) StackWalker::GetCurrentCallstack
0x00007ff70ce5c5a9 (Unity) StackWalker::ShowCallstack
0x00007ff70de3a091 (Unity) GetStacktrace
0x00007ff70e4f42ce (Unity) DebugStringToFile
0x00007ff70d9e900d (Unity) PluginManager::AddPluginPath
0x00007ff70d9f7711 (Unity) PluginManager::RefreshPlugins
0x00007ff70e133873 (Unity) ScriptingInitializer::FinalizeReload
0x00007ff70dcdf83b (Unity) LoadUserAssemblies
0x00007ff70e1e131f (Unity) <lambda_e4c09a862f47a773e31babb76239f51f>::operator()
0x00007ff70e21b402 (Unity) asio::detail::completion_handler<core::mutable_function<void __cdecl(void)>,asio::io_context::basic_executor_type<std::allocator<void>,0> >::do_complete
0x00007ff70e2073ae (Unity) asio::detail::win_iocp_io_context::do_one
0x00007ff70e208fde (Unity) asio::detail::win_iocp_io_context::run
0x00007ff70e2197ac (Unity) IOService::Run
0x00007ff70e1ed30f (Unity) AssetImportWorkerClient::Run
0x00007ff70e1b81f7 (Unity) RunAssetImportWorkerClientV2
0x00007ff70e1b827b (Unity) RunAssetImporterV2
0x00007ff70d9b8651 (Unity) Application::InitializeProject
0x00007ff70de44875 (Unity) WinMain
0x00007ff70f22765e (Unity) __scrt_common_main_seh
0x00007ffc8a7b7344 (KERNEL32) BaseThreadInitThunk
0x00007ffc8c3e26b1 (ntdll) RtlUserThreadStart

Refreshing native plugins compatible for Editor in 48.18 ms, found 9 plugins.
Native extension for WindowsStandalone target not found
Native extension for Android target not found
Package Manager log level set to [2]
[Package Manager] Server::EnsureServerProcessIsRunning -- launch failed, reason: Unity was launched with the -noUpm command-line argument
[Package Manager] UpmClient::Send -- Unable to send message (not connected to UPM process).
[Package Manager] Cannot connect to Unity Package Manager local server
Mono: successfully reloaded assembly
[Package Manager] Server::EnsureServerProcessIsRunning -- launch failed, reason: Unity was launched with the -noUpm command-line argument
[Package Manager] UpmClient::Send -- Unable to send message (not connected to UPM process).
[Package Manager] Cannot connect to Unity Package Manager local server
[Package Manager] Server::EnsureServerProcessIsRunning -- launch failed, reason: Unity was launched with the -noUpm command-line argument
[Package Manager] UpmClient::Send -- Unable to send message (not connected to UPM process).
[Package Manager] Cannot connect to Unity Package Manager local server
- Finished resetting the current domain, in  0.690 seconds
Domain Reload Profiling: 1421ms
	BeginReloadAssembly (159ms)
		ExecutionOrderSort (0ms)
		DisableScriptedObjects (5ms)
		BackupInstance (0ms)
		ReleaseScriptingObjects (0ms)
		CreateAndSetChildDomain (22ms)
	RebuildCommonClasses (35ms)
	RebuildNativeTypeToScriptingClass (11ms)
	initialDomainReloadingComplete (37ms)
	LoadAllAssembliesAndSetupDomain (489ms)
		LoadAssemblies (371ms)
		RebuildTransferFunctionScriptingTraits (0ms)
		AnalyzeDomain (217ms)
			TypeCache.Refresh (174ms)
				TypeCache.ScanAssembly (151ms)
			ScanForSourceGeneratedMonoScriptInfo (28ms)
			ResolveRequiredComponents (14ms)
	FinalizeReload (691ms)
		ReleaseScriptCaches (0ms)
		RebuildScriptCaches (0ms)
		SetupLoadedEditorAssemblies (486ms)
			LogAssemblyErrors (0ms)
			InitializePlatformSupportModulesInManaged (21ms)
			SetLoadedEditorAssemblies (4ms)
			RefreshPlugins (0ms)
			BeforeProcessingInitializeOnLoad (70ms)
			ProcessInitializeOnLoadAttributes (344ms)
			ProcessInitializeOnLoadMethodAttributes (43ms)
			AfterProcessingInitializeOnLoad (3ms)
			EditorAssembliesLoaded (0ms)
		ExecutionOrderSort2 (0ms)
		AwakeInstancesAfterBackupRestoration (13ms)
Launched and connected shader compiler UnityShaderCompiler.exe after 0.04 seconds
Multiple plugins with the same name 'libegl' (found at 'Assets/Ink/InkyEditor/swiftshader/libEGL.dll' and 'Assets/Ink/InkyEditor/libEGL.dll'). That means one or more plugins are set to be compatible with Editor. Only one plugin at the time can be used by Editor.
0x00007ff70ce574dd (Unity) StackWalker::GetCurrentCallstack
0x00007ff70ce5c5a9 (Unity) StackWalker::ShowCallstack
0x00007ff70de3a091 (Unity) GetStacktrace
0x00007ff70e4f42ce (Unity) DebugStringToFile
0x00007ff70d9e900d (Unity) PluginManager::AddPluginPath
0x00007ff70d9f7711 (Unity) PluginManager::RefreshPlugins
0x00007ff70e1e137a (Unity) <lambda_e4c09a862f47a773e31babb76239f51f>::operator()
0x00007ff70e21b402 (Unity) asio::detail::completion_handler<core::mutable_function<void __cdecl(void)>,asio::io_context::basic_executor_type<std::allocator<void>,0> >::do_complete
0x00007ff70e2073ae (Unity) asio::detail::win_iocp_io_context::do_one
0x00007ff70e208fde (Unity) asio::detail::win_iocp_io_context::run
0x00007ff70e2197ac (Unity) IOService::Run
0x00007ff70e1ed30f (Unity) AssetImportWorkerClient::Run
0x00007ff70e1b81f7 (Unity) RunAssetImportWorkerClientV2
0x00007ff70e1b827b (Unity) RunAssetImporterV2
0x00007ff70d9b8651 (Unity) Application::InitializeProject
0x00007ff70de44875 (Unity) WinMain
0x00007ff70f22765e (Unity) __scrt_common_main_seh
0x00007ffc8a7b7344 (KERNEL32) BaseThreadInitThunk
0x00007ffc8c3e26b1 (ntdll) RtlUserThreadStart

Multiple plugins with the same name 'libglesv2' (found at 'Assets/Ink/InkyEditor/swiftshader/libGLESv2.dll' and 'Assets/Ink/InkyEditor/libGLESv2.dll'). That means one or more plugins are set to be compatible with Editor. Only one plugin at the time can be used by Editor.
0x00007ff70ce574dd (Unity) StackWalker::GetCurrentCallstack
0x00007ff70ce5c5a9 (Unity) StackWalker::ShowCallstack
0x00007ff70de3a091 (Unity) GetStacktrace
0x00007ff70e4f42ce (Unity) DebugStringToFile
0x00007ff70d9e900d (Unity) PluginManager::AddPluginPath
0x00007ff70d9f7711 (Unity) PluginManager::RefreshPlugins
0x00007ff70e1e137a (Unity) <lambda_e4c09a862f47a773e31babb76239f51f>::operator()
0x00007ff70e21b402 (Unity) asio::detail::completion_handler<core::mutable_function<void __cdecl(void)>,asio::io_context::basic_executor_type<std::allocator<void>,0> >::do_complete
0x00007ff70e2073ae (Unity) asio::detail::win_iocp_io_context::do_one
0x00007ff70e208fde (Unity) asio::detail::win_iocp_io_context::run
0x00007ff70e2197ac (Unity) IOService::Run
0x00007ff70e1ed30f (Unity) AssetImportWorkerClient::Run
0x00007ff70e1b81f7 (Unity) RunAssetImportWorkerClientV2
0x00007ff70e1b827b (Unity) RunAssetImporterV2
0x00007ff70d9b8651 (Unity) Application::InitializeProject
0x00007ff70de44875 (Unity) WinMain
0x00007ff70f22765e (Unity) __scrt_common_main_seh
0x00007ffc8a7b7344 (KERNEL32) BaseThreadInitThunk
0x00007ffc8c3e26b1 (ntdll) RtlUserThreadStart

Refreshing native plugins compatible for Editor in 14.11 ms, found 9 plugins.
Preloading 0 native plugins for Editor in 0.00 ms.
Unloading 5507 Unused Serialized files (Serialized files now loaded: 0)
Unloading 121 unused Assets / (73.5 KB). Loaded Objects now: 5952.
Memory consumption went from 183.9 MB to 183.8 MB.
Total: 5.021800 ms (FindLiveObjects: 0.457700 ms CreateObjectMapping: 0.547000 ms MarkObjects: 3.815000 ms  DeleteObjects: 0.201000 ms)

AssetImportParameters requested are different than current active one (requested -> active):
  custom:container-demuxer-ogg: 62fdf1f143b41e24485cea50d1cbac27 -> 
  custom:video-decoder-ogg-theora: a1e56fd34408186e4bbccfd4996cb3dc -> 
  custom:framework-win-MediaFoundation: 216162199b28c13a410421893ffa2e32 -> 
  custom:CustomObjectIndexerAttribute: 9a22284fe3817be447336de3de66b15e -> 
  custom:container-demuxer-webm: 4f35f7cbe854078d1ac9338744f61a02 -> 
  custom:container-muxer-webm: aa71ff27fc2769a1b78a27578f13a17b -> 
  custom:video-decoder-webm-vp8: 9c59270c3fd7afecdb556c50c9e8de78 -> 
  custom:SearchIndexIgnoredProperties: e643bd26f0fe6173181afceb89e7c659 -> 
  custom:AudioImporter_EditorPlatform: d09bf68614088b80899f8185d706f6e7 -> 
  custom:video-encoder-webm-vp8: eb34c28f22e8b96e1ab97ce403110664 -> 
  custom:audio-decoder-ogg-vorbis: bf7c407c2cedff20999df2af8eb42d56 -> 
  custom:audio-encoder-webm-vorbis: bf7c407c2cedff20999df2af8eb42d56 -> 
========================================================================
Received Import Request.
  Time since last request: 526377.068794 seconds.
  path: Assets/Prefabs/MainTextPanel.prefab
  artifactKey: Guid(3457f7b9008e10e4ab2f0e66c8d1412e) Importer(815301076,1909f56bfc062723c751e8b465ee728b)
Start importing Assets/Prefabs/MainTextPanel.prefab using Guid(3457f7b9008e10e4ab2f0e66c8d1412e) Importer(815301076,1909f56bfc062723c751e8b465ee728b)  -> (artifact id: 'f816de287ee40c7ad2b297dc29575ff1') in 0.071166 seconds
Number of updated asset objects reloaded before import = 0
Number of asset objects unloaded after import = 19
========================================================================
Received Import Request.
  Time since last request: 14.407708 seconds.
  path: Assets/Prefabs/ResponsePanel.prefab
  artifactKey: Guid(23f9b6793249f744ba543cdd8c0c2a8d) Importer(815301076,1909f56bfc062723c751e8b465ee728b)
Start importing Assets/Prefabs/ResponsePanel.prefab using Guid(23f9b6793249f744ba543cdd8c0c2a8d) Importer(815301076,1909f56bfc062723c751e8b465ee728b)  -> (artifact id: '0a6c36cfac6667c61ddb0b7c293c7fe3') in 0.025225 seconds
Number of updated asset objects reloaded before import = 0
Number of asset objects unloaded after import = 45
========================================================================
Received Import Request.
  Time since last request: 103.874846 seconds.
  path: Assets/Prefabs/ResponseButton1.prefab
  artifactKey: Guid(f3d0e645aae64924e8393e5c0fc1620d) Importer(815301076,1909f56bfc062723c751e8b465ee728b)
Start importing Assets/Prefabs/ResponseButton1.prefab using Guid(f3d0e645aae64924e8393e5c0fc1620d) Importer(815301076,1909f56bfc062723c751e8b465ee728b)  -> (artifact id: 'aa1f3c38f9080a5da70263fb6d92f70e') in 0.018635 seconds
Number of updated asset objects reloaded before import = 0
Number of asset objects unloaded after import = 20
========================================================================
Received Import Request.
  Time since last request: 3.329289 seconds.
  path: Assets/Prefabs/ResponsePanel.prefab
  artifactKey: Guid(23f9b6793249f744ba543cdd8c0c2a8d) Importer(815301076,1909f56bfc062723c751e8b465ee728b)
Start importing Assets/Prefabs/ResponsePanel.prefab using Guid(23f9b6793249f744ba543cdd8c0c2a8d) Importer(815301076,1909f56bfc062723c751e8b465ee728b)  -> (artifact id: '61ff0c704ff3385e6f8bab694861395f') in 0.023054 seconds
Number of updated asset objects reloaded before import = 0
Number of asset objects unloaded after import = 45
========================================================================
Received Import Request.
  Time since last request: 120.130431 seconds.
  path: Assets/Prefabs/ResponsePanel.prefab
  artifactKey: Guid(23f9b6793249f744ba543cdd8c0c2a8d) Importer(815301076,1909f56bfc062723c751e8b465ee728b)
Start importing Assets/Prefabs/ResponsePanel.prefab using Guid(23f9b6793249f744ba543cdd8c0c2a8d) Importer(815301076,1909f56bfc062723c751e8b465ee728b)  -> (artifact id: '3dcdb86c3538b9a21188ab7080260832') in 0.020194 seconds
Number of updated asset objects reloaded before import = 0
Number of asset objects unloaded after import = 45
========================================================================
Received Import Request.
  Time since last request: 4.658163 seconds.
  path: Assets/Prefabs/ResponsePanel.prefab
  artifactKey: Guid(23f9b6793249f744ba543cdd8c0c2a8d) Importer(815301076,1909f56bfc062723c751e8b465ee728b)
Start importing Assets/Prefabs/ResponsePanel.prefab using Guid(23f9b6793249f744ba543cdd8c0c2a8d) Importer(815301076,1909f56bfc062723c751e8b465ee728b)  -> (artifact id: '27813397b092f57627d2feed9226677c') in 0.020776 seconds
Number of updated asset objects reloaded before import = 0
Number of asset objects unloaded after import = 40
========================================================================
Received Import Request.
  Time since last request: 7.404559 seconds.
  path: Assets/Prefabs/ResponsePanel.prefab
  artifactKey: Guid(23f9b6793249f744ba543cdd8c0c2a8d) Importer(815301076,1909f56bfc062723c751e8b465ee728b)
Start importing Assets/Prefabs/ResponsePanel.prefab using Guid(23f9b6793249f744ba543cdd8c0c2a8d) Importer(815301076,1909f56bfc062723c751e8b465ee728b)  -> (artifact id: '2adb25b8fd1ed2a863de2070e7f95ea3') in 0.019293 seconds
Number of updated asset objects reloaded before import = 0
Number of asset objects unloaded after import = 45
========================================================================
Received Prepare
Begin MonoManager ReloadAssembly
- Loaded All Assemblies, in  0.502 seconds
Multiple plugins with the same name 'libegl' (found at 'Assets/Ink/InkyEditor/swiftshader/libEGL.dll' and 'Assets/Ink/InkyEditor/libEGL.dll'). That means one or more plugins are set to be compatible with Editor. Only one plugin at the time can be used by Editor.
0x00007ff70ce574dd (Unity) StackWalker::GetCurrentCallstack
0x00007ff70ce5c5a9 (Unity) StackWalker::ShowCallstack
0x00007ff70de3a091 (Unity) GetStacktrace
0x00007ff70e4f42ce (Unity) DebugStringToFile
0x00007ff70d9e900d (Unity) PluginManager::AddPluginPath
0x00007ff70d9f7711 (Unity) PluginManager::RefreshPlugins
0x00007ff70e133873 (Unity) ScriptingInitializer::FinalizeReload
0x00007ff70dcdf83b (Unity) LoadUserAssemblies
0x00007ff70e1e1075 (Unity) <lambda_b37b41f03089e3cb3f55061bbc93253d>::operator()
0x00007ff70e21b402 (Unity) asio::detail::completion_handler<core::mutable_function<void __cdecl(void)>,asio::io_context::basic_executor_type<std::allocator<void>,0> >::do_complete
0x00007ff70e2073ae (Unity) asio::detail::win_iocp_io_context::do_one
0x00007ff70e209014 (Unity) asio::detail::win_iocp_io_context::run
0x00007ff70e2197ac (Unity) IOService::Run
0x00007ff70e1ed30f (Unity) AssetImportWorkerClient::Run
0x00007ff70e1b81f7 (Unity) RunAssetImportWorkerClientV2
0x00007ff70e1b827b (Unity) RunAssetImporterV2
0x00007ff70d9b8651 (Unity) Application::InitializeProject
0x00007ff70de44875 (Unity) WinMain
0x00007ff70f22765e (Unity) __scrt_common_main_seh
0x00007ffc8a7b7344 (KERNEL32) BaseThreadInitThunk
0x00007ffc8c3e26b1 (ntdll) RtlUserThreadStart

Multiple plugins with the same name 'libglesv2' (found at 'Assets/Ink/InkyEditor/swiftshader/libGLESv2.dll' and 'Assets/Ink/InkyEditor/libGLESv2.dll'). That means one or more plugins are set to be compatible with Editor. Only one plugin at the time can be used by Editor.
0x00007ff70ce574dd (Unity) StackWalker::GetCurrentCallstack
0x00007ff70ce5c5a9 (Unity) StackWalker::ShowCallstack
0x00007ff70de3a091 (Unity) GetStacktrace
0x00007ff70e4f42ce (Unity) DebugStringToFile
0x00007ff70d9e900d (Unity) PluginManager::AddPluginPath
0x00007ff70d9f7711 (Unity) PluginManager::RefreshPlugins
0x00007ff70e133873 (Unity) ScriptingInitializer::FinalizeReload
0x00007ff70dcdf83b (Unity) LoadUserAssemblies
0x00007ff70e1e1075 (Unity) <lambda_b37b41f03089e3cb3f55061bbc93253d>::operator()
0x00007ff70e21b402 (Unity) asio::detail::completion_handler<core::mutable_function<void __cdecl(void)>,asio::io_context::basic_executor_type<std::allocator<void>,0> >::do_complete
0x00007ff70e2073ae (Unity) asio::detail::win_iocp_io_context::do_one
0x00007ff70e209014 (Unity) asio::detail::win_iocp_io_context::run
0x00007ff70e2197ac (Unity) IOService::Run
0x00007ff70e1ed30f (Unity) AssetImportWorkerClient::Run
0x00007ff70e1b81f7 (Unity) RunAssetImportWorkerClientV2
0x00007ff70e1b827b (Unity) RunAssetImporterV2
0x00007ff70d9b8651 (Unity) Application::InitializeProject
0x00007ff70de44875 (Unity) WinMain
0x00007ff70f22765e (Unity) __scrt_common_main_seh
0x00007ffc8a7b7344 (KERNEL32) BaseThreadInitThunk
0x00007ffc8c3e26b1 (ntdll) RtlUserThreadStart

Refreshing native plugins compatible for Editor in 10.11 ms, found 9 plugins.
Native extension for WindowsStandalone target not found
Native extension for Android target not found
[Package Manager] Server::EnsureServerProcessIsRunning -- launch failed, reason: Unity was launched with the -noUpm command-line argument
[Package Manager] UpmClient::Send -- Unable to send message (not connected to UPM process).
[Package Manager] Cannot connect to Unity Package Manager local server
Mono: successfully reloaded assembly
[Package Manager] Server::EnsureServerProcessIsRunning -- launch failed, reason: Unity was launched with the -noUpm command-line argument
[Package Manager] UpmClient::Send -- Unable to send message (not connected to UPM process).
[Package Manager] Cannot connect to Unity Package Manager local server
- Finished resetting the current domain, in  1.169 seconds
Domain Reload Profiling: 1670ms
	BeginReloadAssembly (179ms)
		ExecutionOrderSort (0ms)
		DisableScriptedObjects (11ms)
		BackupInstance (0ms)
		ReleaseScriptingObjects (0ms)
		CreateAndSetChildDomain (39ms)
	RebuildCommonClasses (33ms)
	RebuildNativeTypeToScriptingClass (11ms)
	initialDomainReloadingComplete (31ms)
	LoadAllAssembliesAndSetupDomain (246ms)
		LoadAssemblies (324ms)
		RebuildTransferFunctionScriptingTraits (0ms)
		AnalyzeDomain (24ms)
			TypeCache.Refresh (7ms)
				TypeCache.ScanAssembly (0ms)
			ScanForSourceGeneratedMonoScriptInfo (0ms)
			ResolveRequiredComponents (16ms)
	FinalizeReload (1170ms)
		ReleaseScriptCaches (0ms)
		RebuildScriptCaches (0ms)
		SetupLoadedEditorAssemblies (509ms)
			LogAssemblyErrors (0ms)
			InitializePlatformSupportModulesInManaged (22ms)
			SetLoadedEditorAssemblies (3ms)
			RefreshPlugins (0ms)
			BeforeProcessingInitializeOnLoad (87ms)
			ProcessInitializeOnLoadAttributes (350ms)
			ProcessInitializeOnLoadMethodAttributes (42ms)
			AfterProcessingInitializeOnLoad (4ms)
			EditorAssembliesLoaded (1ms)
		ExecutionOrderSort2 (0ms)
		AwakeInstancesAfterBackupRestoration (28ms)
Multiple plugins with the same name 'libegl' (found at 'Assets/Ink/InkyEditor/swiftshader/libEGL.dll' and 'Assets/Ink/InkyEditor/libEGL.dll'). That means one or more plugins are set to be compatible with Editor. Only one plugin at the time can be used by Editor.
0x00007ff70ce574dd (Unity) StackWalker::GetCurrentCallstack
0x00007ff70ce5c5a9 (Unity) StackWalker::ShowCallstack
0x00007ff70de3a091 (Unity) GetStacktrace
0x00007ff70e4f42ce (Unity) DebugStringToFile
0x00007ff70d9e900d (Unity) PluginManager::AddPluginPath
0x00007ff70d9f7711 (Unity) PluginManager::RefreshPlugins
0x00007ff70e1e10f6 (Unity) <lambda_b37b41f03089e3cb3f55061bbc93253d>::operator()
0x00007ff70e21b402 (Unity) asio::detail::completion_handler<core::mutable_function<void __cdecl(void)>,asio::io_context::basic_executor_type<std::allocator<void>,0> >::do_complete
0x00007ff70e2073ae (Unity) asio::detail::win_iocp_io_context::do_one
0x00007ff70e209014 (Unity) asio::detail::win_iocp_io_context::run
0x00007ff70e2197ac (Unity) IOService::Run
0x00007ff70e1ed30f (Unity) AssetImportWorkerClient::Run
0x00007ff70e1b81f7 (Unity) RunAssetImportWorkerClientV2
0x00007ff70e1b827b (Unity) RunAssetImporterV2
0x00007ff70d9b8651 (Unity) Application::InitializeProject
0x00007ff70de44875 (Unity) WinMain
0x00007ff70f22765e (Unity) __scrt_common_main_seh
0x00007ffc8a7b7344 (KERNEL32) BaseThreadInitThunk
0x00007ffc8c3e26b1 (ntdll) RtlUserThreadStart

Multiple plugins with the same name 'libglesv2' (found at 'Assets/Ink/InkyEditor/swiftshader/libGLESv2.dll' and 'Assets/Ink/InkyEditor/libGLESv2.dll'). That means one or more plugins are set to be compatible with Editor. Only one plugin at the time can be used by Editor.
0x00007ff70ce574dd (Unity) StackWalker::GetCurrentCallstack
0x00007ff70ce5c5a9 (Unity) StackWalker::ShowCallstack
0x00007ff70de3a091 (Unity) GetStacktrace
0x00007ff70e4f42ce (Unity) DebugStringToFile
0x00007ff70d9e900d (Unity) PluginManager::AddPluginPath
0x00007ff70d9f7711 (Unity) PluginManager::RefreshPlugins
0x00007ff70e1e10f6 (Unity) <lambda_b37b41f03089e3cb3f55061bbc93253d>::operator()
0x00007ff70e21b402 (Unity) asio::detail::completion_handler<core::mutable_function<void __cdecl(void)>,asio::io_context::basic_executor_type<std::allocator<void>,0> >::do_complete
0x00007ff70e2073ae (Unity) asio::detail::win_iocp_io_context::do_one
0x00007ff70e209014 (Unity) asio::detail::win_iocp_io_context::run
0x00007ff70e2197ac (Unity) IOService::Run
0x00007ff70e1ed30f (Unity) AssetImportWorkerClient::Run
0x00007ff70e1b81f7 (Unity) RunAssetImportWorkerClientV2
0x00007ff70e1b827b (Unity) RunAssetImporterV2
0x00007ff70d9b8651 (Unity) Application::InitializeProject
0x00007ff70de44875 (Unity) WinMain
0x00007ff70f22765e (Unity) __scrt_common_main_seh
0x00007ffc8a7b7344 (KERNEL32) BaseThreadInitThunk
0x00007ffc8c3e26b1 (ntdll) RtlUserThreadStart

Refreshing native plugins compatible for Editor in 17.33 ms, found 9 plugins.
Preloading 0 native plugins for Editor in 0.00 ms.
Unloading 5480 Unused Serialized files (Serialized files now loaded: 0)
Unloading 58 unused Assets / (48.1 KB). Loaded Objects now: 5958.
Memory consumption went from 179.2 MB to 179.1 MB.
Total: 8.267200 ms (FindLiveObjects: 0.870200 ms CreateObjectMapping: 1.177800 ms MarkObjects: 6.038000 ms  DeleteObjects: 0.179100 ms)

Prepare: number of updated asset objects reloaded= 0
AssetImportParameters requested are different than current active one (requested -> active):
  custom:container-demuxer-ogg: 62fdf1f143b41e24485cea50d1cbac27 -> 
  custom:video-decoder-ogg-theora: a1e56fd34408186e4bbccfd4996cb3dc -> 
  custom:framework-win-MediaFoundation: 216162199b28c13a410421893ffa2e32 -> 
  custom:CustomObjectIndexerAttribute: 9a22284fe3817be447336de3de66b15e -> 
  custom:container-demuxer-webm: 4f35f7cbe854078d1ac9338744f61a02 -> 
  custom:container-muxer-webm: aa71ff27fc2769a1b78a27578f13a17b -> 
  custom:video-decoder-webm-vp8: 9c59270c3fd7afecdb556c50c9e8de78 -> 
  custom:SearchIndexIgnoredProperties: e643bd26f0fe6173181afceb89e7c659 -> 
  custom:AudioImporter_EditorPlatform: d09bf68614088b80899f8185d706f6e7 -> 
  custom:video-encoder-webm-vp8: eb34c28f22e8b96e1ab97ce403110664 -> 
  custom:audio-decoder-ogg-vorbis: bf7c407c2cedff20999df2af8eb42d56 -> 
  custom:audio-encoder-webm-vorbis: bf7c407c2cedff20999df2af8eb42d56 -> 
========================================================================
Received Prepare
Begin MonoManager ReloadAssembly
- Loaded All Assemblies, in  0.525 seconds
Multiple plugins with the same name 'libegl' (found at 'Assets/Ink/InkyEditor/swiftshader/libEGL.dll' and 'Assets/Ink/InkyEditor/libEGL.dll'). That means one or more plugins are set to be compatible with Editor. Only one plugin at the time can be used by Editor.
0x00007ff70ce574dd (Unity) StackWalker::GetCurrentCallstack
0x00007ff70ce5c5a9 (Unity) StackWalker::ShowCallstack
0x00007ff70de3a091 (Unity) GetStacktrace
0x00007ff70e4f42ce (Unity) DebugStringToFile
0x00007ff70d9e900d (Unity) PluginManager::AddPluginPath
0x00007ff70d9f7711 (Unity) PluginManager::RefreshPlugins
0x00007ff70e133873 (Unity) ScriptingInitializer::FinalizeReload
0x00007ff70dcdf83b (Unity) LoadUserAssemblies
0x00007ff70e1e1075 (Unity) <lambda_b37b41f03089e3cb3f55061bbc93253d>::operator()
0x00007ff70e21b402 (Unity) asio::detail::completion_handler<core::mutable_function<void __cdecl(void)>,asio::io_context::basic_executor_type<std::allocator<void>,0> >::do_complete
0x00007ff70e2073ae (Unity) asio::detail::win_iocp_io_context::do_one
0x00007ff70e209014 (Unity) asio::detail::win_iocp_io_context::run
0x00007ff70e2197ac (Unity) IOService::Run
0x00007ff70e1ed30f (Unity) AssetImportWorkerClient::Run
0x00007ff70e1b81f7 (Unity) RunAssetImportWorkerClientV2
0x00007ff70e1b827b (Unity) RunAssetImporterV2
0x00007ff70d9b8651 (Unity) Application::InitializeProject
0x00007ff70de44875 (Unity) WinMain
0x00007ff70f22765e (Unity) __scrt_common_main_seh
0x00007ffc8a7b7344 (KERNEL32) BaseThreadInitThunk
0x00007ffc8c3e26b1 (ntdll) RtlUserThreadStart

Multiple plugins with the same name 'libglesv2' (found at 'Assets/Ink/InkyEditor/swiftshader/libGLESv2.dll' and 'Assets/Ink/InkyEditor/libGLESv2.dll'). That means one or more plugins are set to be compatible with Editor. Only one plugin at the time can be used by Editor.
0x00007ff70ce574dd (Unity) StackWalker::GetCurrentCallstack
0x00007ff70ce5c5a9 (Unity) StackWalker::ShowCallstack
0x00007ff70de3a091 (Unity) GetStacktrace
0x00007ff70e4f42ce (Unity) DebugStringToFile
0x00007ff70d9e900d (Unity) PluginManager::AddPluginPath
0x00007ff70d9f7711 (Unity) PluginManager::RefreshPlugins
0x00007ff70e133873 (Unity) ScriptingInitializer::FinalizeReload
0x00007ff70dcdf83b (Unity) LoadUserAssemblies
0x00007ff70e1e1075 (Unity) <lambda_b37b41f03089e3cb3f55061bbc93253d>::operator()
0x00007ff70e21b402 (Unity) asio::detail::completion_handler<core::mutable_function<void __cdecl(void)>,asio::io_context::basic_executor_type<std::allocator<void>,0> >::do_complete
0x00007ff70e2073ae (Unity) asio::detail::win_iocp_io_context::do_one
0x00007ff70e209014 (Unity) asio::detail::win_iocp_io_context::run
0x00007ff70e2197ac (Unity) IOService::Run
0x00007ff70e1ed30f (Unity) AssetImportWorkerClient::Run
0x00007ff70e1b81f7 (Unity) RunAssetImportWorkerClientV2
0x00007ff70e1b827b (Unity) RunAssetImporterV2
0x00007ff70d9b8651 (Unity) Application::InitializeProject
0x00007ff70de44875 (Unity) WinMain
0x00007ff70f22765e (Unity) __scrt_common_main_seh
0x00007ffc8a7b7344 (KERNEL32) BaseThreadInitThunk
0x00007ffc8c3e26b1 (ntdll) RtlUserThreadStart

Refreshing native plugins compatible for Editor in 10.88 ms, found 9 plugins.
Native extension for WindowsStandalone target not found
Native extension for Android target not found
[Package Manager] Server::EnsureServerProcessIsRunning -- launch failed, reason: Unity was launched with the -noUpm command-line argument
[Package Manager] UpmClient::Send -- Unable to send message (not connected to UPM process).
[Package Manager] Cannot connect to Unity Package Manager local server
Mono: successfully reloaded assembly
[Package Manager] Server::EnsureServerProcessIsRunning -- launch failed, reason: Unity was launched with the -noUpm command-line argument
[Package Manager] UpmClient::Send -- Unable to send message (not connected to UPM process).
[Package Manager] Cannot connect to Unity Package Manager local server
- Finished resetting the current domain, in  1.204 seconds
Domain Reload Profiling: 1728ms
	BeginReloadAssembly (192ms)
		ExecutionOrderSort (0ms)
		DisableScriptedObjects (12ms)
		BackupInstance (0ms)
		ReleaseScriptingObjects (0ms)
		CreateAndSetChildDomain (46ms)
	RebuildCommonClasses (43ms)
	RebuildNativeTypeToScriptingClass (12ms)
	initialDomainReloadingComplete (26ms)
	LoadAllAssembliesAndSetupDomain (252ms)
		LoadAssemblies (331ms)
		RebuildTransferFunctionScriptingTraits (0ms)
		AnalyzeDomain (25ms)
			TypeCache.Refresh (7ms)
				TypeCache.ScanAssembly (0ms)
			ScanForSourceGeneratedMonoScriptInfo (0ms)
			ResolveRequiredComponents (16ms)
	FinalizeReload (1204ms)
		ReleaseScriptCaches (0ms)
		RebuildScriptCaches (0ms)
		SetupLoadedEditorAssemblies (522ms)
			LogAssemblyErrors (0ms)
			InitializePlatformSupportModulesInManaged (22ms)
			SetLoadedEditorAssemblies (3ms)
			RefreshPlugins (0ms)
			BeforeProcessingInitializeOnLoad (75ms)
			ProcessInitializeOnLoadAttributes (376ms)
			ProcessInitializeOnLoadMethodAttributes (42ms)
			AfterProcessingInitializeOnLoad (3ms)
			EditorAssembliesLoaded (1ms)
		ExecutionOrderSort2 (0ms)
		AwakeInstancesAfterBackupRestoration (23ms)
Multiple plugins with the same name 'libegl' (found at 'Assets/Ink/InkyEditor/swiftshader/libEGL.dll' and 'Assets/Ink/InkyEditor/libEGL.dll'). That means one or more plugins are set to be compatible with Editor. Only one plugin at the time can be used by Editor.
0x00007ff70ce574dd (Unity) StackWalker::GetCurrentCallstack
0x00007ff70ce5c5a9 (Unity) StackWalker::ShowCallstack
0x00007ff70de3a091 (Unity) GetStacktrace
0x00007ff70e4f42ce (Unity) DebugStringToFile
0x00007ff70d9e900d (Unity) PluginManager::AddPluginPath
0x00007ff70d9f7711 (Unity) PluginManager::RefreshPlugins
0x00007ff70e1e10f6 (Unity) <lambda_b37b41f03089e3cb3f55061bbc93253d>::operator()
0x00007ff70e21b402 (Unity) asio::detail::completion_handler<core::mutable_function<void __cdecl(void)>,asio::io_context::basic_executor_type<std::allocator<void>,0> >::do_complete
0x00007ff70e2073ae (Unity) asio::detail::win_iocp_io_context::do_one
0x00007ff70e209014 (Unity) asio::detail::win_iocp_io_context::run
0x00007ff70e2197ac (Unity) IOService::Run
0x00007ff70e1ed30f (Unity) AssetImportWorkerClient::Run
0x00007ff70e1b81f7 (Unity) RunAssetImportWorkerClientV2
0x00007ff70e1b827b (Unity) RunAssetImporterV2
0x00007ff70d9b8651 (Unity) Application::InitializeProject
0x00007ff70de44875 (Unity) WinMain
0x00007ff70f22765e (Unity) __scrt_common_main_seh
0x00007ffc8a7b7344 (KERNEL32) BaseThreadInitThunk
0x00007ffc8c3e26b1 (ntdll) RtlUserThreadStart

Multiple plugins with the same name 'libglesv2' (found at 'Assets/Ink/InkyEditor/swiftshader/libGLESv2.dll' and 'Assets/Ink/InkyEditor/libGLESv2.dll'). That means one or more plugins are set to be compatible with Editor. Only one plugin at the time can be used by Editor.
0x00007ff70ce574dd (Unity) StackWalker::GetCurrentCallstack
0x00007ff70ce5c5a9 (Unity) StackWalker::ShowCallstack
0x00007ff70de3a091 (Unity) GetStacktrace
0x00007ff70e4f42ce (Unity) DebugStringToFile
0x00007ff70d9e900d (Unity) PluginManager::AddPluginPath
0x00007ff70d9f7711 (Unity) PluginManager::RefreshPlugins
0x00007ff70e1e10f6 (Unity) <lambda_b37b41f03089e3cb3f55061bbc93253d>::operator()
0x00007ff70e21b402 (Unity) asio::detail::completion_handler<core::mutable_function<void __cdecl(void)>,asio::io_context::basic_executor_type<std::allocator<void>,0> >::do_complete
0x00007ff70e2073ae (Unity) asio::detail::win_iocp_io_context::do_one
0x00007ff70e209014 (Unity) asio::detail::win_iocp_io_context::run
0x00007ff70e2197ac (Unity) IOService::Run
0x00007ff70e1ed30f (Unity) AssetImportWorkerClient::Run
0x00007ff70e1b81f7 (Unity) RunAssetImportWorkerClientV2
0x00007ff70e1b827b (Unity) RunAssetImporterV2
0x00007ff70d9b8651 (Unity) Application::InitializeProject
0x00007ff70de44875 (Unity) WinMain
0x00007ff70f22765e (Unity) __scrt_common_main_seh
0x00007ffc8a7b7344 (KERNEL32) BaseThreadInitThunk
0x00007ffc8c3e26b1 (ntdll) RtlUserThreadStart

Refreshing native plugins compatible for Editor in 16.86 ms, found 9 plugins.
Preloading 0 native plugins for Editor in 0.00 ms.
Unloading 5481 Unused Serialized files (Serialized files now loaded: 0)
Unloading 56 unused Assets / (46.6 KB). Loaded Objects now: 5962.
Memory consumption went from 181.3 MB to 181.3 MB.
Total: 8.166000 ms (FindLiveObjects: 0.835900 ms CreateObjectMapping: 1.002800 ms MarkObjects: 6.138200 ms  DeleteObjects: 0.187400 ms)

Prepare: number of updated asset objects reloaded= 0
AssetImportParameters requested are different than current active one (requested -> active):
  custom:container-demuxer-ogg: 62fdf1f143b41e24485cea50d1cbac27 -> 
  custom:video-decoder-ogg-theora: a1e56fd34408186e4bbccfd4996cb3dc -> 
  custom:framework-win-MediaFoundation: 216162199b28c13a410421893ffa2e32 -> 
  custom:CustomObjectIndexerAttribute: 9a22284fe3817be447336de3de66b15e -> 
  custom:container-demuxer-webm: 4f35f7cbe854078d1ac9338744f61a02 -> 
  custom:container-muxer-webm: aa71ff27fc2769a1b78a27578f13a17b -> 
  custom:video-decoder-webm-vp8: 9c59270c3fd7afecdb556c50c9e8de78 -> 
  custom:SearchIndexIgnoredProperties: e643bd26f0fe6173181afceb89e7c659 -> 
  custom:AudioImporter_EditorPlatform: d09bf68614088b80899f8185d706f6e7 -> 
  custom:video-encoder-webm-vp8: eb34c28f22e8b96e1ab97ce403110664 -> 
  custom:audio-decoder-ogg-vorbis: bf7c407c2cedff20999df2af8eb42d56 -> 
  custom:audio-encoder-webm-vorbis: bf7c407c2cedff20999df2af8eb42d56 -> 
========================================================================
Received Prepare
Begin MonoManager ReloadAssembly
- Loaded All Assemblies, in  0.503 seconds
Multiple plugins with the same name 'libegl' (found at 'Assets/Ink/InkyEditor/swiftshader/libEGL.dll' and 'Assets/Ink/InkyEditor/libEGL.dll'). That means one or more plugins are set to be compatible with Editor. Only one plugin at the time can be used by Editor.
0x00007ff70ce574dd (Unity) StackWalker::GetCurrentCallstack
0x00007ff70ce5c5a9 (Unity) StackWalker::ShowCallstack
0x00007ff70de3a091 (Unity) GetStacktrace
0x00007ff70e4f42ce (Unity) DebugStringToFile
0x00007ff70d9e900d (Unity) PluginManager::AddPluginPath
0x00007ff70d9f7711 (Unity) PluginManager::RefreshPlugins
0x00007ff70e133873 (Unity) ScriptingInitializer::FinalizeReload
0x00007ff70dcdf83b (Unity) LoadUserAssemblies
0x00007ff70e1e1075 (Unity) <lambda_b37b41f03089e3cb3f55061bbc93253d>::operator()
0x00007ff70e21b402 (Unity) asio::detail::completion_handler<core::mutable_function<void __cdecl(void)>,asio::io_context::basic_executor_type<std::allocator<void>,0> >::do_complete
0x00007ff70e2073ae (Unity) asio::detail::win_iocp_io_context::do_one
0x00007ff70e209014 (Unity) asio::detail::win_iocp_io_context::run
0x00007ff70e2197ac (Unity) IOService::Run
0x00007ff70e1ed30f (Unity) AssetImportWorkerClient::Run
0x00007ff70e1b81f7 (Unity) RunAssetImportWorkerClientV2
0x00007ff70e1b827b (Unity) RunAssetImporterV2
0x00007ff70d9b8651 (Unity) Application::InitializeProject
0x00007ff70de44875 (Unity) WinMain
0x00007ff70f22765e (Unity) __scrt_common_main_seh
0x00007ffc8a7b7344 (KERNEL32) BaseThreadInitThunk
0x00007ffc8c3e26b1 (ntdll) RtlUserThreadStart

Multiple plugins with the same name 'libglesv2' (found at 'Assets/Ink/InkyEditor/swiftshader/libGLESv2.dll' and 'Assets/Ink/InkyEditor/libGLESv2.dll'). That means one or more plugins are set to be compatible with Editor. Only one plugin at the time can be used by Editor.
0x00007ff70ce574dd (Unity) StackWalker::GetCurrentCallstack
0x00007ff70ce5c5a9 (Unity) StackWalker::ShowCallstack
0x00007ff70de3a091 (Unity) GetStacktrace
0x00007ff70e4f42ce (Unity) DebugStringToFile
0x00007ff70d9e900d (Unity) PluginManager::AddPluginPath
0x00007ff70d9f7711 (Unity) PluginManager::RefreshPlugins
0x00007ff70e133873 (Unity) ScriptingInitializer::FinalizeReload
0x00007ff70dcdf83b (Unity) LoadUserAssemblies
0x00007ff70e1e1075 (Unity) <lambda_b37b41f03089e3cb3f55061bbc93253d>::operator()
0x00007ff70e21b402 (Unity) asio::detail::completion_handler<core::mutable_function<void __cdecl(void)>,asio::io_context::basic_executor_type<std::allocator<void>,0> >::do_complete
0x00007ff70e2073ae (Unity) asio::detail::win_iocp_io_context::do_one
0x00007ff70e209014 (Unity) asio::detail::win_iocp_io_context::run
0x00007ff70e2197ac (Unity) IOService::Run
0x00007ff70e1ed30f (Unity) AssetImportWorkerClient::Run
0x00007ff70e1b81f7 (Unity) RunAssetImportWorkerClientV2
0x00007ff70e1b827b (Unity) RunAssetImporterV2
0x00007ff70d9b8651 (Unity) Application::InitializeProject
0x00007ff70de44875 (Unity) WinMain
0x00007ff70f22765e (Unity) __scrt_common_main_seh
0x00007ffc8a7b7344 (KERNEL32) BaseThreadInitThunk
0x00007ffc8c3e26b1 (ntdll) RtlUserThreadStart

Refreshing native plugins compatible for Editor in 9.63 ms, found 9 plugins.
Native extension for WindowsStandalone target not found
Native extension for Android target not found
[Package Manager] Server::EnsureServerProcessIsRunning -- launch failed, reason: Unity was launched with the -noUpm command-line argument
[Package Manager] UpmClient::Send -- Unable to send message (not connected to UPM process).
[Package Manager] Cannot connect to Unity Package Manager local server
Mono: successfully reloaded assembly
[Package Manager] Server::EnsureServerProcessIsRunning -- launch failed, reason: Unity was launched with the -noUpm command-line argument
[Package Manager] UpmClient::Send -- Unable to send message (not connected to UPM process).
[Package Manager] Cannot connect to Unity Package Manager local server
- Finished resetting the current domain, in  1.154 seconds
Domain Reload Profiling: 1656ms
	BeginReloadAssembly (182ms)
		ExecutionOrderSort (0ms)
		DisableScriptedObjects (13ms)
		BackupInstance (0ms)
		ReleaseScriptingObjects (0ms)
		CreateAndSetChildDomain (41ms)
	RebuildCommonClasses (36ms)
	RebuildNativeTypeToScriptingClass (12ms)
	initialDomainReloadingComplete (30ms)
	LoadAllAssembliesAndSetupDomain (241ms)
		LoadAssemblies (317ms)
		RebuildTransferFunctionScriptingTraits (0ms)
		AnalyzeDomain (24ms)
			TypeCache.Refresh (8ms)
				TypeCache.ScanAssembly (0ms)
			ScanForSourceGeneratedMonoScriptInfo (0ms)
			ResolveRequiredComponents (16ms)
	FinalizeReload (1155ms)
		ReleaseScriptCaches (0ms)
		RebuildScriptCaches (0ms)
		SetupLoadedEditorAssemblies (499ms)
			LogAssemblyErrors (0ms)
			InitializePlatformSupportModulesInManaged (22ms)
			SetLoadedEditorAssemblies (3ms)
			RefreshPlugins (0ms)
			BeforeProcessingInitializeOnLoad (90ms)
			ProcessInitializeOnLoadAttributes (337ms)
			ProcessInitializeOnLoadMethodAttributes (43ms)
			AfterProcessingInitializeOnLoad (3ms)
			EditorAssembliesLoaded (1ms)
		ExecutionOrderSort2 (0ms)
		AwakeInstancesAfterBackupRestoration (24ms)
Multiple plugins with the same name 'libegl' (found at 'Assets/Ink/InkyEditor/swiftshader/libEGL.dll' and 'Assets/Ink/InkyEditor/libEGL.dll'). That means one or more plugins are set to be compatible with Editor. Only one plugin at the time can be used by Editor.
0x00007ff70ce574dd (Unity) StackWalker::GetCurrentCallstack
0x00007ff70ce5c5a9 (Unity) StackWalker::ShowCallstack
0x00007ff70de3a091 (Unity) GetStacktrace
0x00007ff70e4f42ce (Unity) DebugStringToFile
0x00007ff70d9e900d (Unity) PluginManager::AddPluginPath
0x00007ff70d9f7711 (Unity) PluginManager::RefreshPlugins
0x00007ff70e1e10f6 (Unity) <lambda_b37b41f03089e3cb3f55061bbc93253d>::operator()
0x00007ff70e21b402 (Unity) asio::detail::completion_handler<core::mutable_function<void __cdecl(void)>,asio::io_context::basic_executor_type<std::allocator<void>,0> >::do_complete
0x00007ff70e2073ae (Unity) asio::detail::win_iocp_io_context::do_one
0x00007ff70e209014 (Unity) asio::detail::win_iocp_io_context::run
0x00007ff70e2197ac (Unity) IOService::Run
0x00007ff70e1ed30f (Unity) AssetImportWorkerClient::Run
0x00007ff70e1b81f7 (Unity) RunAssetImportWorkerClientV2
0x00007ff70e1b827b (Unity) RunAssetImporterV2
0x00007ff70d9b8651 (Unity) Application::InitializeProject
0x00007ff70de44875 (Unity) WinMain
0x00007ff70f22765e (Unity) __scrt_common_main_seh
0x00007ffc8a7b7344 (KERNEL32) BaseThreadInitThunk
0x00007ffc8c3e26b1 (ntdll) RtlUserThreadStart

Multiple plugins with the same name 'libglesv2' (found at 'Assets/Ink/InkyEditor/swiftshader/libGLESv2.dll' and 'Assets/Ink/InkyEditor/libGLESv2.dll'). That means one or more plugins are set to be compatible with Editor. Only one plugin at the time can be used by Editor.
0x00007ff70ce574dd (Unity) StackWalker::GetCurrentCallstack
0x00007ff70ce5c5a9 (Unity) StackWalker::ShowCallstack
0x00007ff70de3a091 (Unity) GetStacktrace
0x00007ff70e4f42ce (Unity) DebugStringToFile
0x00007ff70d9e900d (Unity) PluginManager::AddPluginPath
0x00007ff70d9f7711 (Unity) PluginManager::RefreshPlugins
0x00007ff70e1e10f6 (Unity) <lambda_b37b41f03089e3cb3f55061bbc93253d>::operator()
0x00007ff70e21b402 (Unity) asio::detail::completion_handler<core::mutable_function<void __cdecl(void)>,asio::io_context::basic_executor_type<std::allocator<void>,0> >::do_complete
0x00007ff70e2073ae (Unity) asio::detail::win_iocp_io_context::do_one
0x00007ff70e209014 (Unity) asio::detail::win_iocp_io_context::run
0x00007ff70e2197ac (Unity) IOService::Run
0x00007ff70e1ed30f (Unity) AssetImportWorkerClient::Run
0x00007ff70e1b81f7 (Unity) RunAssetImportWorkerClientV2
0x00007ff70e1b827b (Unity) RunAssetImporterV2
0x00007ff70d9b8651 (Unity) Application::InitializeProject
0x00007ff70de44875 (Unity) WinMain
0x00007ff70f22765e (Unity) __scrt_common_main_seh
0x00007ffc8a7b7344 (KERNEL32) BaseThreadInitThunk
0x00007ffc8c3e26b1 (ntdll) RtlUserThreadStart

Refreshing native plugins compatible for Editor in 16.46 ms, found 9 plugins.
Preloading 0 native plugins for Editor in 0.00 ms.
Unloading 5481 Unused Serialized files (Serialized files now loaded: 0)
Unloading 56 unused Assets / (46.6 KB). Loaded Objects now: 5966.
Memory consumption went from 183.3 MB to 183.3 MB.
Total: 6.862300 ms (FindLiveObjects: 0.856100 ms CreateObjectMapping: 1.038100 ms MarkObjects: 4.848900 ms  DeleteObjects: 0.117700 ms)

Prepare: number of updated asset objects reloaded= 0
AssetImportParameters requested are different than current active one (requested -> active):
  custom:container-demuxer-ogg: 62fdf1f143b41e24485cea50d1cbac27 -> 
  custom:video-decoder-ogg-theora: a1e56fd34408186e4bbccfd4996cb3dc -> 
  custom:framework-win-MediaFoundation: 216162199b28c13a410421893ffa2e32 -> 
  custom:CustomObjectIndexerAttribute: 9a22284fe3817be447336de3de66b15e -> 
  custom:container-demuxer-webm: 4f35f7cbe854078d1ac9338744f61a02 -> 
  custom:container-muxer-webm: aa71ff27fc2769a1b78a27578f13a17b -> 
  custom:video-decoder-webm-vp8: 9c59270c3fd7afecdb556c50c9e8de78 -> 
  custom:SearchIndexIgnoredProperties: e643bd26f0fe6173181afceb89e7c659 -> 
  custom:AudioImporter_EditorPlatform: d09bf68614088b80899f8185d706f6e7 -> 
  custom:video-encoder-webm-vp8: eb34c28f22e8b96e1ab97ce403110664 -> 
  custom:audio-decoder-ogg-vorbis: bf7c407c2cedff20999df2af8eb42d56 -> 
  custom:audio-encoder-webm-vorbis: bf7c407c2cedff20999df2af8eb42d56 -> 
========================================================================
Received Prepare
Begin MonoManager ReloadAssembly
- Loaded All Assemblies, in  0.502 seconds
Multiple plugins with the same name 'libegl' (found at 'Assets/Ink/InkyEditor/swiftshader/libEGL.dll' and 'Assets/Ink/InkyEditor/libEGL.dll'). That means one or more plugins are set to be compatible with Editor. Only one plugin at the time can be used by Editor.
0x00007ff70ce574dd (Unity) StackWalker::GetCurrentCallstack
0x00007ff70ce5c5a9 (Unity) StackWalker::ShowCallstack
0x00007ff70de3a091 (Unity) GetStacktrace
0x00007ff70e4f42ce (Unity) DebugStringToFile
0x00007ff70d9e900d (Unity) PluginManager::AddPluginPath
0x00007ff70d9f7711 (Unity) PluginManager::RefreshPlugins
0x00007ff70e133873 (Unity) ScriptingInitializer::FinalizeReload
0x00007ff70dcdf83b (Unity) LoadUserAssemblies
0x00007ff70e1e1075 (Unity) <lambda_b37b41f03089e3cb3f55061bbc93253d>::operator()
0x00007ff70e21b402 (Unity) asio::detail::completion_handler<core::mutable_function<void __cdecl(void)>,asio::io_context::basic_executor_type<std::allocator<void>,0> >::do_complete
0x00007ff70e2073ae (Unity) asio::detail::win_iocp_io_context::do_one
0x00007ff70e209014 (Unity) asio::detail::win_iocp_io_context::run
0x00007ff70e2197ac (Unity) IOService::Run
0x00007ff70e1ed30f (Unity) AssetImportWorkerClient::Run
0x00007ff70e1b81f7 (Unity) RunAssetImportWorkerClientV2
0x00007ff70e1b827b (Unity) RunAssetImporterV2
0x00007ff70d9b8651 (Unity) Application::InitializeProject
0x00007ff70de44875 (Unity) WinMain
0x00007ff70f22765e (Unity) __scrt_common_main_seh
0x00007ffc8a7b7344 (KERNEL32) BaseThreadInitThunk
0x00007ffc8c3e26b1 (ntdll) RtlUserThreadStart

Multiple plugins with the same name 'libglesv2' (found at 'Assets/Ink/InkyEditor/swiftshader/libGLESv2.dll' and 'Assets/Ink/InkyEditor/libGLESv2.dll'). That means one or more plugins are set to be compatible with Editor. Only one plugin at the time can be used by Editor.
0x00007ff70ce574dd (Unity) StackWalker::GetCurrentCallstack
0x00007ff70ce5c5a9 (Unity) StackWalker::ShowCallstack
0x00007ff70de3a091 (Unity) GetStacktrace
0x00007ff70e4f42ce (Unity) DebugStringToFile
0x00007ff70d9e900d (Unity) PluginManager::AddPluginPath
0x00007ff70d9f7711 (Unity) PluginManager::RefreshPlugins
0x00007ff70e133873 (Unity) ScriptingInitializer::FinalizeReload
0x00007ff70dcdf83b (Unity) LoadUserAssemblies
0x00007ff70e1e1075 (Unity) <lambda_b37b41f03089e3cb3f55061bbc93253d>::operator()
0x00007ff70e21b402 (Unity) asio::detail::completion_handler<core::mutable_function<void __cdecl(void)>,asio::io_context::basic_executor_type<std::allocator<void>,0> >::do_complete
0x00007ff70e2073ae (Unity) asio::detail::win_iocp_io_context::do_one
0x00007ff70e209014 (Unity) asio::detail::win_iocp_io_context::run
0x00007ff70e2197ac (Unity) IOService::Run
0x00007ff70e1ed30f (Unity) AssetImportWorkerClient::Run
0x00007ff70e1b81f7 (Unity) RunAssetImportWorkerClientV2
0x00007ff70e1b827b (Unity) RunAssetImporterV2
0x00007ff70d9b8651 (Unity) Application::InitializeProject
0x00007ff70de44875 (Unity) WinMain
0x00007ff70f22765e (Unity) __scrt_common_main_seh
0x00007ffc8a7b7344 (KERNEL32) BaseThreadInitThunk
0x00007ffc8c3e26b1 (ntdll) RtlUserThreadStart

Refreshing native plugins compatible for Editor in 9.47 ms, found 9 plugins.
Native extension for WindowsStandalone target not found
Native extension for Android target not found
[Package Manager] Server::EnsureServerProcessIsRunning -- launch failed, reason: Unity was launched with the -noUpm command-line argument
[Package Manager] UpmClient::Send -- Unable to send message (not connected to UPM process).
[Package Manager] Cannot connect to Unity Package Manager local server
Mono: successfully reloaded assembly
[Package Manager] Server::EnsureServerProcessIsRunning -- launch failed, reason: Unity was launched with the -noUpm command-line argument
[Package Manager] UpmClient::Send -- Unable to send message (not connected to UPM process).
[Package Manager] Cannot connect to Unity Package Manager local server
- Finished resetting the current domain, in  1.230 seconds
Domain Reload Profiling: 1730ms
	BeginReloadAssembly (188ms)
		ExecutionOrderSort (0ms)
		DisableScriptedObjects (17ms)
		BackupInstance (0ms)
		ReleaseScriptingObjects (0ms)
		CreateAndSetChildDomain (40ms)
	RebuildCommonClasses (32ms)
	RebuildNativeTypeToScriptingClass (12ms)
	initialDomainReloadingComplete (27ms)
	LoadAllAssembliesAndSetupDomain (242ms)
		LoadAssemblies (317ms)
		RebuildTransferFunctionScriptingTraits (0ms)
		AnalyzeDomain (24ms)
			TypeCache.Refresh (7ms)
				TypeCache.ScanAssembly (0ms)
			ScanForSourceGeneratedMonoScriptInfo (0ms)
			ResolveRequiredComponents (16ms)
	FinalizeReload (1230ms)
		ReleaseScriptCaches (0ms)
		RebuildScriptCaches (0ms)
		SetupLoadedEditorAssemblies (558ms)
			LogAssemblyErrors (0ms)
			InitializePlatformSupportModulesInManaged (23ms)
			SetLoadedEditorAssemblies (5ms)
			RefreshPlugins (0ms)
			BeforeProcessingInitializeOnLoad (89ms)
			ProcessInitializeOnLoadAttributes (394ms)
			ProcessInitializeOnLoadMethodAttributes (44ms)
			AfterProcessingInitializeOnLoad (4ms)
			EditorAssembliesLoaded (1ms)
		ExecutionOrderSort2 (0ms)
		AwakeInstancesAfterBackupRestoration (26ms)
Multiple plugins with the same name 'libegl' (found at 'Assets/Ink/InkyEditor/swiftshader/libEGL.dll' and 'Assets/Ink/InkyEditor/libEGL.dll'). That means one or more plugins are set to be compatible with Editor. Only one plugin at the time can be used by Editor.
0x00007ff70ce574dd (Unity) StackWalker::GetCurrentCallstack
0x00007ff70ce5c5a9 (Unity) StackWalker::ShowCallstack
0x00007ff70de3a091 (Unity) GetStacktrace
0x00007ff70e4f42ce (Unity) DebugStringToFile
0x00007ff70d9e900d (Unity) PluginManager::AddPluginPath
0x00007ff70d9f7711 (Unity) PluginManager::RefreshPlugins
0x00007ff70e1e10f6 (Unity) <lambda_b37b41f03089e3cb3f55061bbc93253d>::operator()
0x00007ff70e21b402 (Unity) asio::detail::completion_handler<core::mutable_function<void __cdecl(void)>,asio::io_context::basic_executor_type<std::allocator<void>,0> >::do_complete
0x00007ff70e2073ae (Unity) asio::detail::win_iocp_io_context::do_one
0x00007ff70e209014 (Unity) asio::detail::win_iocp_io_context::run
0x00007ff70e2197ac (Unity) IOService::Run
0x00007ff70e1ed30f (Unity) AssetImportWorkerClient::Run
0x00007ff70e1b81f7 (Unity) RunAssetImportWorkerClientV2
0x00007ff70e1b827b (Unity) RunAssetImporterV2
0x00007ff70d9b8651 (Unity) Application::InitializeProject
0x00007ff70de44875 (Unity) WinMain
0x00007ff70f22765e (Unity) __scrt_common_main_seh
0x00007ffc8a7b7344 (KERNEL32) BaseThreadInitThunk
0x00007ffc8c3e26b1 (ntdll) RtlUserThreadStart

Multiple plugins with the same name 'libglesv2' (found at 'Assets/Ink/InkyEditor/swiftshader/libGLESv2.dll' and 'Assets/Ink/InkyEditor/libGLESv2.dll'). That means one or more plugins are set to be compatible with Editor. Only one plugin at the time can be used by Editor.
0x00007ff70ce574dd (Unity) StackWalker::GetCurrentCallstack
0x00007ff70ce5c5a9 (Unity) StackWalker::ShowCallstack
0x00007ff70de3a091 (Unity) GetStacktrace
0x00007ff70e4f42ce (Unity) DebugStringToFile
0x00007ff70d9e900d (Unity) PluginManager::AddPluginPath
0x00007ff70d9f7711 (Unity) PluginManager::RefreshPlugins
0x00007ff70e1e10f6 (Unity) <lambda_b37b41f03089e3cb3f55061bbc93253d>::operator()
0x00007ff70e21b402 (Unity) asio::detail::completion_handler<core::mutable_function<void __cdecl(void)>,asio::io_context::basic_executor_type<std::allocator<void>,0> >::do_complete
0x00007ff70e2073ae (Unity) asio::detail::win_iocp_io_context::do_one
0x00007ff70e209014 (Unity) asio::detail::win_iocp_io_context::run
0x00007ff70e2197ac (Unity) IOService::Run
0x00007ff70e1ed30f (Unity) AssetImportWorkerClient::Run
0x00007ff70e1b81f7 (Unity) RunAssetImportWorkerClientV2
0x00007ff70e1b827b (Unity) RunAssetImporterV2
0x00007ff70d9b8651 (Unity) Application::InitializeProject
0x00007ff70de44875 (Unity) WinMain
0x00007ff70f22765e (Unity) __scrt_common_main_seh
0x00007ffc8a7b7344 (KERNEL32) BaseThreadInitThunk
0x00007ffc8c3e26b1 (ntdll) RtlUserThreadStart

Refreshing native plugins compatible for Editor in 16.38 ms, found 9 plugins.
Preloading 0 native plugins for Editor in 0.00 ms.
Unloading 5481 Unused Serialized files (Serialized files now loaded: 0)
Unloading 56 unused Assets / (46.6 KB). Loaded Objects now: 5970.
Memory consumption went from 185.3 MB to 185.2 MB.
Total: 7.782800 ms (FindLiveObjects: 0.807200 ms CreateObjectMapping: 0.828200 ms MarkObjects: 6.007700 ms  DeleteObjects: 0.138600 ms)

Prepare: number of updated asset objects reloaded= 0
AssetImportParameters requested are different than current active one (requested -> active):
  custom:container-demuxer-ogg: 62fdf1f143b41e24485cea50d1cbac27 -> 
  custom:video-decoder-ogg-theora: a1e56fd34408186e4bbccfd4996cb3dc -> 
  custom:framework-win-MediaFoundation: 216162199b28c13a410421893ffa2e32 -> 
  custom:CustomObjectIndexerAttribute: 9a22284fe3817be447336de3de66b15e -> 
  custom:container-demuxer-webm: 4f35f7cbe854078d1ac9338744f61a02 -> 
  custom:container-muxer-webm: aa71ff27fc2769a1b78a27578f13a17b -> 
  custom:video-decoder-webm-vp8: 9c59270c3fd7afecdb556c50c9e8de78 -> 
  custom:SearchIndexIgnoredProperties: e643bd26f0fe6173181afceb89e7c659 -> 
  custom:AudioImporter_EditorPlatform: d09bf68614088b80899f8185d706f6e7 -> 
  custom:video-encoder-webm-vp8: eb34c28f22e8b96e1ab97ce403110664 -> 
  custom:audio-decoder-ogg-vorbis: bf7c407c2cedff20999df2af8eb42d56 -> 
  custom:audio-encoder-webm-vorbis: bf7c407c2cedff20999df2af8eb42d56 -> 
========================================================================
Received Prepare
Begin MonoManager ReloadAssembly
- Loaded All Assemblies, in  0.521 seconds
Multiple plugins with the same name 'libegl' (found at 'Assets/Ink/InkyEditor/swiftshader/libEGL.dll' and 'Assets/Ink/InkyEditor/libEGL.dll'). That means one or more plugins are set to be compatible with Editor. Only one plugin at the time can be used by Editor.
0x00007ff70ce574dd (Unity) StackWalker::GetCurrentCallstack
0x00007ff70ce5c5a9 (Unity) StackWalker::ShowCallstack
0x00007ff70de3a091 (Unity) GetStacktrace
0x00007ff70e4f42ce (Unity) DebugStringToFile
0x00007ff70d9e900d (Unity) PluginManager::AddPluginPath
0x00007ff70d9f7711 (Unity) PluginManager::RefreshPlugins
0x00007ff70e133873 (Unity) ScriptingInitializer::FinalizeReload
0x00007ff70dcdf83b (Unity) LoadUserAssemblies
0x00007ff70e1e1075 (Unity) <lambda_b37b41f03089e3cb3f55061bbc93253d>::operator()
0x00007ff70e21b402 (Unity) asio::detail::completion_handler<core::mutable_function<void __cdecl(void)>,asio::io_context::basic_executor_type<std::allocator<void>,0> >::do_complete
0x00007ff70e2073ae (Unity) asio::detail::win_iocp_io_context::do_one
0x00007ff70e209014 (Unity) asio::detail::win_iocp_io_context::run
0x00007ff70e2197ac (Unity) IOService::Run
0x00007ff70e1ed30f (Unity) AssetImportWorkerClient::Run
0x00007ff70e1b81f7 (Unity) RunAssetImportWorkerClientV2
0x00007ff70e1b827b (Unity) RunAssetImporterV2
0x00007ff70d9b8651 (Unity) Application::InitializeProject
0x00007ff70de44875 (Unity) WinMain
0x00007ff70f22765e (Unity) __scrt_common_main_seh
0x00007ffc8a7b7344 (KERNEL32) BaseThreadInitThunk
0x00007ffc8c3e26b1 (ntdll) RtlUserThreadStart

Multiple plugins with the same name 'libglesv2' (found at 'Assets/Ink/InkyEditor/swiftshader/libGLESv2.dll' and 'Assets/Ink/InkyEditor/libGLESv2.dll'). That means one or more plugins are set to be compatible with Editor. Only one plugin at the time can be used by Editor.
0x00007ff70ce574dd (Unity) StackWalker::GetCurrentCallstack
0x00007ff70ce5c5a9 (Unity) StackWalker::ShowCallstack
0x00007ff70de3a091 (Unity) GetStacktrace
0x00007ff70e4f42ce (Unity) DebugStringToFile
0x00007ff70d9e900d (Unity) PluginManager::AddPluginPath
0x00007ff70d9f7711 (Unity) PluginManager::RefreshPlugins
0x00007ff70e133873 (Unity) ScriptingInitializer::FinalizeReload
0x00007ff70dcdf83b (Unity) LoadUserAssemblies
0x00007ff70e1e1075 (Unity) <lambda_b37b41f03089e3cb3f55061bbc93253d>::operator()
0x00007ff70e21b402 (Unity) asio::detail::completion_handler<core::mutable_function<void __cdecl(void)>,asio::io_context::basic_executor_type<std::allocator<void>,0> >::do_complete
0x00007ff70e2073ae (Unity) asio::detail::win_iocp_io_context::do_one
0x00007ff70e209014 (Unity) asio::detail::win_iocp_io_context::run
0x00007ff70e2197ac (Unity) IOService::Run
0x00007ff70e1ed30f (Unity) AssetImportWorkerClient::Run
0x00007ff70e1b81f7 (Unity) RunAssetImportWorkerClientV2
0x00007ff70e1b827b (Unity) RunAssetImporterV2
0x00007ff70d9b8651 (Unity) Application::InitializeProject
0x00007ff70de44875 (Unity) WinMain
0x00007ff70f22765e (Unity) __scrt_common_main_seh
0x00007ffc8a7b7344 (KERNEL32) BaseThreadInitThunk
0x00007ffc8c3e26b1 (ntdll) RtlUserThreadStart

Refreshing native plugins compatible for Editor in 9.87 ms, found 9 plugins.
Native extension for WindowsStandalone target not found
Native extension for Android target not found
[Package Manager] Server::EnsureServerProcessIsRunning -- launch failed, reason: Unity was launched with the -noUpm command-line argument
[Package Manager] UpmClient::Send -- Unable to send message (not connected to UPM process).
[Package Manager] Cannot connect to Unity Package Manager local server
Mono: successfully reloaded assembly
[Package Manager] Server::EnsureServerProcessIsRunning -- launch failed, reason: Unity was launched with the -noUpm command-line argument
[Package Manager] UpmClient::Send -- Unable to send message (not connected to UPM process).
[Package Manager] Cannot connect to Unity Package Manager local server
- Finished resetting the current domain, in  1.154 seconds
Domain Reload Profiling: 1674ms
	BeginReloadAssembly (177ms)
		ExecutionOrderSort (0ms)
		DisableScriptedObjects (11ms)
		BackupInstance (0ms)
		ReleaseScriptingObjects (0ms)
		CreateAndSetChildDomain (41ms)
	RebuildCommonClasses (38ms)
	RebuildNativeTypeToScriptingClass (13ms)
	initialDomainReloadingComplete (27ms)
	LoadAllAssembliesAndSetupDomain (265ms)
		LoadAssemblies (325ms)
		RebuildTransferFunctionScriptingTraits (0ms)
		AnalyzeDomain (37ms)
			TypeCache.Refresh (10ms)
				TypeCache.ScanAssembly (0ms)
			ScanForSourceGeneratedMonoScriptInfo (0ms)
			ResolveRequiredComponents (24ms)
	FinalizeReload (1154ms)
		ReleaseScriptCaches (0ms)
		RebuildScriptCaches (0ms)
		SetupLoadedEditorAssemblies (505ms)
			LogAssemblyErrors (0ms)
			InitializePlatformSupportModulesInManaged (25ms)
			SetLoadedEditorAssemblies (5ms)
			RefreshPlugins (0ms)
			BeforeProcessingInitializeOnLoad (85ms)
			ProcessInitializeOnLoadAttributes (344ms)
			ProcessInitializeOnLoadMethodAttributes (42ms)
			AfterProcessingInitializeOnLoad (4ms)
			EditorAssembliesLoaded (1ms)
		ExecutionOrderSort2 (0ms)
		AwakeInstancesAfterBackupRestoration (24ms)
Multiple plugins with the same name 'libegl' (found at 'Assets/Ink/InkyEditor/swiftshader/libEGL.dll' and 'Assets/Ink/InkyEditor/libEGL.dll'). That means one or more plugins are set to be compatible with Editor. Only one plugin at the time can be used by Editor.
0x00007ff70ce574dd (Unity) StackWalker::GetCurrentCallstack
0x00007ff70ce5c5a9 (Unity) StackWalker::ShowCallstack
0x00007ff70de3a091 (Unity) GetStacktrace
0x00007ff70e4f42ce (Unity) DebugStringToFile
0x00007ff70d9e900d (Unity) PluginManager::AddPluginPath
0x00007ff70d9f7711 (Unity) PluginManager::RefreshPlugins
0x00007ff70e1e10f6 (Unity) <lambda_b37b41f03089e3cb3f55061bbc93253d>::operator()
0x00007ff70e21b402 (Unity) asio::detail::completion_handler<core::mutable_function<void __cdecl(void)>,asio::io_context::basic_executor_type<std::allocator<void>,0> >::do_complete
0x00007ff70e2073ae (Unity) asio::detail::win_iocp_io_context::do_one
0x00007ff70e209014 (Unity) asio::detail::win_iocp_io_context::run
0x00007ff70e2197ac (Unity) IOService::Run
0x00007ff70e1ed30f (Unity) AssetImportWorkerClient::Run
0x00007ff70e1b81f7 (Unity) RunAssetImportWorkerClientV2
0x00007ff70e1b827b (Unity) RunAssetImporterV2
0x00007ff70d9b8651 (Unity) Application::InitializeProject
0x00007ff70de44875 (Unity) WinMain
0x00007ff70f22765e (Unity) __scrt_common_main_seh
0x00007ffc8a7b7344 (KERNEL32) BaseThreadInitThunk
0x00007ffc8c3e26b1 (ntdll) RtlUserThreadStart

Multiple plugins with the same name 'libglesv2' (found at 'Assets/Ink/InkyEditor/swiftshader/libGLESv2.dll' and 'Assets/Ink/InkyEditor/libGLESv2.dll'). That means one or more plugins are set to be compatible with Editor. Only one plugin at the time can be used by Editor.
0x00007ff70ce574dd (Unity) StackWalker::GetCurrentCallstack
0x00007ff70ce5c5a9 (Unity) StackWalker::ShowCallstack
0x00007ff70de3a091 (Unity) GetStacktrace
0x00007ff70e4f42ce (Unity) DebugStringToFile
0x00007ff70d9e900d (Unity) PluginManager::AddPluginPath
0x00007ff70d9f7711 (Unity) PluginManager::RefreshPlugins
0x00007ff70e1e10f6 (Unity) <lambda_b37b41f03089e3cb3f55061bbc93253d>::operator()
0x00007ff70e21b402 (Unity) asio::detail::completion_handler<core::mutable_function<void __cdecl(void)>,asio::io_context::basic_executor_type<std::allocator<void>,0> >::do_complete
0x00007ff70e2073ae (Unity) asio::detail::win_iocp_io_context::do_one
0x00007ff70e209014 (Unity) asio::detail::win_iocp_io_context::run
0x00007ff70e2197ac (Unity) IOService::Run
0x00007ff70e1ed30f (Unity) AssetImportWorkerClient::Run
0x00007ff70e1b81f7 (Unity) RunAssetImportWorkerClientV2
0x00007ff70e1b827b (Unity) RunAssetImporterV2
0x00007ff70d9b8651 (Unity) Application::InitializeProject
0x00007ff70de44875 (Unity) WinMain
0x00007ff70f22765e (Unity) __scrt_common_main_seh
0x00007ffc8a7b7344 (KERNEL32) BaseThreadInitThunk
0x00007ffc8c3e26b1 (ntdll) RtlUserThreadStart

Refreshing native plugins compatible for Editor in 15.26 ms, found 9 plugins.
Preloading 0 native plugins for Editor in 0.00 ms.
Unloading 5481 Unused Serialized files (Serialized files now loaded: 0)
Unloading 56 unused Assets / (46.6 KB). Loaded Objects now: 5974.
Memory consumption went from 187.2 MB to 187.2 MB.
Total: 4.941400 ms (FindLiveObjects: 0.642000 ms CreateObjectMapping: 0.596800 ms MarkObjects: 3.614800 ms  DeleteObjects: 0.086400 ms)

Prepare: number of updated asset objects reloaded= 0
AssetImportParameters requested are different than current active one (requested -> active):
  custom:container-demuxer-ogg: 62fdf1f143b41e24485cea50d1cbac27 -> 
  custom:video-decoder-ogg-theora: a1e56fd34408186e4bbccfd4996cb3dc -> 
  custom:framework-win-MediaFoundation: 216162199b28c13a410421893ffa2e32 -> 
  custom:CustomObjectIndexerAttribute: 9a22284fe3817be447336de3de66b15e -> 
  custom:container-demuxer-webm: 4f35f7cbe854078d1ac9338744f61a02 -> 
  custom:container-muxer-webm: aa71ff27fc2769a1b78a27578f13a17b -> 
  custom:video-decoder-webm-vp8: 9c59270c3fd7afecdb556c50c9e8de78 -> 
  custom:SearchIndexIgnoredProperties: e643bd26f0fe6173181afceb89e7c659 -> 
  custom:AudioImporter_EditorPlatform: d09bf68614088b80899f8185d706f6e7 -> 
  custom:video-encoder-webm-vp8: eb34c28f22e8b96e1ab97ce403110664 -> 
  custom:audio-decoder-ogg-vorbis: bf7c407c2cedff20999df2af8eb42d56 -> 
  custom:audio-encoder-webm-vorbis: bf7c407c2cedff20999df2af8eb42d56 -> 
========================================================================
Received Prepare
Begin MonoManager ReloadAssembly
- Loaded All Assemblies, in  0.494 seconds
Multiple plugins with the same name 'libegl' (found at 'Assets/Ink/InkyEditor/swiftshader/libEGL.dll' and 'Assets/Ink/InkyEditor/libEGL.dll'). That means one or more plugins are set to be compatible with Editor. Only one plugin at the time can be used by Editor.
0x00007ff70ce574dd (Unity) StackWalker::GetCurrentCallstack
0x00007ff70ce5c5a9 (Unity) StackWalker::ShowCallstack
0x00007ff70de3a091 (Unity) GetStacktrace
0x00007ff70e4f42ce (Unity) DebugStringToFile
0x00007ff70d9e900d (Unity) PluginManager::AddPluginPath
0x00007ff70d9f7711 (Unity) PluginManager::RefreshPlugins
0x00007ff70e133873 (Unity) ScriptingInitializer::FinalizeReload
0x00007ff70dcdf83b (Unity) LoadUserAssemblies
0x00007ff70e1e1075 (Unity) <lambda_b37b41f03089e3cb3f55061bbc93253d>::operator()
0x00007ff70e21b402 (Unity) asio::detail::completion_handler<core::mutable_function<void __cdecl(void)>,asio::io_context::basic_executor_type<std::allocator<void>,0> >::do_complete
0x00007ff70e2073ae (Unity) asio::detail::win_iocp_io_context::do_one
0x00007ff70e209014 (Unity) asio::detail::win_iocp_io_context::run
0x00007ff70e2197ac (Unity) IOService::Run
0x00007ff70e1ed30f (Unity) AssetImportWorkerClient::Run
0x00007ff70e1b81f7 (Unity) RunAssetImportWorkerClientV2
0x00007ff70e1b827b (Unity) RunAssetImporterV2
0x00007ff70d9b8651 (Unity) Application::InitializeProject
0x00007ff70de44875 (Unity) WinMain
0x00007ff70f22765e (Unity) __scrt_common_main_seh
0x00007ffc8a7b7344 (KERNEL32) BaseThreadInitThunk
0x00007ffc8c3e26b1 (ntdll) RtlUserThreadStart

Multiple plugins with the same name 'libglesv2' (found at 'Assets/Ink/InkyEditor/swiftshader/libGLESv2.dll' and 'Assets/Ink/InkyEditor/libGLESv2.dll'). That means one or more plugins are set to be compatible with Editor. Only one plugin at the time can be used by Editor.
0x00007ff70ce574dd (Unity) StackWalker::GetCurrentCallstack
0x00007ff70ce5c5a9 (Unity) StackWalker::ShowCallstack
0x00007ff70de3a091 (Unity) GetStacktrace
0x00007ff70e4f42ce (Unity) DebugStringToFile
0x00007ff70d9e900d (Unity) PluginManager::AddPluginPath
0x00007ff70d9f7711 (Unity) PluginManager::RefreshPlugins
0x00007ff70e133873 (Unity) ScriptingInitializer::FinalizeReload
0x00007ff70dcdf83b (Unity) LoadUserAssemblies
0x00007ff70e1e1075 (Unity) <lambda_b37b41f03089e3cb3f55061bbc93253d>::operator()
0x00007ff70e21b402 (Unity) asio::detail::completion_handler<core::mutable_function<void __cdecl(void)>,asio::io_context::basic_executor_type<std::allocator<void>,0> >::do_complete
0x00007ff70e2073ae (Unity) asio::detail::win_iocp_io_context::do_one
0x00007ff70e209014 (Unity) asio::detail::win_iocp_io_context::run
0x00007ff70e2197ac (Unity) IOService::Run
0x00007ff70e1ed30f (Unity) AssetImportWorkerClient::Run
0x00007ff70e1b81f7 (Unity) RunAssetImportWorkerClientV2
0x00007ff70e1b827b (Unity) RunAssetImporterV2
0x00007ff70d9b8651 (Unity) Application::InitializeProject
0x00007ff70de44875 (Unity) WinMain
0x00007ff70f22765e (Unity) __scrt_common_main_seh
0x00007ffc8a7b7344 (KERNEL32) BaseThreadInitThunk
0x00007ffc8c3e26b1 (ntdll) RtlUserThreadStart

Refreshing native plugins compatible for Editor in 10.21 ms, found 9 plugins.
Native extension for WindowsStandalone target not found
Native extension for Android target not found
[Package Manager] Server::EnsureServerProcessIsRunning -- launch failed, reason: Unity was launched with the -noUpm command-line argument
[Package Manager] UpmClient::Send -- Unable to send message (not connected to UPM process).
[Package Manager] Cannot connect to Unity Package Manager local server
Mono: successfully reloaded assembly
[Package Manager] Server::EnsureServerProcessIsRunning -- launch failed, reason: Unity was launched with the -noUpm command-line argument
[Package Manager] UpmClient::Send -- Unable to send message (not connected to UPM process).
[Package Manager] Cannot connect to Unity Package Manager local server
- Finished resetting the current domain, in  1.142 seconds
Domain Reload Profiling: 1635ms
	BeginReloadAssembly (177ms)
		ExecutionOrderSort (0ms)
		DisableScriptedObjects (12ms)
		BackupInstance (0ms)
		ReleaseScriptingObjects (0ms)
		CreateAndSetChildDomain (36ms)
	RebuildCommonClasses (33ms)
	RebuildNativeTypeToScriptingClass (14ms)
	initialDomainReloadingComplete (31ms)
	LoadAllAssembliesAndSetupDomain (237ms)
		LoadAssemblies (312ms)
		RebuildTransferFunctionScriptingTraits (0ms)
		AnalyzeDomain (25ms)
			TypeCache.Refresh (8ms)
				TypeCache.ScanAssembly (0ms)
			ScanForSourceGeneratedMonoScriptInfo (0ms)
			ResolveRequiredComponents (15ms)
	FinalizeReload (1143ms)
		ReleaseScriptCaches (0ms)
		RebuildScriptCaches (0ms)
		SetupLoadedEditorAssemblies (485ms)
			LogAssemblyErrors (0ms)
			InitializePlatformSupportModulesInManaged (23ms)
			SetLoadedEditorAssemblies (3ms)
			RefreshPlugins (0ms)
			BeforeProcessingInitializeOnLoad (78ms)
			ProcessInitializeOnLoadAttributes (334ms)
			ProcessInitializeOnLoadMethodAttributes (43ms)
			AfterProcessingInitializeOnLoad (3ms)
			EditorAssembliesLoaded (1ms)
		ExecutionOrderSort2 (0ms)
		AwakeInstancesAfterBackupRestoration (25ms)
Multiple plugins with the same name 'libegl' (found at 'Assets/Ink/InkyEditor/swiftshader/libEGL.dll' and 'Assets/Ink/InkyEditor/libEGL.dll'). That means one or more plugins are set to be compatible with Editor. Only one plugin at the time can be used by Editor.
0x00007ff70ce574dd (Unity) StackWalker::GetCurrentCallstack
0x00007ff70ce5c5a9 (Unity) StackWalker::ShowCallstack
0x00007ff70de3a091 (Unity) GetStacktrace
0x00007ff70e4f42ce (Unity) DebugStringToFile
0x00007ff70d9e900d (Unity) PluginManager::AddPluginPath
0x00007ff70d9f7711 (Unity) PluginManager::RefreshPlugins
0x00007ff70e1e10f6 (Unity) <lambda_b37b41f03089e3cb3f55061bbc93253d>::operator()
0x00007ff70e21b402 (Unity) asio::detail::completion_handler<core::mutable_function<void __cdecl(void)>,asio::io_context::basic_executor_type<std::allocator<void>,0> >::do_complete
0x00007ff70e2073ae (Unity) asio::detail::win_iocp_io_context::do_one
0x00007ff70e209014 (Unity) asio::detail::win_iocp_io_context::run
0x00007ff70e2197ac (Unity) IOService::Run
0x00007ff70e1ed30f (Unity) AssetImportWorkerClient::Run
0x00007ff70e1b81f7 (Unity) RunAssetImportWorkerClientV2
0x00007ff70e1b827b (Unity) RunAssetImporterV2
0x00007ff70d9b8651 (Unity) Application::InitializeProject
0x00007ff70de44875 (Unity) WinMain
0x00007ff70f22765e (Unity) __scrt_common_main_seh
0x00007ffc8a7b7344 (KERNEL32) BaseThreadInitThunk
0x00007ffc8c3e26b1 (ntdll) RtlUserThreadStart

Multiple plugins with the same name 'libglesv2' (found at 'Assets/Ink/InkyEditor/swiftshader/libGLESv2.dll' and 'Assets/Ink/InkyEditor/libGLESv2.dll'). That means one or more plugins are set to be compatible with Editor. Only one plugin at the time can be used by Editor.
0x00007ff70ce574dd (Unity) StackWalker::GetCurrentCallstack
0x00007ff70ce5c5a9 (Unity) StackWalker::ShowCallstack
0x00007ff70de3a091 (Unity) GetStacktrace
0x00007ff70e4f42ce (Unity) DebugStringToFile
0x00007ff70d9e900d (Unity) PluginManager::AddPluginPath
0x00007ff70d9f7711 (Unity) PluginManager::RefreshPlugins
0x00007ff70e1e10f6 (Unity) <lambda_b37b41f03089e3cb3f55061bbc93253d>::operator()
0x00007ff70e21b402 (Unity) asio::detail::completion_handler<core::mutable_function<void __cdecl(void)>,asio::io_context::basic_executor_type<std::allocator<void>,0> >::do_complete
0x00007ff70e2073ae (Unity) asio::detail::win_iocp_io_context::do_one
0x00007ff70e209014 (Unity) asio::detail::win_iocp_io_context::run
0x00007ff70e2197ac (Unity) IOService::Run
0x00007ff70e1ed30f (Unity) AssetImportWorkerClient::Run
0x00007ff70e1b81f7 (Unity) RunAssetImportWorkerClientV2
0x00007ff70e1b827b (Unity) RunAssetImporterV2
0x00007ff70d9b8651 (Unity) Application::InitializeProject
0x00007ff70de44875 (Unity) WinMain
0x00007ff70f22765e (Unity) __scrt_common_main_seh
0x00007ffc8a7b7344 (KERNEL32) BaseThreadInitThunk
0x00007ffc8c3e26b1 (ntdll) RtlUserThreadStart

Refreshing native plugins compatible for Editor in 13.99 ms, found 9 plugins.
Preloading 0 native plugins for Editor in 0.00 ms.
Unloading 5481 Unused Serialized files (Serialized files now loaded: 0)
Unloading 56 unused Assets / (46.6 KB). Loaded Objects now: 5978.
Memory consumption went from 189.1 MB to 189.1 MB.
Total: 6.615100 ms (FindLiveObjects: 0.739400 ms CreateObjectMapping: 0.789500 ms MarkObjects: 4.973500 ms  DeleteObjects: 0.111500 ms)

Prepare: number of updated asset objects reloaded= 0
AssetImportParameters requested are different than current active one (requested -> active):
  custom:container-demuxer-ogg: 62fdf1f143b41e24485cea50d1cbac27 -> 
  custom:video-decoder-ogg-theora: a1e56fd34408186e4bbccfd4996cb3dc -> 
  custom:framework-win-MediaFoundation: 216162199b28c13a410421893ffa2e32 -> 
  custom:CustomObjectIndexerAttribute: 9a22284fe3817be447336de3de66b15e -> 
  custom:container-demuxer-webm: 4f35f7cbe854078d1ac9338744f61a02 -> 
  custom:container-muxer-webm: aa71ff27fc2769a1b78a27578f13a17b -> 
  custom:video-decoder-webm-vp8: 9c59270c3fd7afecdb556c50c9e8de78 -> 
  custom:SearchIndexIgnoredProperties: e643bd26f0fe6173181afceb89e7c659 -> 
  custom:AudioImporter_EditorPlatform: d09bf68614088b80899f8185d706f6e7 -> 
  custom:video-encoder-webm-vp8: eb34c28f22e8b96e1ab97ce403110664 -> 
  custom:audio-decoder-ogg-vorbis: bf7c407c2cedff20999df2af8eb42d56 -> 
  custom:audio-encoder-webm-vorbis: bf7c407c2cedff20999df2af8eb42d56 -> 
========================================================================
Received Prepare
Begin MonoManager ReloadAssembly
- Loaded All Assemblies, in  0.502 seconds
Multiple plugins with the same name 'libegl' (found at 'Assets/Ink/InkyEditor/swiftshader/libEGL.dll' and 'Assets/Ink/InkyEditor/libEGL.dll'). That means one or more plugins are set to be compatible with Editor. Only one plugin at the time can be used by Editor.
0x00007ff70ce574dd (Unity) StackWalker::GetCurrentCallstack
0x00007ff70ce5c5a9 (Unity) StackWalker::ShowCallstack
0x00007ff70de3a091 (Unity) GetStacktrace
0x00007ff70e4f42ce (Unity) DebugStringToFile
0x00007ff70d9e900d (Unity) PluginManager::AddPluginPath
0x00007ff70d9f7711 (Unity) PluginManager::RefreshPlugins
0x00007ff70e133873 (Unity) ScriptingInitializer::FinalizeReload
0x00007ff70dcdf83b (Unity) LoadUserAssemblies
0x00007ff70e1e1075 (Unity) <lambda_b37b41f03089e3cb3f55061bbc93253d>::operator()
0x00007ff70e21b402 (Unity) asio::detail::completion_handler<core::mutable_function<void __cdecl(void)>,asio::io_context::basic_executor_type<std::allocator<void>,0> >::do_complete
0x00007ff70e2073ae (Unity) asio::detail::win_iocp_io_context::do_one
0x00007ff70e209014 (Unity) asio::detail::win_iocp_io_context::run
0x00007ff70e2197ac (Unity) IOService::Run
0x00007ff70e1ed30f (Unity) AssetImportWorkerClient::Run
0x00007ff70e1b81f7 (Unity) RunAssetImportWorkerClientV2
0x00007ff70e1b827b (Unity) RunAssetImporterV2
0x00007ff70d9b8651 (Unity) Application::InitializeProject
0x00007ff70de44875 (Unity) WinMain
0x00007ff70f22765e (Unity) __scrt_common_main_seh
0x00007ffc8a7b7344 (KERNEL32) BaseThreadInitThunk
0x00007ffc8c3e26b1 (ntdll) RtlUserThreadStart

Multiple plugins with the same name 'libglesv2' (found at 'Assets/Ink/InkyEditor/swiftshader/libGLESv2.dll' and 'Assets/Ink/InkyEditor/libGLESv2.dll'). That means one or more plugins are set to be compatible with Editor. Only one plugin at the time can be used by Editor.
0x00007ff70ce574dd (Unity) StackWalker::GetCurrentCallstack
0x00007ff70ce5c5a9 (Unity) StackWalker::ShowCallstack
0x00007ff70de3a091 (Unity) GetStacktrace
0x00007ff70e4f42ce (Unity) DebugStringToFile
0x00007ff70d9e900d (Unity) PluginManager::AddPluginPath
0x00007ff70d9f7711 (Unity) PluginManager::RefreshPlugins
0x00007ff70e133873 (Unity) ScriptingInitializer::FinalizeReload
0x00007ff70dcdf83b (Unity) LoadUserAssemblies
0x00007ff70e1e1075 (Unity) <lambda_b37b41f03089e3cb3f55061bbc93253d>::operator()
0x00007ff70e21b402 (Unity) asio::detail::completion_handler<core::mutable_function<void __cdecl(void)>,asio::io_context::basic_executor_type<std::allocator<void>,0> >::do_complete
0x00007ff70e2073ae (Unity) asio::detail::win_iocp_io_context::do_one
0x00007ff70e209014 (Unity) asio::detail::win_iocp_io_context::run
0x00007ff70e2197ac (Unity) IOService::Run
0x00007ff70e1ed30f (Unity) AssetImportWorkerClient::Run
0x00007ff70e1b81f7 (Unity) RunAssetImportWorkerClientV2
0x00007ff70e1b827b (Unity) RunAssetImporterV2
0x00007ff70d9b8651 (Unity) Application::InitializeProject
0x00007ff70de44875 (Unity) WinMain
0x00007ff70f22765e (Unity) __scrt_common_main_seh
0x00007ffc8a7b7344 (KERNEL32) BaseThreadInitThunk
0x00007ffc8c3e26b1 (ntdll) RtlUserThreadStart

Refreshing native plugins compatible for Editor in 10.53 ms, found 9 plugins.
Native extension for WindowsStandalone target not found
Native extension for Android target not found
[Package Manager] Server::EnsureServerProcessIsRunning -- launch failed, reason: Unity was launched with the -noUpm command-line argument
[Package Manager] UpmClient::Send -- Unable to send message (not connected to UPM process).
[Package Manager] Cannot connect to Unity Package Manager local server
Mono: successfully reloaded assembly
[Package Manager] Server::EnsureServerProcessIsRunning -- launch failed, reason: Unity was launched with the -noUpm command-line argument
[Package Manager] UpmClient::Send -- Unable to send message (not connected to UPM process).
[Package Manager] Cannot connect to Unity Package Manager local server
- Finished resetting the current domain, in  1.168 seconds
Domain Reload Profiling: 1670ms
	BeginReloadAssembly (180ms)
		ExecutionOrderSort (0ms)
		DisableScriptedObjects (14ms)
		BackupInstance (0ms)
		ReleaseScriptingObjects (0ms)
		CreateAndSetChildDomain (36ms)
	RebuildCommonClasses (41ms)
	RebuildNativeTypeToScriptingClass (13ms)
	initialDomainReloadingComplete (27ms)
	LoadAllAssembliesAndSetupDomain (239ms)
		LoadAssemblies (318ms)
		RebuildTransferFunctionScriptingTraits (0ms)
		AnalyzeDomain (24ms)
			TypeCache.Refresh (7ms)
				TypeCache.ScanAssembly (0ms)
			ScanForSourceGeneratedMonoScriptInfo (0ms)
			ResolveRequiredComponents (16ms)
	FinalizeReload (1169ms)
		ReleaseScriptCaches (0ms)
		RebuildScriptCaches (0ms)
		SetupLoadedEditorAssemblies (517ms)
			LogAssemblyErrors (0ms)
			InitializePlatformSupportModulesInManaged (29ms)
			SetLoadedEditorAssemblies (5ms)
			RefreshPlugins (0ms)
			BeforeProcessingInitializeOnLoad (90ms)
			ProcessInitializeOnLoadAttributes (349ms)
			ProcessInitializeOnLoadMethodAttributes (39ms)
			AfterProcessingInitializeOnLoad (3ms)
			EditorAssembliesLoaded (1ms)
		ExecutionOrderSort2 (0ms)
		AwakeInstancesAfterBackupRestoration (25ms)
Multiple plugins with the same name 'libegl' (found at 'Assets/Ink/InkyEditor/swiftshader/libEGL.dll' and 'Assets/Ink/InkyEditor/libEGL.dll'). That means one or more plugins are set to be compatible with Editor. Only one plugin at the time can be used by Editor.
0x00007ff70ce574dd (Unity) StackWalker::GetCurrentCallstack
0x00007ff70ce5c5a9 (Unity) StackWalker::ShowCallstack
0x00007ff70de3a091 (Unity) GetStacktrace
0x00007ff70e4f42ce (Unity) DebugStringToFile
0x00007ff70d9e900d (Unity) PluginManager::AddPluginPath
0x00007ff70d9f7711 (Unity) PluginManager::RefreshPlugins
0x00007ff70e1e10f6 (Unity) <lambda_b37b41f03089e3cb3f55061bbc93253d>::operator()
0x00007ff70e21b402 (Unity) asio::detail::completion_handler<core::mutable_function<void __cdecl(void)>,asio::io_context::basic_executor_type<std::allocator<void>,0> >::do_complete
0x00007ff70e2073ae (Unity) asio::detail::win_iocp_io_context::do_one
0x00007ff70e209014 (Unity) asio::detail::win_iocp_io_context::run
0x00007ff70e2197ac (Unity) IOService::Run
0x00007ff70e1ed30f (Unity) AssetImportWorkerClient::Run
0x00007ff70e1b81f7 (Unity) RunAssetImportWorkerClientV2
0x00007ff70e1b827b (Unity) RunAssetImporterV2
0x00007ff70d9b8651 (Unity) Application::InitializeProject
0x00007ff70de44875 (Unity) WinMain
0x00007ff70f22765e (Unity) __scrt_common_main_seh
0x00007ffc8a7b7344 (KERNEL32) BaseThreadInitThunk
0x00007ffc8c3e26b1 (ntdll) RtlUserThreadStart

Multiple plugins with the same name 'libglesv2' (found at 'Assets/Ink/InkyEditor/swiftshader/libGLESv2.dll' and 'Assets/Ink/InkyEditor/libGLESv2.dll'). That means one or more plugins are set to be compatible with Editor. Only one plugin at the time can be used by Editor.
0x00007ff70ce574dd (Unity) StackWalker::GetCurrentCallstack
0x00007ff70ce5c5a9 (Unity) StackWalker::ShowCallstack
0x00007ff70de3a091 (Unity) GetStacktrace
0x00007ff70e4f42ce (Unity) DebugStringToFile
0x00007ff70d9e900d (Unity) PluginManager::AddPluginPath
0x00007ff70d9f7711 (Unity) PluginManager::RefreshPlugins
0x00007ff70e1e10f6 (Unity) <lambda_b37b41f03089e3cb3f55061bbc93253d>::operator()
0x00007ff70e21b402 (Unity) asio::detail::completion_handler<core::mutable_function<void __cdecl(void)>,asio::io_context::basic_executor_type<std::allocator<void>,0> >::do_complete
0x00007ff70e2073ae (Unity) asio::detail::win_iocp_io_context::do_one
0x00007ff70e209014 (Unity) asio::detail::win_iocp_io_context::run
0x00007ff70e2197ac (Unity) IOService::Run
0x00007ff70e1ed30f (Unity) AssetImportWorkerClient::Run
0x00007ff70e1b81f7 (Unity) RunAssetImportWorkerClientV2
0x00007ff70e1b827b (Unity) RunAssetImporterV2
0x00007ff70d9b8651 (Unity) Application::InitializeProject
0x00007ff70de44875 (Unity) WinMain
0x00007ff70f22765e (Unity) __scrt_common_main_seh
0x00007ffc8a7b7344 (KERNEL32) BaseThreadInitThunk
0x00007ffc8c3e26b1 (ntdll) RtlUserThreadStart

Refreshing native plugins compatible for Editor in 16.32 ms, found 9 plugins.
Preloading 0 native plugins for Editor in 0.00 ms.
Unloading 5481 Unused Serialized files (Serialized files now loaded: 0)
Unloading 56 unused Assets / (46.7 KB). Loaded Objects now: 5982.
Memory consumption went from 191.1 MB to 191.0 MB.
Total: 5.327200 ms (FindLiveObjects: 0.868300 ms CreateObjectMapping: 0.926900 ms MarkObjects: 3.417200 ms  DeleteObjects: 0.113400 ms)

Prepare: number of updated asset objects reloaded= 0
AssetImportParameters requested are different than current active one (requested -> active):
  custom:container-demuxer-ogg: 62fdf1f143b41e24485cea50d1cbac27 -> 
  custom:video-decoder-ogg-theora: a1e56fd34408186e4bbccfd4996cb3dc -> 
  custom:framework-win-MediaFoundation: 216162199b28c13a410421893ffa2e32 -> 
  custom:CustomObjectIndexerAttribute: 9a22284fe3817be447336de3de66b15e -> 
  custom:container-demuxer-webm: 4f35f7cbe854078d1ac9338744f61a02 -> 
  custom:container-muxer-webm: aa71ff27fc2769a1b78a27578f13a17b -> 
  custom:video-decoder-webm-vp8: 9c59270c3fd7afecdb556c50c9e8de78 -> 
  custom:SearchIndexIgnoredProperties: e643bd26f0fe6173181afceb89e7c659 -> 
  custom:AudioImporter_EditorPlatform: d09bf68614088b80899f8185d706f6e7 -> 
  custom:video-encoder-webm-vp8: eb34c28f22e8b96e1ab97ce403110664 -> 
  custom:audio-decoder-ogg-vorbis: bf7c407c2cedff20999df2af8eb42d56 -> 
  custom:audio-encoder-webm-vorbis: bf7c407c2cedff20999df2af8eb42d56 -> 
