Using pre-set license
Built from '2022.3/staging' branch; Version is '2022.3.23f1 (dbb3f7c5b5c6) revision 14398455'; Using compiler version '192829333'; Build Type 'Release'
OS: 'Windows 10  (10.0.19045) 64bit Core' Language: 'en' Physical Memory: 16223 MB
BatchMode: 1, IsHumanControllingUs: 0, StartBugReporterOnCrash: 0, Is64bit: 1, IsPro: 1

COMMAND LINE ARGUMENTS:
D:\Unity\2022.3.23f1\Editor\Unity.exe
-adb2
-batchMode
-noUpm
-name
AssetImportWorker2
-projectPath
D:/Repo/Unity 2D/GreatGame/GreatGame
-logFile
Logs/AssetImportWorker2.log
-srvPort
61998
Successfully changed project path to: D:/Repo/Unity 2D/GreatGame/GreatGame
D:/Repo/Unity 2D/GreatGame/GreatGame
[UnityMemory] Configuration Parameters - Can be set up in boot.config
    "memorysetup-bucket-allocator-granularity=16"
    "memorysetup-bucket-allocator-bucket-count=8"
    "memorysetup-bucket-allocator-block-size=33554432"
    "memorysetup-bucket-allocator-block-count=8"
    "memorysetup-main-allocator-block-size=16777216"
    "memorysetup-thread-allocator-block-size=16777216"
    "memorysetup-gfx-main-allocator-block-size=16777216"
    "memorysetup-gfx-thread-allocator-block-size=16777216"
    "memorysetup-cache-allocator-block-size=4194304"
    "memorysetup-typetree-allocator-block-size=2097152"
    "memorysetup-profiler-bucket-allocator-granularity=16"
    "memorysetup-profiler-bucket-allocator-bucket-count=8"
    "memorysetup-profiler-bucket-allocator-block-size=33554432"
    "memorysetup-profiler-bucket-allocator-block-count=8"
    "memorysetup-profiler-allocator-block-size=16777216"
    "memorysetup-profiler-editor-allocator-block-size=1048576"
    "memorysetup-temp-allocator-size-main=16777216"
    "memorysetup-job-temp-allocator-block-size=2097152"
    "memorysetup-job-temp-allocator-block-size-background=1048576"
    "memorysetup-job-temp-allocator-reduction-small-platforms=262144"
    "memorysetup-allocator-temp-initial-block-size-main=262144"
    "memorysetup-allocator-temp-initial-block-size-worker=262144"
    "memorysetup-temp-allocator-size-background-worker=32768"
    "memorysetup-temp-allocator-size-job-worker=262144"
    "memorysetup-temp-allocator-size-preload-manager=33554432"
    "memorysetup-temp-allocator-size-nav-mesh-worker=65536"
    "memorysetup-temp-allocator-size-audio-worker=65536"
    "memorysetup-temp-allocator-size-cloud-worker=32768"
    "memorysetup-temp-allocator-size-gi-baking-worker=262144"
    "memorysetup-temp-allocator-size-gfx=262144"
Player connection [34128] Host "[IP] 192.168.55.224 [Port] 0 [Flags] 2 [Guid] 2535465973 [EditorId] 2535465973 [Version] 1048832 [Id] WindowsEditor(7,DESKTOP-DF66KB0) [Debug] 1 [PackageName] WindowsEditor [ProjectName] Editor" joined multi-casting on [225.0.0.222:54997]...

Player connection [34128] Host "[IP] 192.168.55.224 [Port] 0 [Flags] 2 [Guid] 2535465973 [EditorId] 2535465973 [Version] 1048832 [Id] WindowsEditor(7,DESKTOP-DF66KB0) [Debug] 1 [PackageName] WindowsEditor [ProjectName] Editor" joined alternative multi-casting on [225.0.0.222:34997]...

[Physics::Module] Initialized MultithreadedJobDispatcher with 11 workers.
Multiple plugins with the same name 'libegl' (found at 'Assets/Ink/InkyEditor/swiftshader/libEGL.dll' and 'Assets/Ink/InkyEditor/libEGL.dll'). That means one or more plugins are set to be compatible with Editor. Only one plugin at the time can be used by Editor.
0x00007ff60ddb74dd (Unity) StackWalker::GetCurrentCallstack
0x00007ff60ddbc5a9 (Unity) StackWalker::ShowCallstack
0x00007ff60ed9a091 (Unity) GetStacktrace
0x00007ff60f4542ce (Unity) DebugStringToFile
0x00007ff60e94900d (Unity) PluginManager::AddPluginPath
0x00007ff60e957711 (Unity) PluginManager::RefreshPlugins
0x00007ff60e9544bc (Unity) PluginManager::InitializeNativePlugins
0x00007ff60e917a79 (Unity) Application::InitializeProject
0x00007ff60eda4875 (Unity) WinMain
0x00007ff61018765e (Unity) __scrt_common_main_seh
0x00007ffc8a7b7344 (KERNEL32) BaseThreadInitThunk
0x00007ffc8c3e26b1 (ntdll) RtlUserThreadStart

Multiple plugins with the same name 'libglesv2' (found at 'Assets/Ink/InkyEditor/swiftshader/libGLESv2.dll' and 'Assets/Ink/InkyEditor/libGLESv2.dll'). That means one or more plugins are set to be compatible with Editor. Only one plugin at the time can be used by Editor.
0x00007ff60ddb74dd (Unity) StackWalker::GetCurrentCallstack
0x00007ff60ddbc5a9 (Unity) StackWalker::ShowCallstack
0x00007ff60ed9a091 (Unity) GetStacktrace
0x00007ff60f4542ce (Unity) DebugStringToFile
0x00007ff60e94900d (Unity) PluginManager::AddPluginPath
0x00007ff60e957711 (Unity) PluginManager::RefreshPlugins
0x00007ff60e9544bc (Unity) PluginManager::InitializeNativePlugins
0x00007ff60e917a79 (Unity) Application::InitializeProject
0x00007ff60eda4875 (Unity) WinMain
0x00007ff61018765e (Unity) __scrt_common_main_seh
0x00007ffc8a7b7344 (KERNEL32) BaseThreadInitThunk
0x00007ffc8c3e26b1 (ntdll) RtlUserThreadStart

Refreshing native plugins compatible for Editor in 415.01 ms, found 9 plugins.
Preloading 0 native plugins for Editor in 0.00 ms.
Initialize engine version: 2022.3.23f1 (dbb3f7c5b5c6)
[Subsystems] Discovering subsystems at path D:/Unity/2022.3.23f1/Editor/Data/Resources/UnitySubsystems
[Subsystems] Discovering subsystems at path D:/Repo/Unity 2D/GreatGame/GreatGame/Assets
GfxDevice: creating device client; threaded=0; jobified=0
Direct3D:
    Version:  Direct3D 11.0 [level 11.1]
    Renderer: NVIDIA GeForce GTX 1660 SUPER (ID=0x21c4)
    Vendor:   NVIDIA
    VRAM:     5980 MB
    Driver:   31.0.15.3699
Initialize mono
Mono path[0] = 'D:/Unity/2022.3.23f1/Editor/Data/Managed'
Mono path[1] = 'D:/Unity/2022.3.23f1/Editor/Data/MonoBleedingEdge/lib/mono/unityjit-win32'
Mono config path = 'D:/Unity/2022.3.23f1/Editor/Data/MonoBleedingEdge/etc'
Using monoOptions --debugger-agent=transport=dt_socket,embedding=1,server=y,suspend=n,address=127.0.0.1:56420
Begin MonoManager ReloadAssembly
Registering precompiled unity dll's ...
Register platform support module: D:/Unity/2022.3.23f1/Editor/Data/PlaybackEngines/AndroidPlayer/UnityEditor.Android.Extensions.dll
Register platform support module: D:/Unity/2022.3.23f1/Editor/Data/PlaybackEngines/WindowsStandaloneSupport/UnityEditor.WindowsStandalone.Extensions.dll
Registered in 0.036287 seconds.
- Loaded All Assemblies, in  1.333 seconds
Native extension for WindowsStandalone target not found
Native extension for Android target not found
Android Extension - Scanning For ADB Devices 420 ms
Mono: successfully reloaded assembly
- Finished resetting the current domain, in  0.758 seconds
Domain Reload Profiling: 2090ms
	BeginReloadAssembly (844ms)
		ExecutionOrderSort (0ms)
		DisableScriptedObjects (0ms)
		BackupInstance (0ms)
		ReleaseScriptingObjects (0ms)
		CreateAndSetChildDomain (1ms)
	RebuildCommonClasses (99ms)
	RebuildNativeTypeToScriptingClass (11ms)
	initialDomainReloadingComplete (80ms)
	LoadAllAssembliesAndSetupDomain (298ms)
		LoadAssemblies (844ms)
		RebuildTransferFunctionScriptingTraits (0ms)
		AnalyzeDomain (296ms)
			TypeCache.Refresh (295ms)
				TypeCache.ScanAssembly (259ms)
			ScanForSourceGeneratedMonoScriptInfo (0ms)
			ResolveRequiredComponents (0ms)
	FinalizeReload (758ms)
		ReleaseScriptCaches (0ms)
		RebuildScriptCaches (0ms)
		SetupLoadedEditorAssemblies (701ms)
			LogAssemblyErrors (0ms)
			InitializePlatformSupportModulesInManaged (533ms)
			SetLoadedEditorAssemblies (4ms)
			RefreshPlugins (0ms)
			BeforeProcessingInitializeOnLoad (2ms)
			ProcessInitializeOnLoadAttributes (108ms)
			ProcessInitializeOnLoadMethodAttributes (54ms)
			AfterProcessingInitializeOnLoad (0ms)
			EditorAssembliesLoaded (0ms)
		ExecutionOrderSort2 (0ms)
		AwakeInstancesAfterBackupRestoration (0ms)
========================================================================
Worker process is ready to serve import requests
Begin MonoManager ReloadAssembly
- Loaded All Assemblies, in  1.553 seconds
Multiple plugins with the same name 'libegl' (found at 'Assets/Ink/InkyEditor/swiftshader/libEGL.dll' and 'Assets/Ink/InkyEditor/libEGL.dll'). That means one or more plugins are set to be compatible with Editor. Only one plugin at the time can be used by Editor.
0x00007ff60ddb74dd (Unity) StackWalker::GetCurrentCallstack
0x00007ff60ddbc5a9 (Unity) StackWalker::ShowCallstack
0x00007ff60ed9a091 (Unity) GetStacktrace
0x00007ff60f4542ce (Unity) DebugStringToFile
0x00007ff60e94900d (Unity) PluginManager::AddPluginPath
0x00007ff60e957711 (Unity) PluginManager::RefreshPlugins
0x00007ff60f093873 (Unity) ScriptingInitializer::FinalizeReload
0x00007ff60ec3f83b (Unity) LoadUserAssemblies
0x00007ff60f14131f (Unity) <lambda_e4c09a862f47a773e31babb76239f51f>::operator()
0x00007ff60f17b402 (Unity) asio::detail::completion_handler<core::mutable_function<void __cdecl(void)>,asio::io_context::basic_executor_type<std::allocator<void>,0> >::do_complete
0x00007ff60f1673ae (Unity) asio::detail::win_iocp_io_context::do_one
0x00007ff60f168fde (Unity) asio::detail::win_iocp_io_context::run
0x00007ff60f1797ac (Unity) IOService::Run
0x00007ff60f14d30f (Unity) AssetImportWorkerClient::Run
0x00007ff60f1181f7 (Unity) RunAssetImportWorkerClientV2
0x00007ff60f11827b (Unity) RunAssetImporterV2
0x00007ff60e918651 (Unity) Application::InitializeProject
0x00007ff60eda4875 (Unity) WinMain
0x00007ff61018765e (Unity) __scrt_common_main_seh
0x00007ffc8a7b7344 (KERNEL32) BaseThreadInitThunk
0x00007ffc8c3e26b1 (ntdll) RtlUserThreadStart

Multiple plugins with the same name 'libglesv2' (found at 'Assets/Ink/InkyEditor/swiftshader/libGLESv2.dll' and 'Assets/Ink/InkyEditor/libGLESv2.dll'). That means one or more plugins are set to be compatible with Editor. Only one plugin at the time can be used by Editor.
0x00007ff60ddb74dd (Unity) StackWalker::GetCurrentCallstack
0x00007ff60ddbc5a9 (Unity) StackWalker::ShowCallstack
0x00007ff60ed9a091 (Unity) GetStacktrace
0x00007ff60f4542ce (Unity) DebugStringToFile
0x00007ff60e94900d (Unity) PluginManager::AddPluginPath
0x00007ff60e957711 (Unity) PluginManager::RefreshPlugins
0x00007ff60f093873 (Unity) ScriptingInitializer::FinalizeReload
0x00007ff60ec3f83b (Unity) LoadUserAssemblies
0x00007ff60f14131f (Unity) <lambda_e4c09a862f47a773e31babb76239f51f>::operator()
0x00007ff60f17b402 (Unity) asio::detail::completion_handler<core::mutable_function<void __cdecl(void)>,asio::io_context::basic_executor_type<std::allocator<void>,0> >::do_complete
0x00007ff60f1673ae (Unity) asio::detail::win_iocp_io_context::do_one
0x00007ff60f168fde (Unity) asio::detail::win_iocp_io_context::run
0x00007ff60f1797ac (Unity) IOService::Run
0x00007ff60f14d30f (Unity) AssetImportWorkerClient::Run
0x00007ff60f1181f7 (Unity) RunAssetImportWorkerClientV2
0x00007ff60f11827b (Unity) RunAssetImporterV2
0x00007ff60e918651 (Unity) Application::InitializeProject
0x00007ff60eda4875 (Unity) WinMain
0x00007ff61018765e (Unity) __scrt_common_main_seh
0x00007ffc8a7b7344 (KERNEL32) BaseThreadInitThunk
0x00007ffc8c3e26b1 (ntdll) RtlUserThreadStart

Refreshing native plugins compatible for Editor in 10.22 ms, found 9 plugins.
Native extension for WindowsStandalone target not found
Native extension for Android target not found
Package Manager log level set to [2]
[Package Manager] Server::EnsureServerProcessIsRunning -- launch failed, reason: Unity was launched with the -noUpm command-line argument
[Package Manager] UpmClient::Send -- Unable to send message (not connected to UPM process).
[Package Manager] Cannot connect to Unity Package Manager local server
Mono: successfully reloaded assembly
[Package Manager] Server::EnsureServerProcessIsRunning -- launch failed, reason: Unity was launched with the -noUpm command-line argument
[Package Manager] UpmClient::Send -- Unable to send message (not connected to UPM process).
[Package Manager] Cannot connect to Unity Package Manager local server
[Package Manager] Server::EnsureServerProcessIsRunning -- launch failed, reason: Unity was launched with the -noUpm command-line argument
[Package Manager] UpmClient::Send -- Unable to send message (not connected to UPM process).
[Package Manager] Cannot connect to Unity Package Manager local server
- Finished resetting the current domain, in  0.666 seconds
Domain Reload Profiling: 2218ms
	BeginReloadAssembly (151ms)
		ExecutionOrderSort (0ms)
		DisableScriptedObjects (6ms)
		BackupInstance (0ms)
		ReleaseScriptingObjects (0ms)
		CreateAndSetChildDomain (20ms)
	RebuildCommonClasses (33ms)
	RebuildNativeTypeToScriptingClass (11ms)
	initialDomainReloadingComplete (36ms)
	LoadAllAssembliesAndSetupDomain (1320ms)
		LoadAssemblies (1132ms)
		RebuildTransferFunctionScriptingTraits (0ms)
		AnalyzeDomain (283ms)
			TypeCache.Refresh (241ms)
				TypeCache.ScanAssembly (212ms)
			ScanForSourceGeneratedMonoScriptInfo (27ms)
			ResolveRequiredComponents (15ms)
	FinalizeReload (666ms)
		ReleaseScriptCaches (0ms)
		RebuildScriptCaches (0ms)
		SetupLoadedEditorAssemblies (468ms)
			LogAssemblyErrors (0ms)
			InitializePlatformSupportModulesInManaged (23ms)
			SetLoadedEditorAssemblies (4ms)
			RefreshPlugins (0ms)
			BeforeProcessingInitializeOnLoad (71ms)
			ProcessInitializeOnLoadAttributes (329ms)
			ProcessInitializeOnLoadMethodAttributes (39ms)
			AfterProcessingInitializeOnLoad (3ms)
			EditorAssembliesLoaded (0ms)
		ExecutionOrderSort2 (0ms)
		AwakeInstancesAfterBackupRestoration (13ms)
Launched and connected shader compiler UnityShaderCompiler.exe after 0.07 seconds
Multiple plugins with the same name 'libegl' (found at 'Assets/Ink/InkyEditor/swiftshader/libEGL.dll' and 'Assets/Ink/InkyEditor/libEGL.dll'). That means one or more plugins are set to be compatible with Editor. Only one plugin at the time can be used by Editor.
0x00007ff60ddb74dd (Unity) StackWalker::GetCurrentCallstack
0x00007ff60ddbc5a9 (Unity) StackWalker::ShowCallstack
0x00007ff60ed9a091 (Unity) GetStacktrace
0x00007ff60f4542ce (Unity) DebugStringToFile
0x00007ff60e94900d (Unity) PluginManager::AddPluginPath
0x00007ff60e957711 (Unity) PluginManager::RefreshPlugins
0x00007ff60f14137a (Unity) <lambda_e4c09a862f47a773e31babb76239f51f>::operator()
0x00007ff60f17b402 (Unity) asio::detail::completion_handler<core::mutable_function<void __cdecl(void)>,asio::io_context::basic_executor_type<std::allocator<void>,0> >::do_complete
0x00007ff60f1673ae (Unity) asio::detail::win_iocp_io_context::do_one
0x00007ff60f168fde (Unity) asio::detail::win_iocp_io_context::run
0x00007ff60f1797ac (Unity) IOService::Run
0x00007ff60f14d30f (Unity) AssetImportWorkerClient::Run
0x00007ff60f1181f7 (Unity) RunAssetImportWorkerClientV2
0x00007ff60f11827b (Unity) RunAssetImporterV2
0x00007ff60e918651 (Unity) Application::InitializeProject
0x00007ff60eda4875 (Unity) WinMain
0x00007ff61018765e (Unity) __scrt_common_main_seh
0x00007ffc8a7b7344 (KERNEL32) BaseThreadInitThunk
0x00007ffc8c3e26b1 (ntdll) RtlUserThreadStart

Multiple plugins with the same name 'libglesv2' (found at 'Assets/Ink/InkyEditor/swiftshader/libGLESv2.dll' and 'Assets/Ink/InkyEditor/libGLESv2.dll'). That means one or more plugins are set to be compatible with Editor. Only one plugin at the time can be used by Editor.
0x00007ff60ddb74dd (Unity) StackWalker::GetCurrentCallstack
0x00007ff60ddbc5a9 (Unity) StackWalker::ShowCallstack
0x00007ff60ed9a091 (Unity) GetStacktrace
0x00007ff60f4542ce (Unity) DebugStringToFile
0x00007ff60e94900d (Unity) PluginManager::AddPluginPath
0x00007ff60e957711 (Unity) PluginManager::RefreshPlugins
0x00007ff60f14137a (Unity) <lambda_e4c09a862f47a773e31babb76239f51f>::operator()
0x00007ff60f17b402 (Unity) asio::detail::completion_handler<core::mutable_function<void __cdecl(void)>,asio::io_context::basic_executor_type<std::allocator<void>,0> >::do_complete
0x00007ff60f1673ae (Unity) asio::detail::win_iocp_io_context::do_one
0x00007ff60f168fde (Unity) asio::detail::win_iocp_io_context::run
0x00007ff60f1797ac (Unity) IOService::Run
0x00007ff60f14d30f (Unity) AssetImportWorkerClient::Run
0x00007ff60f1181f7 (Unity) RunAssetImportWorkerClientV2
0x00007ff60f11827b (Unity) RunAssetImporterV2
0x00007ff60e918651 (Unity) Application::InitializeProject
0x00007ff60eda4875 (Unity) WinMain
0x00007ff61018765e (Unity) __scrt_common_main_seh
0x00007ffc8a7b7344 (KERNEL32) BaseThreadInitThunk
0x00007ffc8c3e26b1 (ntdll) RtlUserThreadStart

Refreshing native plugins compatible for Editor in 9.27 ms, found 9 plugins.
Preloading 0 native plugins for Editor in 0.00 ms.
Unloading 5507 Unused Serialized files (Serialized files now loaded: 0)
Unloading 121 unused Assets / (74.0 KB). Loaded Objects now: 5952.
Memory consumption went from 183.9 MB to 183.8 MB.
Total: 3.775600 ms (FindLiveObjects: 0.430500 ms CreateObjectMapping: 0.428700 ms MarkObjects: 2.760200 ms  DeleteObjects: 0.155200 ms)

AssetImportParameters requested are different than current active one (requested -> active):
  custom:container-demuxer-ogg: 62fdf1f143b41e24485cea50d1cbac27 -> 
  custom:video-decoder-ogg-theora: a1e56fd34408186e4bbccfd4996cb3dc -> 
  custom:framework-win-MediaFoundation: 216162199b28c13a410421893ffa2e32 -> 
  custom:CustomObjectIndexerAttribute: 9a22284fe3817be447336de3de66b15e -> 
  custom:container-demuxer-webm: 4f35f7cbe854078d1ac9338744f61a02 -> 
  custom:container-muxer-webm: aa71ff27fc2769a1b78a27578f13a17b -> 
  custom:video-decoder-webm-vp8: 9c59270c3fd7afecdb556c50c9e8de78 -> 
  custom:SearchIndexIgnoredProperties: e643bd26f0fe6173181afceb89e7c659 -> 
  custom:AudioImporter_EditorPlatform: d09bf68614088b80899f8185d706f6e7 -> 
  custom:video-encoder-webm-vp8: eb34c28f22e8b96e1ab97ce403110664 -> 
  custom:audio-decoder-ogg-vorbis: bf7c407c2cedff20999df2af8eb42d56 -> 
  custom:audio-encoder-webm-vorbis: bf7c407c2cedff20999df2af8eb42d56 -> 
========================================================================
Received Prepare
Begin MonoManager ReloadAssembly
- Loaded All Assemblies, in  0.771 seconds
Multiple plugins with the same name 'libegl' (found at 'Assets/Ink/InkyEditor/swiftshader/libEGL.dll' and 'Assets/Ink/InkyEditor/libEGL.dll'). That means one or more plugins are set to be compatible with Editor. Only one plugin at the time can be used by Editor.
0x00007ff60ddb74dd (Unity) StackWalker::GetCurrentCallstack
0x00007ff60ddbc5a9 (Unity) StackWalker::ShowCallstack
0x00007ff60ed9a091 (Unity) GetStacktrace
0x00007ff60f4542ce (Unity) DebugStringToFile
0x00007ff60e94900d (Unity) PluginManager::AddPluginPath
0x00007ff60e957711 (Unity) PluginManager::RefreshPlugins
0x00007ff60f093873 (Unity) ScriptingInitializer::FinalizeReload
0x00007ff60ec3f83b (Unity) LoadUserAssemblies
0x00007ff60f141075 (Unity) <lambda_b37b41f03089e3cb3f55061bbc93253d>::operator()
0x00007ff60f17b402 (Unity) asio::detail::completion_handler<core::mutable_function<void __cdecl(void)>,asio::io_context::basic_executor_type<std::allocator<void>,0> >::do_complete
0x00007ff60f1673ae (Unity) asio::detail::win_iocp_io_context::do_one
0x00007ff60f169014 (Unity) asio::detail::win_iocp_io_context::run
0x00007ff60f1797ac (Unity) IOService::Run
0x00007ff60f14d30f (Unity) AssetImportWorkerClient::Run
0x00007ff60f1181f7 (Unity) RunAssetImportWorkerClientV2
0x00007ff60f11827b (Unity) RunAssetImporterV2
0x00007ff60e918651 (Unity) Application::InitializeProject
0x00007ff60eda4875 (Unity) WinMain
0x00007ff61018765e (Unity) __scrt_common_main_seh
0x00007ffc8a7b7344 (KERNEL32) BaseThreadInitThunk
0x00007ffc8c3e26b1 (ntdll) RtlUserThreadStart

Multiple plugins with the same name 'libglesv2' (found at 'Assets/Ink/InkyEditor/swiftshader/libGLESv2.dll' and 'Assets/Ink/InkyEditor/libGLESv2.dll'). That means one or more plugins are set to be compatible with Editor. Only one plugin at the time can be used by Editor.
0x00007ff60ddb74dd (Unity) StackWalker::GetCurrentCallstack
0x00007ff60ddbc5a9 (Unity) StackWalker::ShowCallstack
0x00007ff60ed9a091 (Unity) GetStacktrace
0x00007ff60f4542ce (Unity) DebugStringToFile
0x00007ff60e94900d (Unity) PluginManager::AddPluginPath
0x00007ff60e957711 (Unity) PluginManager::RefreshPlugins
0x00007ff60f093873 (Unity) ScriptingInitializer::FinalizeReload
0x00007ff60ec3f83b (Unity) LoadUserAssemblies
0x00007ff60f141075 (Unity) <lambda_b37b41f03089e3cb3f55061bbc93253d>::operator()
0x00007ff60f17b402 (Unity) asio::detail::completion_handler<core::mutable_function<void __cdecl(void)>,asio::io_context::basic_executor_type<std::allocator<void>,0> >::do_complete
0x00007ff60f1673ae (Unity) asio::detail::win_iocp_io_context::do_one
0x00007ff60f169014 (Unity) asio::detail::win_iocp_io_context::run
0x00007ff60f1797ac (Unity) IOService::Run
0x00007ff60f14d30f (Unity) AssetImportWorkerClient::Run
0x00007ff60f1181f7 (Unity) RunAssetImportWorkerClientV2
0x00007ff60f11827b (Unity) RunAssetImporterV2
0x00007ff60e918651 (Unity) Application::InitializeProject
0x00007ff60eda4875 (Unity) WinMain
0x00007ff61018765e (Unity) __scrt_common_main_seh
0x00007ffc8a7b7344 (KERNEL32) BaseThreadInitThunk
0x00007ffc8c3e26b1 (ntdll) RtlUserThreadStart

Refreshing native plugins compatible for Editor in 10.62 ms, found 9 plugins.
Native extension for WindowsStandalone target not found
Native extension for Android target not found
[Package Manager] Server::EnsureServerProcessIsRunning -- launch failed, reason: Unity was launched with the -noUpm command-line argument
[Package Manager] UpmClient::Send -- Unable to send message (not connected to UPM process).
[Package Manager] Cannot connect to Unity Package Manager local server
Mono: successfully reloaded assembly
[Package Manager] Server::EnsureServerProcessIsRunning -- launch failed, reason: Unity was launched with the -noUpm command-line argument
[Package Manager] UpmClient::Send -- Unable to send message (not connected to UPM process).
[Package Manager] Cannot connect to Unity Package Manager local server
- Finished resetting the current domain, in  1.171 seconds
Domain Reload Profiling: 1940ms
	BeginReloadAssembly (224ms)
		ExecutionOrderSort (0ms)
		DisableScriptedObjects (13ms)
		BackupInstance (0ms)
		ReleaseScriptingObjects (0ms)
		CreateAndSetChildDomain (43ms)
	RebuildCommonClasses (43ms)
	RebuildNativeTypeToScriptingClass (15ms)
	initialDomainReloadingComplete (34ms)
	LoadAllAssembliesAndSetupDomain (453ms)
		LoadAssemblies (407ms)
		RebuildTransferFunctionScriptingTraits (0ms)
		AnalyzeDomain (177ms)
			TypeCache.Refresh (134ms)
				TypeCache.ScanAssembly (119ms)
			ScanForSourceGeneratedMonoScriptInfo (26ms)
			ResolveRequiredComponents (16ms)
	FinalizeReload (1171ms)
		ReleaseScriptCaches (0ms)
		RebuildScriptCaches (0ms)
		SetupLoadedEditorAssemblies (483ms)
			LogAssemblyErrors (0ms)
			InitializePlatformSupportModulesInManaged (25ms)
			SetLoadedEditorAssemblies (4ms)
			RefreshPlugins (0ms)
			BeforeProcessingInitializeOnLoad (80ms)
			ProcessInitializeOnLoadAttributes (332ms)
			ProcessInitializeOnLoadMethodAttributes (40ms)
			AfterProcessingInitializeOnLoad (3ms)
			EditorAssembliesLoaded (0ms)
		ExecutionOrderSort2 (0ms)
		AwakeInstancesAfterBackupRestoration (20ms)
Multiple plugins with the same name 'libegl' (found at 'Assets/Ink/InkyEditor/swiftshader/libEGL.dll' and 'Assets/Ink/InkyEditor/libEGL.dll'). That means one or more plugins are set to be compatible with Editor. Only one plugin at the time can be used by Editor.
0x00007ff60ddb74dd (Unity) StackWalker::GetCurrentCallstack
0x00007ff60ddbc5a9 (Unity) StackWalker::ShowCallstack
0x00007ff60ed9a091 (Unity) GetStacktrace
0x00007ff60f4542ce (Unity) DebugStringToFile
0x00007ff60e94900d (Unity) PluginManager::AddPluginPath
0x00007ff60e957711 (Unity) PluginManager::RefreshPlugins
0x00007ff60f1410f6 (Unity) <lambda_b37b41f03089e3cb3f55061bbc93253d>::operator()
0x00007ff60f17b402 (Unity) asio::detail::completion_handler<core::mutable_function<void __cdecl(void)>,asio::io_context::basic_executor_type<std::allocator<void>,0> >::do_complete
0x00007ff60f1673ae (Unity) asio::detail::win_iocp_io_context::do_one
0x00007ff60f169014 (Unity) asio::detail::win_iocp_io_context::run
0x00007ff60f1797ac (Unity) IOService::Run
0x00007ff60f14d30f (Unity) AssetImportWorkerClient::Run
0x00007ff60f1181f7 (Unity) RunAssetImportWorkerClientV2
0x00007ff60f11827b (Unity) RunAssetImporterV2
0x00007ff60e918651 (Unity) Application::InitializeProject
0x00007ff60eda4875 (Unity) WinMain
0x00007ff61018765e (Unity) __scrt_common_main_seh
0x00007ffc8a7b7344 (KERNEL32) BaseThreadInitThunk
0x00007ffc8c3e26b1 (ntdll) RtlUserThreadStart

Multiple plugins with the same name 'libglesv2' (found at 'Assets/Ink/InkyEditor/swiftshader/libGLESv2.dll' and 'Assets/Ink/InkyEditor/libGLESv2.dll'). That means one or more plugins are set to be compatible with Editor. Only one plugin at the time can be used by Editor.
0x00007ff60ddb74dd (Unity) StackWalker::GetCurrentCallstack
0x00007ff60ddbc5a9 (Unity) StackWalker::ShowCallstack
0x00007ff60ed9a091 (Unity) GetStacktrace
0x00007ff60f4542ce (Unity) DebugStringToFile
0x00007ff60e94900d (Unity) PluginManager::AddPluginPath
0x00007ff60e957711 (Unity) PluginManager::RefreshPlugins
0x00007ff60f1410f6 (Unity) <lambda_b37b41f03089e3cb3f55061bbc93253d>::operator()
0x00007ff60f17b402 (Unity) asio::detail::completion_handler<core::mutable_function<void __cdecl(void)>,asio::io_context::basic_executor_type<std::allocator<void>,0> >::do_complete
0x00007ff60f1673ae (Unity) asio::detail::win_iocp_io_context::do_one
0x00007ff60f169014 (Unity) asio::detail::win_iocp_io_context::run
0x00007ff60f1797ac (Unity) IOService::Run
0x00007ff60f14d30f (Unity) AssetImportWorkerClient::Run
0x00007ff60f1181f7 (Unity) RunAssetImportWorkerClientV2
0x00007ff60f11827b (Unity) RunAssetImporterV2
0x00007ff60e918651 (Unity) Application::InitializeProject
0x00007ff60eda4875 (Unity) WinMain
0x00007ff61018765e (Unity) __scrt_common_main_seh
0x00007ffc8a7b7344 (KERNEL32) BaseThreadInitThunk
0x00007ffc8c3e26b1 (ntdll) RtlUserThreadStart

Refreshing native plugins compatible for Editor in 17.88 ms, found 9 plugins.
Preloading 0 native plugins for Editor in 0.00 ms.
Unloading 5481 Unused Serialized files (Serialized files now loaded: 0)
Unloading 56 unused Assets / (46.6 KB). Loaded Objects now: 5957.
Memory consumption went from 179.2 MB to 179.2 MB.
Total: 3.929000 ms (FindLiveObjects: 0.569200 ms CreateObjectMapping: 0.536800 ms MarkObjects: 2.743000 ms  DeleteObjects: 0.078900 ms)

Prepare: number of updated asset objects reloaded= 0
AssetImportParameters requested are different than current active one (requested -> active):
  custom:container-demuxer-ogg: 62fdf1f143b41e24485cea50d1cbac27 -> 
  custom:video-decoder-ogg-theora: a1e56fd34408186e4bbccfd4996cb3dc -> 
  custom:framework-win-MediaFoundation: 216162199b28c13a410421893ffa2e32 -> 
  custom:CustomObjectIndexerAttribute: 9a22284fe3817be447336de3de66b15e -> 
  custom:container-demuxer-webm: 4f35f7cbe854078d1ac9338744f61a02 -> 
  custom:container-muxer-webm: aa71ff27fc2769a1b78a27578f13a17b -> 
  custom:video-decoder-webm-vp8: 9c59270c3fd7afecdb556c50c9e8de78 -> 
  custom:SearchIndexIgnoredProperties: e643bd26f0fe6173181afceb89e7c659 -> 
  custom:AudioImporter_EditorPlatform: d09bf68614088b80899f8185d706f6e7 -> 
  custom:video-encoder-webm-vp8: eb34c28f22e8b96e1ab97ce403110664 -> 
  custom:audio-decoder-ogg-vorbis: bf7c407c2cedff20999df2af8eb42d56 -> 
  custom:audio-encoder-webm-vorbis: bf7c407c2cedff20999df2af8eb42d56 -> 
========================================================================
Received Import Request.
  Time since last request: 356875.161025 seconds.
  path: Assets/Plugins/Pixel Crushers/Dialogue System/Prefabs/Standard UI Prefabs/Templates/Basic/Basic Standard Dialogue UI TMPro.prefab
  artifactKey: Guid(a5b4dc18ac65b8d4aa58af9b95d65f77) Importer(815301076,1909f56bfc062723c751e8b465ee728b)
Start importing Assets/Plugins/Pixel Crushers/Dialogue System/Prefabs/Standard UI Prefabs/Templates/Basic/Basic Standard Dialogue UI TMPro.prefab using Guid(a5b4dc18ac65b8d4aa58af9b95d65f77) Importer(815301076,1909f56bfc062723c751e8b465ee728b)  -> (artifact id: 'd5ba5a48c2a7f6b70bffbc8bf620dc1f') in 0.101249 seconds
Number of updated asset objects reloaded before import = 0
Number of asset objects unloaded after import = 223
========================================================================
Received Prepare
Begin MonoManager ReloadAssembly
- Loaded All Assemblies, in  0.559 seconds
Multiple plugins with the same name 'libegl' (found at 'Assets/Ink/InkyEditor/swiftshader/libEGL.dll' and 'Assets/Ink/InkyEditor/libEGL.dll'). That means one or more plugins are set to be compatible with Editor. Only one plugin at the time can be used by Editor.
0x00007ff60ddb74dd (Unity) StackWalker::GetCurrentCallstack
0x00007ff60ddbc5a9 (Unity) StackWalker::ShowCallstack
0x00007ff60ed9a091 (Unity) GetStacktrace
0x00007ff60f4542ce (Unity) DebugStringToFile
0x00007ff60e94900d (Unity) PluginManager::AddPluginPath
0x00007ff60e957711 (Unity) PluginManager::RefreshPlugins
0x00007ff60f093873 (Unity) ScriptingInitializer::FinalizeReload
0x00007ff60ec3f83b (Unity) LoadUserAssemblies
0x00007ff60f141075 (Unity) <lambda_b37b41f03089e3cb3f55061bbc93253d>::operator()
0x00007ff60f17b402 (Unity) asio::detail::completion_handler<core::mutable_function<void __cdecl(void)>,asio::io_context::basic_executor_type<std::allocator<void>,0> >::do_complete
0x00007ff60f1673ae (Unity) asio::detail::win_iocp_io_context::do_one
0x00007ff60f169014 (Unity) asio::detail::win_iocp_io_context::run
0x00007ff60f1797ac (Unity) IOService::Run
0x00007ff60f14d30f (Unity) AssetImportWorkerClient::Run
0x00007ff60f1181f7 (Unity) RunAssetImportWorkerClientV2
0x00007ff60f11827b (Unity) RunAssetImporterV2
0x00007ff60e918651 (Unity) Application::InitializeProject
0x00007ff60eda4875 (Unity) WinMain
0x00007ff61018765e (Unity) __scrt_common_main_seh
0x00007ffc8a7b7344 (KERNEL32) BaseThreadInitThunk
0x00007ffc8c3e26b1 (ntdll) RtlUserThreadStart

Multiple plugins with the same name 'libglesv2' (found at 'Assets/Ink/InkyEditor/swiftshader/libGLESv2.dll' and 'Assets/Ink/InkyEditor/libGLESv2.dll'). That means one or more plugins are set to be compatible with Editor. Only one plugin at the time can be used by Editor.
0x00007ff60ddb74dd (Unity) StackWalker::GetCurrentCallstack
0x00007ff60ddbc5a9 (Unity) StackWalker::ShowCallstack
0x00007ff60ed9a091 (Unity) GetStacktrace
0x00007ff60f4542ce (Unity) DebugStringToFile
0x00007ff60e94900d (Unity) PluginManager::AddPluginPath
0x00007ff60e957711 (Unity) PluginManager::RefreshPlugins
0x00007ff60f093873 (Unity) ScriptingInitializer::FinalizeReload
0x00007ff60ec3f83b (Unity) LoadUserAssemblies
0x00007ff60f141075 (Unity) <lambda_b37b41f03089e3cb3f55061bbc93253d>::operator()
0x00007ff60f17b402 (Unity) asio::detail::completion_handler<core::mutable_function<void __cdecl(void)>,asio::io_context::basic_executor_type<std::allocator<void>,0> >::do_complete
0x00007ff60f1673ae (Unity) asio::detail::win_iocp_io_context::do_one
0x00007ff60f169014 (Unity) asio::detail::win_iocp_io_context::run
0x00007ff60f1797ac (Unity) IOService::Run
0x00007ff60f14d30f (Unity) AssetImportWorkerClient::Run
0x00007ff60f1181f7 (Unity) RunAssetImportWorkerClientV2
0x00007ff60f11827b (Unity) RunAssetImporterV2
0x00007ff60e918651 (Unity) Application::InitializeProject
0x00007ff60eda4875 (Unity) WinMain
0x00007ff61018765e (Unity) __scrt_common_main_seh
0x00007ffc8a7b7344 (KERNEL32) BaseThreadInitThunk
0x00007ffc8c3e26b1 (ntdll) RtlUserThreadStart

Refreshing native plugins compatible for Editor in 9.74 ms, found 9 plugins.
Native extension for WindowsStandalone target not found
Native extension for Android target not found
[Package Manager] Server::EnsureServerProcessIsRunning -- launch failed, reason: Unity was launched with the -noUpm command-line argument
[Package Manager] UpmClient::Send -- Unable to send message (not connected to UPM process).
[Package Manager] Cannot connect to Unity Package Manager local server
Mono: successfully reloaded assembly
[Package Manager] Server::EnsureServerProcessIsRunning -- launch failed, reason: Unity was launched with the -noUpm command-line argument
[Package Manager] UpmClient::Send -- Unable to send message (not connected to UPM process).
[Package Manager] Cannot connect to Unity Package Manager local server
- Finished resetting the current domain, in  1.220 seconds
Domain Reload Profiling: 1778ms
	BeginReloadAssembly (203ms)
		ExecutionOrderSort (0ms)
		DisableScriptedObjects (14ms)
		BackupInstance (0ms)
		ReleaseScriptingObjects (0ms)
		CreateAndSetChildDomain (48ms)
	RebuildCommonClasses (33ms)
	RebuildNativeTypeToScriptingClass (12ms)
	initialDomainReloadingComplete (28ms)
	LoadAllAssembliesAndSetupDomain (282ms)
		LoadAssemblies (371ms)
		RebuildTransferFunctionScriptingTraits (0ms)
		AnalyzeDomain (23ms)
			TypeCache.Refresh (7ms)
				TypeCache.ScanAssembly (0ms)
			ScanForSourceGeneratedMonoScriptInfo (0ms)
			ResolveRequiredComponents (16ms)
	FinalizeReload (1220ms)
		ReleaseScriptCaches (0ms)
		RebuildScriptCaches (0ms)
		SetupLoadedEditorAssemblies (524ms)
			LogAssemblyErrors (0ms)
			InitializePlatformSupportModulesInManaged (23ms)
			SetLoadedEditorAssemblies (7ms)
			RefreshPlugins (0ms)
			BeforeProcessingInitializeOnLoad (90ms)
			ProcessInitializeOnLoadAttributes (353ms)
			ProcessInitializeOnLoadMethodAttributes (47ms)
			AfterProcessingInitializeOnLoad (3ms)
			EditorAssembliesLoaded (0ms)
		ExecutionOrderSort2 (0ms)
		AwakeInstancesAfterBackupRestoration (25ms)
Multiple plugins with the same name 'libegl' (found at 'Assets/Ink/InkyEditor/swiftshader/libEGL.dll' and 'Assets/Ink/InkyEditor/libEGL.dll'). That means one or more plugins are set to be compatible with Editor. Only one plugin at the time can be used by Editor.
0x00007ff60ddb74dd (Unity) StackWalker::GetCurrentCallstack
0x00007ff60ddbc5a9 (Unity) StackWalker::ShowCallstack
0x00007ff60ed9a091 (Unity) GetStacktrace
0x00007ff60f4542ce (Unity) DebugStringToFile
0x00007ff60e94900d (Unity) PluginManager::AddPluginPath
0x00007ff60e957711 (Unity) PluginManager::RefreshPlugins
0x00007ff60f1410f6 (Unity) <lambda_b37b41f03089e3cb3f55061bbc93253d>::operator()
0x00007ff60f17b402 (Unity) asio::detail::completion_handler<core::mutable_function<void __cdecl(void)>,asio::io_context::basic_executor_type<std::allocator<void>,0> >::do_complete
0x00007ff60f1673ae (Unity) asio::detail::win_iocp_io_context::do_one
0x00007ff60f169014 (Unity) asio::detail::win_iocp_io_context::run
0x00007ff60f1797ac (Unity) IOService::Run
0x00007ff60f14d30f (Unity) AssetImportWorkerClient::Run
0x00007ff60f1181f7 (Unity) RunAssetImportWorkerClientV2
0x00007ff60f11827b (Unity) RunAssetImporterV2
0x00007ff60e918651 (Unity) Application::InitializeProject
0x00007ff60eda4875 (Unity) WinMain
0x00007ff61018765e (Unity) __scrt_common_main_seh
0x00007ffc8a7b7344 (KERNEL32) BaseThreadInitThunk
0x00007ffc8c3e26b1 (ntdll) RtlUserThreadStart

Multiple plugins with the same name 'libglesv2' (found at 'Assets/Ink/InkyEditor/swiftshader/libGLESv2.dll' and 'Assets/Ink/InkyEditor/libGLESv2.dll'). That means one or more plugins are set to be compatible with Editor. Only one plugin at the time can be used by Editor.
0x00007ff60ddb74dd (Unity) StackWalker::GetCurrentCallstack
0x00007ff60ddbc5a9 (Unity) StackWalker::ShowCallstack
0x00007ff60ed9a091 (Unity) GetStacktrace
0x00007ff60f4542ce (Unity) DebugStringToFile
0x00007ff60e94900d (Unity) PluginManager::AddPluginPath
0x00007ff60e957711 (Unity) PluginManager::RefreshPlugins
0x00007ff60f1410f6 (Unity) <lambda_b37b41f03089e3cb3f55061bbc93253d>::operator()
0x00007ff60f17b402 (Unity) asio::detail::completion_handler<core::mutable_function<void __cdecl(void)>,asio::io_context::basic_executor_type<std::allocator<void>,0> >::do_complete
0x00007ff60f1673ae (Unity) asio::detail::win_iocp_io_context::do_one
0x00007ff60f169014 (Unity) asio::detail::win_iocp_io_context::run
0x00007ff60f1797ac (Unity) IOService::Run
0x00007ff60f14d30f (Unity) AssetImportWorkerClient::Run
0x00007ff60f1181f7 (Unity) RunAssetImportWorkerClientV2
0x00007ff60f11827b (Unity) RunAssetImporterV2
0x00007ff60e918651 (Unity) Application::InitializeProject
0x00007ff60eda4875 (Unity) WinMain
0x00007ff61018765e (Unity) __scrt_common_main_seh
0x00007ffc8a7b7344 (KERNEL32) BaseThreadInitThunk
0x00007ffc8c3e26b1 (ntdll) RtlUserThreadStart

Refreshing native plugins compatible for Editor in 16.12 ms, found 9 plugins.
Preloading 0 native plugins for Editor in 0.00 ms.
Unloading 5480 Unused Serialized files (Serialized files now loaded: 0)
Unloading 59 unused Assets / (48.9 KB). Loaded Objects now: 5962.
Memory consumption went from 181.1 MB to 181.1 MB.
Total: 7.554300 ms (FindLiveObjects: 0.983100 ms CreateObjectMapping: 1.002100 ms MarkObjects: 5.295600 ms  DeleteObjects: 0.270700 ms)

Prepare: number of updated asset objects reloaded= 0
AssetImportParameters requested are different than current active one (requested -> active):
  custom:container-demuxer-ogg: 62fdf1f143b41e24485cea50d1cbac27 -> 
  custom:video-decoder-ogg-theora: a1e56fd34408186e4bbccfd4996cb3dc -> 
  custom:framework-win-MediaFoundation: 216162199b28c13a410421893ffa2e32 -> 
  custom:CustomObjectIndexerAttribute: 9a22284fe3817be447336de3de66b15e -> 
  custom:container-demuxer-webm: 4f35f7cbe854078d1ac9338744f61a02 -> 
  custom:container-muxer-webm: aa71ff27fc2769a1b78a27578f13a17b -> 
  custom:video-decoder-webm-vp8: 9c59270c3fd7afecdb556c50c9e8de78 -> 
  custom:SearchIndexIgnoredProperties: e643bd26f0fe6173181afceb89e7c659 -> 
  custom:AudioImporter_EditorPlatform: d09bf68614088b80899f8185d706f6e7 -> 
  custom:video-encoder-webm-vp8: eb34c28f22e8b96e1ab97ce403110664 -> 
  custom:audio-decoder-ogg-vorbis: bf7c407c2cedff20999df2af8eb42d56 -> 
  custom:audio-encoder-webm-vorbis: bf7c407c2cedff20999df2af8eb42d56 -> 
========================================================================
Received Prepare
Begin MonoManager ReloadAssembly
- Loaded All Assemblies, in  0.508 seconds
Multiple plugins with the same name 'libegl' (found at 'Assets/Ink/InkyEditor/swiftshader/libEGL.dll' and 'Assets/Ink/InkyEditor/libEGL.dll'). That means one or more plugins are set to be compatible with Editor. Only one plugin at the time can be used by Editor.
0x00007ff60ddb74dd (Unity) StackWalker::GetCurrentCallstack
0x00007ff60ddbc5a9 (Unity) StackWalker::ShowCallstack
0x00007ff60ed9a091 (Unity) GetStacktrace
0x00007ff60f4542ce (Unity) DebugStringToFile
0x00007ff60e94900d (Unity) PluginManager::AddPluginPath
0x00007ff60e957711 (Unity) PluginManager::RefreshPlugins
0x00007ff60f093873 (Unity) ScriptingInitializer::FinalizeReload
0x00007ff60ec3f83b (Unity) LoadUserAssemblies
0x00007ff60f141075 (Unity) <lambda_b37b41f03089e3cb3f55061bbc93253d>::operator()
0x00007ff60f17b402 (Unity) asio::detail::completion_handler<core::mutable_function<void __cdecl(void)>,asio::io_context::basic_executor_type<std::allocator<void>,0> >::do_complete
0x00007ff60f1673ae (Unity) asio::detail::win_iocp_io_context::do_one
0x00007ff60f169014 (Unity) asio::detail::win_iocp_io_context::run
0x00007ff60f1797ac (Unity) IOService::Run
0x00007ff60f14d30f (Unity) AssetImportWorkerClient::Run
0x00007ff60f1181f7 (Unity) RunAssetImportWorkerClientV2
0x00007ff60f11827b (Unity) RunAssetImporterV2
0x00007ff60e918651 (Unity) Application::InitializeProject
0x00007ff60eda4875 (Unity) WinMain
0x00007ff61018765e (Unity) __scrt_common_main_seh
0x00007ffc8a7b7344 (KERNEL32) BaseThreadInitThunk
0x00007ffc8c3e26b1 (ntdll) RtlUserThreadStart

Multiple plugins with the same name 'libglesv2' (found at 'Assets/Ink/InkyEditor/swiftshader/libGLESv2.dll' and 'Assets/Ink/InkyEditor/libGLESv2.dll'). That means one or more plugins are set to be compatible with Editor. Only one plugin at the time can be used by Editor.
0x00007ff60ddb74dd (Unity) StackWalker::GetCurrentCallstack
0x00007ff60ddbc5a9 (Unity) StackWalker::ShowCallstack
0x00007ff60ed9a091 (Unity) GetStacktrace
0x00007ff60f4542ce (Unity) DebugStringToFile
0x00007ff60e94900d (Unity) PluginManager::AddPluginPath
0x00007ff60e957711 (Unity) PluginManager::RefreshPlugins
0x00007ff60f093873 (Unity) ScriptingInitializer::FinalizeReload
0x00007ff60ec3f83b (Unity) LoadUserAssemblies
0x00007ff60f141075 (Unity) <lambda_b37b41f03089e3cb3f55061bbc93253d>::operator()
0x00007ff60f17b402 (Unity) asio::detail::completion_handler<core::mutable_function<void __cdecl(void)>,asio::io_context::basic_executor_type<std::allocator<void>,0> >::do_complete
0x00007ff60f1673ae (Unity) asio::detail::win_iocp_io_context::do_one
0x00007ff60f169014 (Unity) asio::detail::win_iocp_io_context::run
0x00007ff60f1797ac (Unity) IOService::Run
0x00007ff60f14d30f (Unity) AssetImportWorkerClient::Run
0x00007ff60f1181f7 (Unity) RunAssetImportWorkerClientV2
0x00007ff60f11827b (Unity) RunAssetImporterV2
0x00007ff60e918651 (Unity) Application::InitializeProject
0x00007ff60eda4875 (Unity) WinMain
0x00007ff61018765e (Unity) __scrt_common_main_seh
0x00007ffc8a7b7344 (KERNEL32) BaseThreadInitThunk
0x00007ffc8c3e26b1 (ntdll) RtlUserThreadStart

Refreshing native plugins compatible for Editor in 11.21 ms, found 9 plugins.
Native extension for WindowsStandalone target not found
Native extension for Android target not found
[Package Manager] Server::EnsureServerProcessIsRunning -- launch failed, reason: Unity was launched with the -noUpm command-line argument
[Package Manager] UpmClient::Send -- Unable to send message (not connected to UPM process).
[Package Manager] Cannot connect to Unity Package Manager local server
Mono: successfully reloaded assembly
[Package Manager] Server::EnsureServerProcessIsRunning -- launch failed, reason: Unity was launched with the -noUpm command-line argument
[Package Manager] UpmClient::Send -- Unable to send message (not connected to UPM process).
[Package Manager] Cannot connect to Unity Package Manager local server
- Finished resetting the current domain, in  1.248 seconds
Domain Reload Profiling: 1755ms
	BeginReloadAssembly (180ms)
		ExecutionOrderSort (0ms)
		DisableScriptedObjects (11ms)
		BackupInstance (0ms)
		ReleaseScriptingObjects (0ms)
		CreateAndSetChildDomain (41ms)
	RebuildCommonClasses (39ms)
	RebuildNativeTypeToScriptingClass (12ms)
	initialDomainReloadingComplete (28ms)
	LoadAllAssembliesAndSetupDomain (248ms)
		LoadAssemblies (322ms)
		RebuildTransferFunctionScriptingTraits (0ms)
		AnalyzeDomain (25ms)
			TypeCache.Refresh (8ms)
				TypeCache.ScanAssembly (0ms)
			ScanForSourceGeneratedMonoScriptInfo (0ms)
			ResolveRequiredComponents (16ms)
	FinalizeReload (1249ms)
		ReleaseScriptCaches (0ms)
		RebuildScriptCaches (0ms)
		SetupLoadedEditorAssemblies (563ms)
			LogAssemblyErrors (0ms)
			InitializePlatformSupportModulesInManaged (24ms)
			SetLoadedEditorAssemblies (3ms)
			RefreshPlugins (0ms)
			BeforeProcessingInitializeOnLoad (98ms)
			ProcessInitializeOnLoadAttributes (388ms)
			ProcessInitializeOnLoadMethodAttributes (46ms)
			AfterProcessingInitializeOnLoad (3ms)
			EditorAssembliesLoaded (1ms)
		ExecutionOrderSort2 (0ms)
		AwakeInstancesAfterBackupRestoration (25ms)
Multiple plugins with the same name 'libegl' (found at 'Assets/Ink/InkyEditor/swiftshader/libEGL.dll' and 'Assets/Ink/InkyEditor/libEGL.dll'). That means one or more plugins are set to be compatible with Editor. Only one plugin at the time can be used by Editor.
0x00007ff60ddb74dd (Unity) StackWalker::GetCurrentCallstack
0x00007ff60ddbc5a9 (Unity) StackWalker::ShowCallstack
0x00007ff60ed9a091 (Unity) GetStacktrace
0x00007ff60f4542ce (Unity) DebugStringToFile
0x00007ff60e94900d (Unity) PluginManager::AddPluginPath
0x00007ff60e957711 (Unity) PluginManager::RefreshPlugins
0x00007ff60f1410f6 (Unity) <lambda_b37b41f03089e3cb3f55061bbc93253d>::operator()
0x00007ff60f17b402 (Unity) asio::detail::completion_handler<core::mutable_function<void __cdecl(void)>,asio::io_context::basic_executor_type<std::allocator<void>,0> >::do_complete
0x00007ff60f1673ae (Unity) asio::detail::win_iocp_io_context::do_one
0x00007ff60f169014 (Unity) asio::detail::win_iocp_io_context::run
0x00007ff60f1797ac (Unity) IOService::Run
0x00007ff60f14d30f (Unity) AssetImportWorkerClient::Run
0x00007ff60f1181f7 (Unity) RunAssetImportWorkerClientV2
0x00007ff60f11827b (Unity) RunAssetImporterV2
0x00007ff60e918651 (Unity) Application::InitializeProject
0x00007ff60eda4875 (Unity) WinMain
0x00007ff61018765e (Unity) __scrt_common_main_seh
0x00007ffc8a7b7344 (KERNEL32) BaseThreadInitThunk
0x00007ffc8c3e26b1 (ntdll) RtlUserThreadStart

Multiple plugins with the same name 'libglesv2' (found at 'Assets/Ink/InkyEditor/swiftshader/libGLESv2.dll' and 'Assets/Ink/InkyEditor/libGLESv2.dll'). That means one or more plugins are set to be compatible with Editor. Only one plugin at the time can be used by Editor.
0x00007ff60ddb74dd (Unity) StackWalker::GetCurrentCallstack
0x00007ff60ddbc5a9 (Unity) StackWalker::ShowCallstack
0x00007ff60ed9a091 (Unity) GetStacktrace
0x00007ff60f4542ce (Unity) DebugStringToFile
0x00007ff60e94900d (Unity) PluginManager::AddPluginPath
0x00007ff60e957711 (Unity) PluginManager::RefreshPlugins
0x00007ff60f1410f6 (Unity) <lambda_b37b41f03089e3cb3f55061bbc93253d>::operator()
0x00007ff60f17b402 (Unity) asio::detail::completion_handler<core::mutable_function<void __cdecl(void)>,asio::io_context::basic_executor_type<std::allocator<void>,0> >::do_complete
0x00007ff60f1673ae (Unity) asio::detail::win_iocp_io_context::do_one
0x00007ff60f169014 (Unity) asio::detail::win_iocp_io_context::run
0x00007ff60f1797ac (Unity) IOService::Run
0x00007ff60f14d30f (Unity) AssetImportWorkerClient::Run
0x00007ff60f1181f7 (Unity) RunAssetImportWorkerClientV2
0x00007ff60f11827b (Unity) RunAssetImporterV2
0x00007ff60e918651 (Unity) Application::InitializeProject
0x00007ff60eda4875 (Unity) WinMain
0x00007ff61018765e (Unity) __scrt_common_main_seh
0x00007ffc8a7b7344 (KERNEL32) BaseThreadInitThunk
0x00007ffc8c3e26b1 (ntdll) RtlUserThreadStart

Refreshing native plugins compatible for Editor in 16.06 ms, found 9 plugins.
Preloading 0 native plugins for Editor in 0.00 ms.
Unloading 5481 Unused Serialized files (Serialized files now loaded: 0)
Unloading 56 unused Assets / (46.7 KB). Loaded Objects now: 5966.
Memory consumption went from 183.3 MB to 183.3 MB.
Total: 6.264700 ms (FindLiveObjects: 0.556100 ms CreateObjectMapping: 0.739000 ms MarkObjects: 4.862900 ms  DeleteObjects: 0.104900 ms)

Prepare: number of updated asset objects reloaded= 0
AssetImportParameters requested are different than current active one (requested -> active):
  custom:container-demuxer-ogg: 62fdf1f143b41e24485cea50d1cbac27 -> 
  custom:video-decoder-ogg-theora: a1e56fd34408186e4bbccfd4996cb3dc -> 
  custom:framework-win-MediaFoundation: 216162199b28c13a410421893ffa2e32 -> 
  custom:CustomObjectIndexerAttribute: 9a22284fe3817be447336de3de66b15e -> 
  custom:container-demuxer-webm: 4f35f7cbe854078d1ac9338744f61a02 -> 
  custom:container-muxer-webm: aa71ff27fc2769a1b78a27578f13a17b -> 
  custom:video-decoder-webm-vp8: 9c59270c3fd7afecdb556c50c9e8de78 -> 
  custom:SearchIndexIgnoredProperties: e643bd26f0fe6173181afceb89e7c659 -> 
  custom:AudioImporter_EditorPlatform: d09bf68614088b80899f8185d706f6e7 -> 
  custom:video-encoder-webm-vp8: eb34c28f22e8b96e1ab97ce403110664 -> 
  custom:audio-decoder-ogg-vorbis: bf7c407c2cedff20999df2af8eb42d56 -> 
  custom:audio-encoder-webm-vorbis: bf7c407c2cedff20999df2af8eb42d56 -> 
