Using pre-set license
Built from '2022.3/staging' branch; Version is '2022.3.23f1 (dbb3f7c5b5c6) revision 14398455'; Using compiler version '192829333'; Build Type 'Release'
OS: 'Windows 10  (10.0.19045) 64bit Core' Language: 'en' Physical Memory: 16223 MB
BatchMode: 1, IsHumanControllingUs: 0, StartBugReporterOnCrash: 0, Is64bit: 1, IsPro: 1

COMMAND LINE ARGUMENTS:
D:\Unity\2022.3.23f1\Editor\Unity.exe
-adb2
-batchMode
-noUpm
-name
AssetImportWorker0
-projectPath
D:/Repo/Unity 2D/GreatGame/GreatGame
-logFile
Logs/AssetImportWorker0.log
-srvPort
61998
Successfully changed project path to: D:/Repo/Unity 2D/GreatGame/GreatGame
D:/Repo/Unity 2D/GreatGame/GreatGame
[UnityMemory] Configuration Parameters - Can be set up in boot.config
    "memorysetup-bucket-allocator-granularity=16"
    "memorysetup-bucket-allocator-bucket-count=8"
    "memorysetup-bucket-allocator-block-size=33554432"
    "memorysetup-bucket-allocator-block-count=8"
    "memorysetup-main-allocator-block-size=16777216"
    "memorysetup-thread-allocator-block-size=16777216"
    "memorysetup-gfx-main-allocator-block-size=16777216"
    "memorysetup-gfx-thread-allocator-block-size=16777216"
    "memorysetup-cache-allocator-block-size=4194304"
    "memorysetup-typetree-allocator-block-size=2097152"
    "memorysetup-profiler-bucket-allocator-granularity=16"
    "memorysetup-profiler-bucket-allocator-bucket-count=8"
    "memorysetup-profiler-bucket-allocator-block-size=33554432"
    "memorysetup-profiler-bucket-allocator-block-count=8"
    "memorysetup-profiler-allocator-block-size=16777216"
    "memorysetup-profiler-editor-allocator-block-size=1048576"
    "memorysetup-temp-allocator-size-main=16777216"
    "memorysetup-job-temp-allocator-block-size=2097152"
    "memorysetup-job-temp-allocator-block-size-background=1048576"
    "memorysetup-job-temp-allocator-reduction-small-platforms=262144"
    "memorysetup-allocator-temp-initial-block-size-main=262144"
    "memorysetup-allocator-temp-initial-block-size-worker=262144"
    "memorysetup-temp-allocator-size-background-worker=32768"
    "memorysetup-temp-allocator-size-job-worker=262144"
    "memorysetup-temp-allocator-size-preload-manager=33554432"
    "memorysetup-temp-allocator-size-nav-mesh-worker=65536"
    "memorysetup-temp-allocator-size-audio-worker=65536"
    "memorysetup-temp-allocator-size-cloud-worker=32768"
    "memorysetup-temp-allocator-size-gi-baking-worker=262144"
    "memorysetup-temp-allocator-size-gfx=262144"
Player connection [20252] Host "[IP] 192.168.55.224 [Port] 0 [Flags] 2 [Guid] 2974416251 [EditorId] 2974416251 [Version] 1048832 [Id] WindowsEditor(7,DESKTOP-DF66KB0) [Debug] 1 [PackageName] WindowsEditor [ProjectName] Editor" joined multi-casting on [225.0.0.222:54997]...

Player connection [20252] Host "[IP] 192.168.55.224 [Port] 0 [Flags] 2 [Guid] 2974416251 [EditorId] 2974416251 [Version] 1048832 [Id] WindowsEditor(7,DESKTOP-DF66KB0) [Debug] 1 [PackageName] WindowsEditor [ProjectName] Editor" joined alternative multi-casting on [225.0.0.222:34997]...

[Physics::Module] Initialized MultithreadedJobDispatcher with 11 workers.
Refreshing native plugins compatible for Editor in 19.81 ms, found 4 plugins.
Preloading 0 native plugins for Editor in 0.00 ms.
Initialize engine version: 2022.3.23f1 (dbb3f7c5b5c6)
[Subsystems] Discovering subsystems at path D:/Unity/2022.3.23f1/Editor/Data/Resources/UnitySubsystems
[Subsystems] Discovering subsystems at path D:/Repo/Unity 2D/GreatGame/GreatGame/Assets
GfxDevice: creating device client; threaded=0; jobified=0
Direct3D:
    Version:  Direct3D 11.0 [level 11.1]
    Renderer: NVIDIA GeForce GTX 1660 SUPER (ID=0x21c4)
    Vendor:   NVIDIA
    VRAM:     5980 MB
    Driver:   31.0.15.3699
Initialize mono
Mono path[0] = 'D:/Unity/2022.3.23f1/Editor/Data/Managed'
Mono path[1] = 'D:/Unity/2022.3.23f1/Editor/Data/MonoBleedingEdge/lib/mono/unityjit-win32'
Mono config path = 'D:/Unity/2022.3.23f1/Editor/Data/MonoBleedingEdge/etc'
Using monoOptions --debugger-agent=transport=dt_socket,embedding=1,server=y,suspend=n,address=127.0.0.1:56160
Begin MonoManager ReloadAssembly
Registering precompiled unity dll's ...
Register platform support module: D:/Unity/2022.3.23f1/Editor/Data/PlaybackEngines/AndroidPlayer/UnityEditor.Android.Extensions.dll
Register platform support module: D:/Unity/2022.3.23f1/Editor/Data/PlaybackEngines/WindowsStandaloneSupport/UnityEditor.WindowsStandalone.Extensions.dll
Registered in 0.005394 seconds.
- Loaded All Assemblies, in  0.405 seconds
Native extension for WindowsStandalone target not found
Native extension for Android target not found
Android Extension - Scanning For ADB Devices 287 ms
Mono: successfully reloaded assembly
- Finished resetting the current domain, in  0.621 seconds
Domain Reload Profiling: 1026ms
	BeginReloadAssembly (143ms)
		ExecutionOrderSort (0ms)
		DisableScriptedObjects (0ms)
		BackupInstance (0ms)
		ReleaseScriptingObjects (0ms)
		CreateAndSetChildDomain (1ms)
	RebuildCommonClasses (39ms)
	RebuildNativeTypeToScriptingClass (11ms)
	initialDomainReloadingComplete (53ms)
	LoadAllAssembliesAndSetupDomain (157ms)
		LoadAssemblies (143ms)
		RebuildTransferFunctionScriptingTraits (0ms)
		AnalyzeDomain (154ms)
			TypeCache.Refresh (153ms)
				TypeCache.ScanAssembly (139ms)
			ScanForSourceGeneratedMonoScriptInfo (0ms)
			ResolveRequiredComponents (0ms)
	FinalizeReload (622ms)
		ReleaseScriptCaches (0ms)
		RebuildScriptCaches (0ms)
		SetupLoadedEditorAssemblies (565ms)
			LogAssemblyErrors (0ms)
			InitializePlatformSupportModulesInManaged (391ms)
			SetLoadedEditorAssemblies (4ms)
			RefreshPlugins (0ms)
			BeforeProcessingInitializeOnLoad (2ms)
			ProcessInitializeOnLoadAttributes (117ms)
			ProcessInitializeOnLoadMethodAttributes (52ms)
			AfterProcessingInitializeOnLoad (0ms)
			EditorAssembliesLoaded (0ms)
		ExecutionOrderSort2 (0ms)
		AwakeInstancesAfterBackupRestoration (0ms)
========================================================================
Worker process is ready to serve import requests
Begin MonoManager ReloadAssembly
- Loaded All Assemblies, in  0.699 seconds
Refreshing native plugins compatible for Editor in 5.75 ms, found 4 plugins.
Native extension for WindowsStandalone target not found
Native extension for Android target not found
Package Manager log level set to [2]
[Package Manager] Server::EnsureServerProcessIsRunning -- launch failed, reason: Unity was launched with the -noUpm command-line argument
[Package Manager] UpmClient::Send -- Unable to send message (not connected to UPM process).
[Package Manager] Cannot connect to Unity Package Manager local server
Mono: successfully reloaded assembly
[Package Manager] Server::EnsureServerProcessIsRunning -- launch failed, reason: Unity was launched with the -noUpm command-line argument
[Package Manager] UpmClient::Send -- Unable to send message (not connected to UPM process).
[Package Manager] Cannot connect to Unity Package Manager local server
[Package Manager] Server::EnsureServerProcessIsRunning -- launch failed, reason: Unity was launched with the -noUpm command-line argument
[Package Manager] UpmClient::Send -- Unable to send message (not connected to UPM process).
[Package Manager] Cannot connect to Unity Package Manager local server
- Finished resetting the current domain, in  0.658 seconds
Domain Reload Profiling: 1357ms
	BeginReloadAssembly (153ms)
		ExecutionOrderSort (0ms)
		DisableScriptedObjects (5ms)
		BackupInstance (0ms)
		ReleaseScriptingObjects (0ms)
		CreateAndSetChildDomain (21ms)
	RebuildCommonClasses (33ms)
	RebuildNativeTypeToScriptingClass (11ms)
	initialDomainReloadingComplete (38ms)
	LoadAllAssembliesAndSetupDomain (463ms)
		LoadAssemblies (332ms)
		RebuildTransferFunctionScriptingTraits (0ms)
		AnalyzeDomain (227ms)
			TypeCache.Refresh (181ms)
				TypeCache.ScanAssembly (161ms)
			ScanForSourceGeneratedMonoScriptInfo (32ms)
			ResolveRequiredComponents (14ms)
	FinalizeReload (659ms)
		ReleaseScriptCaches (0ms)
		RebuildScriptCaches (0ms)
		SetupLoadedEditorAssemblies (469ms)
			LogAssemblyErrors (0ms)
			InitializePlatformSupportModulesInManaged (23ms)
			SetLoadedEditorAssemblies (6ms)
			RefreshPlugins (0ms)
			BeforeProcessingInitializeOnLoad (69ms)
			ProcessInitializeOnLoadAttributes (331ms)
			ProcessInitializeOnLoadMethodAttributes (39ms)
			AfterProcessingInitializeOnLoad (2ms)
			EditorAssembliesLoaded (0ms)
		ExecutionOrderSort2 (0ms)
		AwakeInstancesAfterBackupRestoration (13ms)
Launched and connected shader compiler UnityShaderCompiler.exe after 0.04 seconds
Refreshing native plugins compatible for Editor in 9.58 ms, found 4 plugins.
Preloading 0 native plugins for Editor in 0.00 ms.
Unloading 5453 Unused Serialized files (Serialized files now loaded: 0)
Unloading 114 unused Assets / (68.8 KB). Loaded Objects now: 5904.
Memory consumption went from 178.4 MB to 178.3 MB.
Total: 4.032400 ms (FindLiveObjects: 0.449200 ms CreateObjectMapping: 0.499700 ms MarkObjects: 2.936500 ms  DeleteObjects: 0.146300 ms)

AssetImportParameters requested are different than current active one (requested -> active):
  custom:container-demuxer-ogg: 62fdf1f143b41e24485cea50d1cbac27 -> 
  custom:video-decoder-ogg-theora: a1e56fd34408186e4bbccfd4996cb3dc -> 
  custom:framework-win-MediaFoundation: 216162199b28c13a410421893ffa2e32 -> 
  custom:CustomObjectIndexerAttribute: 9a22284fe3817be447336de3de66b15e -> 
  custom:container-demuxer-webm: 4f35f7cbe854078d1ac9338744f61a02 -> 
  custom:container-muxer-webm: aa71ff27fc2769a1b78a27578f13a17b -> 
  custom:video-decoder-webm-vp8: 9c59270c3fd7afecdb556c50c9e8de78 -> 
  custom:SearchIndexIgnoredProperties: e643bd26f0fe6173181afceb89e7c659 -> 
  custom:AudioImporter_EditorPlatform: d09bf68614088b80899f8185d706f6e7 -> 
  custom:video-encoder-webm-vp8: eb34c28f22e8b96e1ab97ce403110664 -> 
  custom:audio-decoder-ogg-vorbis: bf7c407c2cedff20999df2af8eb42d56 -> 
  custom:audio-encoder-webm-vorbis: bf7c407c2cedff20999df2af8eb42d56 -> 
========================================================================
Received Import Request.
  Time since last request: 337219.540337 seconds.
  path: Assets/Ink/Editor
  artifactKey: Guid(68ec26d182ed34567bc7d90ad6bba5fc) Importer(815301076,1909f56bfc062723c751e8b465ee728b)
Start importing Assets/Ink/Editor using Guid(68ec26d182ed34567bc7d90ad6bba5fc) Importer(815301076,1909f56bfc062723c751e8b465ee728b)  -> (artifact id: 'f1ed550654bace1829eab864d8126944') in 0.002171 seconds
Number of updated asset objects reloaded before import = 0
Number of asset objects unloaded after import = 0
========================================================================
Received Import Request.
  Time since last request: 4.385550 seconds.
  path: Assets/Ink/Editor/Tools
  artifactKey: Guid(2133ac13add5b174fa32b501b82a114f) Importer(815301076,1909f56bfc062723c751e8b465ee728b)
Start importing Assets/Ink/Editor/Tools using Guid(2133ac13add5b174fa32b501b82a114f) Importer(815301076,1909f56bfc062723c751e8b465ee728b)  -> (artifact id: '9180c45838eb11da35f9dda4b11c1220') in 0.000408 seconds
Number of updated asset objects reloaded before import = 0
Number of asset objects unloaded after import = 0
========================================================================
Received Import Request.
  Time since last request: 13.593838 seconds.
  path: Assets/Ink/InkLibs/InkRuntime
  artifactKey: Guid(406dd232c197f8347a67a9e9eeb89e2b) Importer(815301076,1909f56bfc062723c751e8b465ee728b)
Start importing Assets/Ink/InkLibs/InkRuntime using Guid(406dd232c197f8347a67a9e9eeb89e2b) Importer(815301076,1909f56bfc062723c751e8b465ee728b)  -> (artifact id: '46d765c9bd1cb29d79368c892b48f9c2') in 0.000464 seconds
Number of updated asset objects reloaded before import = 0
Number of asset objects unloaded after import = 0
========================================================================
Received Import Request.
  Time since last request: 2.898317 seconds.
  path: Assets/Ink/Editor/Core
  artifactKey: Guid(590f15c431c61ee46bced395763bb375) Importer(815301076,1909f56bfc062723c751e8b465ee728b)
Start importing Assets/Ink/Editor/Core using Guid(590f15c431c61ee46bced395763bb375) Importer(815301076,1909f56bfc062723c751e8b465ee728b)  -> (artifact id: 'd971bea2641870964082d4f431cd8682') in 0.000448 seconds
Number of updated asset objects reloaded before import = 0
Number of asset objects unloaded after import = 0
========================================================================
Received Import Request.
  Time since last request: 3.353391 seconds.
  path: Assets/Ink/Editor/Tools/Build Validation
  artifactKey: Guid(39ee3bcd699e5a748ae4bcc889c046e6) Importer(815301076,1909f56bfc062723c751e8b465ee728b)
Start importing Assets/Ink/Editor/Tools/Build Validation using Guid(39ee3bcd699e5a748ae4bcc889c046e6) Importer(815301076,1909f56bfc062723c751e8b465ee728b)  -> (artifact id: '6661af12d1b1f961998ef0556ed97bd9') in 0.000655 seconds
Number of updated asset objects reloaded before import = 0
Number of asset objects unloaded after import = 0
========================================================================
Received Import Request.
  Time since last request: 401.402957 seconds.
  path: Assets/Ink/InkyEditor
  artifactKey: Guid(6a1f74c24782e85468e6bed46c57d2fb) Importer(815301076,1909f56bfc062723c751e8b465ee728b)
Start importing Assets/Ink/InkyEditor using Guid(6a1f74c24782e85468e6bed46c57d2fb) Importer(815301076,1909f56bfc062723c751e8b465ee728b)  -> (artifact id: '787d1afc52950f78bb567daaa7e04533') in 0.000623 seconds
Number of updated asset objects reloaded before import = 0
Number of asset objects unloaded after import = 0
========================================================================
Received Import Request.
  Time since last request: 4.812635 seconds.
  path: Assets/DialogueFiles
  artifactKey: Guid(ea3ba28fb0863f344b2947852cb5a2a5) Importer(815301076,1909f56bfc062723c751e8b465ee728b)
Start importing Assets/DialogueFiles using Guid(ea3ba28fb0863f344b2947852cb5a2a5) Importer(815301076,1909f56bfc062723c751e8b465ee728b)  -> (artifact id: 'b230a22adb8e21c4dc62dd97844143bc') in 0.000424 seconds
Number of updated asset objects reloaded before import = 0
Number of asset objects unloaded after import = 0
========================================================================
Received Import Request.
  Time since last request: 0.657916 seconds.
  path: Assets/DialogueFiles/Prologue
  artifactKey: Guid(90f0b93f1cb5e164f811f8f71883f1b0) Importer(815301076,1909f56bfc062723c751e8b465ee728b)
Start importing Assets/DialogueFiles/Prologue using Guid(90f0b93f1cb5e164f811f8f71883f1b0) Importer(815301076,1909f56bfc062723c751e8b465ee728b)  -> (artifact id: '8896032a4b6b9e7b3a06b06b6a474ac3') in 0.000390 seconds
Number of updated asset objects reloaded before import = 0
Number of asset objects unloaded after import = 0
========================================================================
Received Import Request.
  Time since last request: 0.558534 seconds.
  path: Assets/DialogueFiles/Prologue/Section1
  artifactKey: Guid(082b79b09af35014aa6cf8110c917c36) Importer(815301076,1909f56bfc062723c751e8b465ee728b)
Start importing Assets/DialogueFiles/Prologue/Section1 using Guid(082b79b09af35014aa6cf8110c917c36) Importer(815301076,1909f56bfc062723c751e8b465ee728b)  -> (artifact id: '143531ab1cae75eb16852bcef644a427') in 0.000445 seconds
Number of updated asset objects reloaded before import = 0
Number of asset objects unloaded after import = 0
========================================================================
Received Import Request.
  Time since last request: 0.966197 seconds.
  path: Assets/DialogueFiles/Prologue/Section1/Prologue_Section1.json
  artifactKey: Guid(589a8f1e2a358604488d6ddf15a6dff8) Importer(815301076,1909f56bfc062723c751e8b465ee728b)
Start importing Assets/DialogueFiles/Prologue/Section1/Prologue_Section1.json using Guid(589a8f1e2a358604488d6ddf15a6dff8) Importer(815301076,1909f56bfc062723c751e8b465ee728b)  -> (artifact id: '9e7932dad4c5a690d71412a95a32bee4') in 0.011284 seconds
Number of updated asset objects reloaded before import = 0
Number of asset objects unloaded after import = 1
========================================================================
Received Prepare
Begin MonoManager ReloadAssembly
- Loaded All Assemblies, in  1.065 seconds
Multiple plugins with the same name 'libegl' (found at 'Assets/Ink/InkyEditor/swiftshader/libEGL.dll' and 'Assets/Ink/InkyEditor/libEGL.dll'). That means one or more plugins are set to be compatible with Editor. Only one plugin at the time can be used by Editor.
0x00007ff60ddb74dd (Unity) StackWalker::GetCurrentCallstack
0x00007ff60ddbc5a9 (Unity) StackWalker::ShowCallstack
0x00007ff60ed9a091 (Unity) GetStacktrace
0x00007ff60f4542ce (Unity) DebugStringToFile
0x00007ff60e94900d (Unity) PluginManager::AddPluginPath
0x00007ff60e957711 (Unity) PluginManager::RefreshPlugins
0x00007ff60f093873 (Unity) ScriptingInitializer::FinalizeReload
0x00007ff60ec3f83b (Unity) LoadUserAssemblies
0x00007ff60f141075 (Unity) <lambda_b37b41f03089e3cb3f55061bbc93253d>::operator()
0x00007ff60f17b402 (Unity) asio::detail::completion_handler<core::mutable_function<void __cdecl(void)>,asio::io_context::basic_executor_type<std::allocator<void>,0> >::do_complete
0x00007ff60f1673ae (Unity) asio::detail::win_iocp_io_context::do_one
0x00007ff60f169014 (Unity) asio::detail::win_iocp_io_context::run
0x00007ff60f1797ac (Unity) IOService::Run
0x00007ff60f14d30f (Unity) AssetImportWorkerClient::Run
0x00007ff60f1181f7 (Unity) RunAssetImportWorkerClientV2
0x00007ff60f11827b (Unity) RunAssetImporterV2
0x00007ff60e918651 (Unity) Application::InitializeProject
0x00007ff60eda4875 (Unity) WinMain
0x00007ff61018765e (Unity) __scrt_common_main_seh
0x00007ffc8a7b7344 (KERNEL32) BaseThreadInitThunk
0x00007ffc8c3e26b1 (ntdll) RtlUserThreadStart

Multiple plugins with the same name 'libglesv2' (found at 'Assets/Ink/InkyEditor/swiftshader/libGLESv2.dll' and 'Assets/Ink/InkyEditor/libGLESv2.dll'). That means one or more plugins are set to be compatible with Editor. Only one plugin at the time can be used by Editor.
0x00007ff60ddb74dd (Unity) StackWalker::GetCurrentCallstack
0x00007ff60ddbc5a9 (Unity) StackWalker::ShowCallstack
0x00007ff60ed9a091 (Unity) GetStacktrace
0x00007ff60f4542ce (Unity) DebugStringToFile
0x00007ff60e94900d (Unity) PluginManager::AddPluginPath
0x00007ff60e957711 (Unity) PluginManager::RefreshPlugins
0x00007ff60f093873 (Unity) ScriptingInitializer::FinalizeReload
0x00007ff60ec3f83b (Unity) LoadUserAssemblies
0x00007ff60f141075 (Unity) <lambda_b37b41f03089e3cb3f55061bbc93253d>::operator()
0x00007ff60f17b402 (Unity) asio::detail::completion_handler<core::mutable_function<void __cdecl(void)>,asio::io_context::basic_executor_type<std::allocator<void>,0> >::do_complete
0x00007ff60f1673ae (Unity) asio::detail::win_iocp_io_context::do_one
0x00007ff60f169014 (Unity) asio::detail::win_iocp_io_context::run
0x00007ff60f1797ac (Unity) IOService::Run
0x00007ff60f14d30f (Unity) AssetImportWorkerClient::Run
0x00007ff60f1181f7 (Unity) RunAssetImportWorkerClientV2
0x00007ff60f11827b (Unity) RunAssetImporterV2
0x00007ff60e918651 (Unity) Application::InitializeProject
0x00007ff60eda4875 (Unity) WinMain
0x00007ff61018765e (Unity) __scrt_common_main_seh
0x00007ffc8a7b7344 (KERNEL32) BaseThreadInitThunk
0x00007ffc8c3e26b1 (ntdll) RtlUserThreadStart

Refreshing native plugins compatible for Editor in 880.96 ms, found 9 plugins.
Native extension for WindowsStandalone target not found
Native extension for Android target not found
[Package Manager] Server::EnsureServerProcessIsRunning -- launch failed, reason: Unity was launched with the -noUpm command-line argument
[Package Manager] UpmClient::Send -- Unable to send message (not connected to UPM process).
[Package Manager] Cannot connect to Unity Package Manager local server
Mono: successfully reloaded assembly
[Package Manager] Server::EnsureServerProcessIsRunning -- launch failed, reason: Unity was launched with the -noUpm command-line argument
[Package Manager] UpmClient::Send -- Unable to send message (not connected to UPM process).
[Package Manager] Cannot connect to Unity Package Manager local server
- Finished resetting the current domain, in  3.602 seconds
Domain Reload Profiling: 4665ms
	BeginReloadAssembly (405ms)
		ExecutionOrderSort (0ms)
		DisableScriptedObjects (39ms)
		BackupInstance (0ms)
		ReleaseScriptingObjects (0ms)
		CreateAndSetChildDomain (147ms)
	RebuildCommonClasses (55ms)
	RebuildNativeTypeToScriptingClass (18ms)
	initialDomainReloadingComplete (47ms)
	LoadAllAssembliesAndSetupDomain (537ms)
		LoadAssemblies (637ms)
		RebuildTransferFunctionScriptingTraits (0ms)
		AnalyzeDomain (66ms)
			TypeCache.Refresh (24ms)
				TypeCache.ScanAssembly (1ms)
			ScanForSourceGeneratedMonoScriptInfo (19ms)
			ResolveRequiredComponents (21ms)
	FinalizeReload (3603ms)
		ReleaseScriptCaches (0ms)
		RebuildScriptCaches (0ms)
		SetupLoadedEditorAssemblies (653ms)
			LogAssemblyErrors (0ms)
			InitializePlatformSupportModulesInManaged (38ms)
			SetLoadedEditorAssemblies (5ms)
			RefreshPlugins (0ms)
			BeforeProcessingInitializeOnLoad (97ms)
			ProcessInitializeOnLoadAttributes (452ms)
			ProcessInitializeOnLoadMethodAttributes (55ms)
			AfterProcessingInitializeOnLoad (5ms)
			EditorAssembliesLoaded (1ms)
		ExecutionOrderSort2 (0ms)
		AwakeInstancesAfterBackupRestoration (30ms)
Multiple plugins with the same name 'libegl' (found at 'Assets/Ink/InkyEditor/swiftshader/libEGL.dll' and 'Assets/Ink/InkyEditor/libEGL.dll'). That means one or more plugins are set to be compatible with Editor. Only one plugin at the time can be used by Editor.
0x00007ff60ddb74dd (Unity) StackWalker::GetCurrentCallstack
0x00007ff60ddbc5a9 (Unity) StackWalker::ShowCallstack
0x00007ff60ed9a091 (Unity) GetStacktrace
0x00007ff60f4542ce (Unity) DebugStringToFile
0x00007ff60e94900d (Unity) PluginManager::AddPluginPath
0x00007ff60e957711 (Unity) PluginManager::RefreshPlugins
0x00007ff60f1410f6 (Unity) <lambda_b37b41f03089e3cb3f55061bbc93253d>::operator()
0x00007ff60f17b402 (Unity) asio::detail::completion_handler<core::mutable_function<void __cdecl(void)>,asio::io_context::basic_executor_type<std::allocator<void>,0> >::do_complete
0x00007ff60f1673ae (Unity) asio::detail::win_iocp_io_context::do_one
0x00007ff60f169014 (Unity) asio::detail::win_iocp_io_context::run
0x00007ff60f1797ac (Unity) IOService::Run
0x00007ff60f14d30f (Unity) AssetImportWorkerClient::Run
0x00007ff60f1181f7 (Unity) RunAssetImportWorkerClientV2
0x00007ff60f11827b (Unity) RunAssetImporterV2
0x00007ff60e918651 (Unity) Application::InitializeProject
0x00007ff60eda4875 (Unity) WinMain
0x00007ff61018765e (Unity) __scrt_common_main_seh
0x00007ffc8a7b7344 (KERNEL32) BaseThreadInitThunk
0x00007ffc8c3e26b1 (ntdll) RtlUserThreadStart

Multiple plugins with the same name 'libglesv2' (found at 'Assets/Ink/InkyEditor/swiftshader/libGLESv2.dll' and 'Assets/Ink/InkyEditor/libGLESv2.dll'). That means one or more plugins are set to be compatible with Editor. Only one plugin at the time can be used by Editor.
0x00007ff60ddb74dd (Unity) StackWalker::GetCurrentCallstack
0x00007ff60ddbc5a9 (Unity) StackWalker::ShowCallstack
0x00007ff60ed9a091 (Unity) GetStacktrace
0x00007ff60f4542ce (Unity) DebugStringToFile
0x00007ff60e94900d (Unity) PluginManager::AddPluginPath
0x00007ff60e957711 (Unity) PluginManager::RefreshPlugins
0x00007ff60f1410f6 (Unity) <lambda_b37b41f03089e3cb3f55061bbc93253d>::operator()
0x00007ff60f17b402 (Unity) asio::detail::completion_handler<core::mutable_function<void __cdecl(void)>,asio::io_context::basic_executor_type<std::allocator<void>,0> >::do_complete
0x00007ff60f1673ae (Unity) asio::detail::win_iocp_io_context::do_one
0x00007ff60f169014 (Unity) asio::detail::win_iocp_io_context::run
0x00007ff60f1797ac (Unity) IOService::Run
0x00007ff60f14d30f (Unity) AssetImportWorkerClient::Run
0x00007ff60f1181f7 (Unity) RunAssetImportWorkerClientV2
0x00007ff60f11827b (Unity) RunAssetImporterV2
0x00007ff60e918651 (Unity) Application::InitializeProject
0x00007ff60eda4875 (Unity) WinMain
0x00007ff61018765e (Unity) __scrt_common_main_seh
0x00007ffc8a7b7344 (KERNEL32) BaseThreadInitThunk
0x00007ffc8c3e26b1 (ntdll) RtlUserThreadStart

Refreshing native plugins compatible for Editor in 19.10 ms, found 9 plugins.
Preloading 0 native plugins for Editor in 0.00 ms.
Unloading 5493 Unused Serialized files (Serialized files now loaded: 0)
Unloading 69 unused Assets / (0.7 MB). Loaded Objects now: 5944.
Memory consumption went from 181.9 MB to 181.2 MB.
Total: 6.977400 ms (FindLiveObjects: 0.991400 ms CreateObjectMapping: 1.006800 ms MarkObjects: 4.513300 ms  DeleteObjects: 0.464400 ms)

Prepare: number of updated asset objects reloaded= 0
AssetImportParameters requested are different than current active one (requested -> active):
  custom:container-demuxer-ogg: 62fdf1f143b41e24485cea50d1cbac27 -> 
  custom:video-decoder-ogg-theora: a1e56fd34408186e4bbccfd4996cb3dc -> 
  custom:framework-win-MediaFoundation: 216162199b28c13a410421893ffa2e32 -> 
  custom:CustomObjectIndexerAttribute: 9a22284fe3817be447336de3de66b15e -> 
  custom:container-demuxer-webm: 4f35f7cbe854078d1ac9338744f61a02 -> 
  custom:container-muxer-webm: aa71ff27fc2769a1b78a27578f13a17b -> 
  custom:video-decoder-webm-vp8: 9c59270c3fd7afecdb556c50c9e8de78 -> 
  custom:SearchIndexIgnoredProperties: e643bd26f0fe6173181afceb89e7c659 -> 
  custom:AudioImporter_EditorPlatform: d09bf68614088b80899f8185d706f6e7 -> 
  custom:video-encoder-webm-vp8: eb34c28f22e8b96e1ab97ce403110664 -> 
  custom:audio-decoder-ogg-vorbis: bf7c407c2cedff20999df2af8eb42d56 -> 
  custom:audio-encoder-webm-vorbis: bf7c407c2cedff20999df2af8eb42d56 -> 
========================================================================
Received Import Request.
  Time since last request: 19027.210698 seconds.
  path: Assets/Plugins/Pixel Crushers/Dialogue System/Dialogue Database.asset
  artifactKey: Guid(f106c00b6f3d3ae4ab028963bd3497fc) Importer(815301076,1909f56bfc062723c751e8b465ee728b)
Start importing Assets/Plugins/Pixel Crushers/Dialogue System/Dialogue Database.asset using Guid(f106c00b6f3d3ae4ab028963bd3497fc) Importer(815301076,1909f56bfc062723c751e8b465ee728b)  -> (artifact id: 'b5fb8ee1177d30b6e2628ac470a18f7a') in 0.171527 seconds
Number of updated asset objects reloaded before import = 0
Number of asset objects unloaded after import = 1
========================================================================
Received Import Request.
  Time since last request: 100.016391 seconds.
  path: Assets/Plugins/Pixel Crushers/Dialogue System/Prefabs/Standard UI Prefabs/Templates/Basic/Basic Standard Dialogue UI TMPro.prefab
  artifactKey: Guid(a5b4dc18ac65b8d4aa58af9b95d65f77) Importer(815301076,1909f56bfc062723c751e8b465ee728b)
Start importing Assets/Plugins/Pixel Crushers/Dialogue System/Prefabs/Standard UI Prefabs/Templates/Basic/Basic Standard Dialogue UI TMPro.prefab using Guid(a5b4dc18ac65b8d4aa58af9b95d65f77) Importer(815301076,1909f56bfc062723c751e8b465ee728b)  -> (artifact id: '21e0e53a2d181fcb723e0c819ca12625') in 0.213274 seconds
Number of updated asset objects reloaded before import = 0
Number of asset objects unloaded after import = 224
========================================================================
Received Import Request.
  Time since last request: 0.000017 seconds.
  path: Assets/TextMesh Pro/Shaders/TMPro_Surface.cginc
  artifactKey: Guid(d930090c0cd643c7b55f19a38538c162) Importer(815301076,1909f56bfc062723c751e8b465ee728b)
Start importing Assets/TextMesh Pro/Shaders/TMPro_Surface.cginc using Guid(d930090c0cd643c7b55f19a38538c162) Importer(815301076,1909f56bfc062723c751e8b465ee728b)  -> (artifact id: '9c686a485411b244d6b24147d7663491') in 0.001311 seconds
Number of updated asset objects reloaded before import = 0
Number of asset objects unloaded after import = 1
========================================================================
Received Import Request.
  Time since last request: 0.000021 seconds.
  path: Assets/TextMesh Pro/Shaders/TMPro.cginc
  artifactKey: Guid(407bc68d299748449bbf7f48ee690f8d) Importer(815301076,1909f56bfc062723c751e8b465ee728b)
Start importing Assets/TextMesh Pro/Shaders/TMPro.cginc using Guid(407bc68d299748449bbf7f48ee690f8d) Importer(815301076,1909f56bfc062723c751e8b465ee728b)  -> (artifact id: 'b2f603c20fc83149d951696e0b5ff78e') in 0.000868 seconds
Number of updated asset objects reloaded before import = 0
Number of asset objects unloaded after import = 1
========================================================================
Received Import Request.
  Time since last request: 0.000012 seconds.
  path: Assets/TextMesh Pro/Shaders/TMPro_Properties.cginc
  artifactKey: Guid(3997e2241185407d80309a82f9148466) Importer(815301076,1909f56bfc062723c751e8b465ee728b)
Start importing Assets/TextMesh Pro/Shaders/TMPro_Properties.cginc using Guid(3997e2241185407d80309a82f9148466) Importer(815301076,1909f56bfc062723c751e8b465ee728b)  -> (artifact id: 'fb17b39ab37ff5c4a0c347358e9d790f') in 0.000910 seconds
Number of updated asset objects reloaded before import = 0
Number of asset objects unloaded after import = 1
========================================================================
Received Import Request.
  Time since last request: 0.000012 seconds.
  path: Assets/TextMesh Pro/Shaders/TMPro_Mobile.cginc
  artifactKey: Guid(c334973cef89a9840b0b0c507e0377ab) Importer(815301076,1909f56bfc062723c751e8b465ee728b)
Start importing Assets/TextMesh Pro/Shaders/TMPro_Mobile.cginc using Guid(c334973cef89a9840b0b0c507e0377ab) Importer(815301076,1909f56bfc062723c751e8b465ee728b)  -> (artifact id: 'ed4948e3d3b156c358d774882348c13a') in 0.000870 seconds
Number of updated asset objects reloaded before import = 0
Number of asset objects unloaded after import = 1
Editor requested this worker to shutdown with reason: Scaling down because of idle timeout
TcpMessagingSession - receive error: operation aborted. errorcode: 995, details: The I/O operation has been aborted because of either a thread exit or an application request.
AssetImportWorker is now disconnected from the server
Process exiting
Exiting without the bug reporter. Application will terminate with return code 0